=== Fri 17 Jul 13:01:31 CEST 2026 ===
RAM_used: 159 MB
temp=53.7'C
CPU%: 3.0
=== Fri 17 Jul 13:02:01 CEST 2026 ===
RAM_used: 159 MB
temp=53.7'C
CPU%: 0.0
=== Fri 17 Jul 13:02:31 CEST 2026 ===
RAM_used: 159 MB
temp=53.2'C
CPU%: 2.0
=== Fri 17 Jul 13:03:02 CEST 2026 ===
RAM_used: 222 MB
temp=56.9'C
CPU%: 10.9
=== Fri 17 Jul 13:03:32 CEST 2026 ===
RAM_used: 481 MB
temp=60.1'C
CPU%: 4.2
=== Fri 17 Jul 13:04:02 CEST 2026 ===
RAM_used: 152 MB
temp=55.8'C
CPU%: 2.0
=== Fri 17 Jul 13:04:32 CEST 2026 ===
RAM_used: 152 MB
temp=54.8'C
CPU%: 2.0
=== Fri 17 Jul 13:05:03 CEST 2026 ===
RAM_used: 154 MB
temp=54.8'C
CPU%: 2.0
=== Fri 17 Jul 13:05:33 CEST 2026 ===
RAM_used: 155 MB
temp=53.7'C
CPU%: 4.0
=== Fri 17 Jul 13:06:03 CEST 2026 ===
RAM_used: 157 MB
temp=54.2'C
CPU%: 0.0
=== Fri 17 Jul 13:06:34 CEST 2026 ===
RAM_used: 158 MB
temp=53.7'C
CPU%: 0.0
=== Fri 17 Jul 13:07:04 CEST 2026 ===
RAM_used: 157 MB
temp=54.2'C
CPU%: 3.9
=== Fri 17 Jul 13:07:34 CEST 2026 ===
RAM_used: 158 MB
temp=53.7'C
CPU%: 4.0
=== Fri 17 Jul 13:08:05 CEST 2026 ===
RAM_used: 157 MB
temp=54.2'C
CPU%: 2.0
=== Fri 17 Jul 13:08:35 CEST 2026 ===
RAM_used: 158 MB
temp=53.7'C
CPU%: 0.0
=== Fri 17 Jul 13:09:05 CEST 2026 ===
RAM_used: 158 MB
temp=53.7'C
CPU%: 2.0
=== Fri 17 Jul 13:09:35 CEST 2026 ===
RAM_used: 158 MB
temp=53.7'C
CPU%: 2.0
=== Fri 17 Jul 13:10:06 CEST 2026 ===
RAM_used: 158 MB
temp=53.7'C
CPU%: 4.1
=== Fri 17 Jul 13:10:36 CEST 2026 ===
RAM_used: 158 MB
temp=53.7'C
CPU%: 2.0
=== Fri 17 Jul 13:11:06 CEST 2026 ===
RAM_used: 158 MB
temp=54.2'C
CPU%: 2.0
=== Fri 17 Jul 13:11:37 CEST 2026 ===
RAM_used: 158 MB
temp=53.7'C
CPU%: 2.0
=== Fri 17 Jul 13:12:07 CEST 2026 ===
RAM_used: 395 MB
temp=61.8'C
CPU%: 0.0
=== Fri 17 Jul 13:12:37 CEST 2026 ===
RAM_used: 478 MB
temp=63.4'C
CPU%: 26.1
=== Fri 17 Jul 13:13:07 CEST 2026 ===
RAM_used: 477 MB
temp=65.0'C
CPU%: 25.5
=== Fri 17 Jul 13:13:38 CEST 2026 ===
RAM_used: 478 MB
temp=66.6'C
CPU%: 27.7
=== Fri 17 Jul 13:14:08 CEST 2026 ===
RAM_used: 480 MB
temp=67.1'C
CPU%: 26.1
=== Fri 17 Jul 13:14:38 CEST 2026 ===
RAM_used: 476 MB
temp=67.7'C
CPU%: 26.1
=== Fri 17 Jul 13:15:09 CEST 2026 ===
RAM_used: 477 MB
temp=67.7'C
CPU%: 23.9
=== Fri 17 Jul 13:15:39 CEST 2026 ===
RAM_used: 479 MB
temp=68.2'C
CPU%: 28.3
=== Fri 17 Jul 13:16:09 CEST 2026 ===
RAM_used: 480 MB
temp=68.8'C
CPU%: 26.1
=== Fri 17 Jul 13:16:39 CEST 2026 ===
RAM_used: 480 MB
temp=68.8'C
CPU%: 25.5
=== Fri 17 Jul 13:17:10 CEST 2026 ===
RAM_used: 480 MB
temp=68.8'C
CPU%: 25.5
=== Fri 17 Jul 13:17:40 CEST 2026 ===
RAM_used: 481 MB
temp=69.3'C
CPU%: 26.1
=== Fri 17 Jul 13:18:10 CEST 2026 ===
RAM_used: 481 MB
temp=69.3'C
CPU%: 25.5
=== Fri 17 Jul 13:18:40 CEST 2026 ===
RAM_used: 482 MB
temp=69.8'C
CPU%: 27.7
=== Fri 17 Jul 13:19:11 CEST 2026 ===
RAM_used: 481 MB
temp=70.4'C
CPU%: 21.7
=== Fri 17 Jul 13:19:41 CEST 2026 ===
RAM_used: 481 MB
temp=70.4'C
CPU%: 27.1
=== Fri 17 Jul 13:20:11 CEST 2026 ===
RAM_used: 482 MB
temp=70.9'C
CPU%: 26.1
=== Fri 17 Jul 13:20:41 CEST 2026 ===
RAM_used: 481 MB
temp=70.4'C
CPU%: 24.4
=== Fri 17 Jul 13:21:12 CEST 2026 ===
RAM_used: 481 MB
temp=70.9'C
CPU%: 26.1
=== Fri 17 Jul 13:21:42 CEST 2026 ===
RAM_used: 481 MB
temp=70.9'C
CPU%: 27.7
=== Fri 17 Jul 13:22:12 CEST 2026 ===
RAM_used: 481 MB
temp=70.9'C
CPU%: 25.5
=== Fri 17 Jul 13:22:42 CEST 2026 ===
RAM_used: 147 MB
temp=63.4'C
CPU%: 2.0
=== Fri 17 Jul 13:23:13 CEST 2026 ===
RAM_used: 150 MB
temp=61.2'C
CPU%: 2.0
=== Fri 17 Jul 13:23:43 CEST 2026 ===
RAM_used: 152 MB
temp=60.1'C
CPU%: 0.0
=== Fri 17 Jul 13:24:13 CEST 2026 ===
RAM_used: 153 MB
temp=59.1'C
CPU%: 2.0
=== Fri 17 Jul 13:24:44 CEST 2026 ===
RAM_used: 153 MB
temp=58.0'C
CPU%: 2.0
=== Fri 17 Jul 13:25:14 CEST 2026 ===
RAM_used: 153 MB
temp=56.9'C
CPU%: 2.0
=== Fri 17 Jul 13:25:44 CEST 2026 ===
RAM_used: 154 MB
temp=58.0'C
CPU%: 0.0
=== Fri 17 Jul 13:26:15 CEST 2026 ===
RAM_used: 154 MB
temp=56.9'C
CPU%: 0.0
=== Fri 17 Jul 13:26:45 CEST 2026 ===
RAM_used: 154 MB
temp=56.9'C
CPU%: 0.0
=== Fri 17 Jul 13:27:15 CEST 2026 ===
RAM_used: 154 MB
temp=56.9'C
CPU%: 0.0
=== Fri 17 Jul 13:27:45 CEST 2026 ===
RAM_used: 156 MB
temp=56.9'C
CPU%: 4.0
=== Fri 17 Jul 13:28:16 CEST 2026 ===
RAM_used: 154 MB
temp=55.8'C
CPU%: 2.0
=== Fri 17 Jul 13:28:46 CEST 2026 ===
RAM_used: 155 MB
temp=56.4'C
CPU%: 3.9
=== Fri 17 Jul 13:29:16 CEST 2026 ===
RAM_used: 155 MB
temp=55.8'C
CPU%: 2.0
=== Fri 17 Jul 13:29:47 CEST 2026 ===
RAM_used: 155 MB
temp=55.8'C
CPU%: 2.0
=== Fri 17 Jul 13:30:17 CEST 2026 ===
RAM_used: 155 MB
temp=55.8'C
CPU%: 2.0
=== Fri 17 Jul 13:30:47 CEST 2026 ===
RAM_used: 155 MB
temp=55.8'C
CPU%: 0.0
=== Fri 17 Jul 13:31:18 CEST 2026 ===
RAM_used: 155 MB
temp=55.8'C
CPU%: 2.0
=== Fri 17 Jul 13:31:48 CEST 2026 ===
RAM_used: 155 MB
temp=55.8'C
CPU%: 0.0
=== Fri 17 Jul 13:32:18 CEST 2026 ===
RAM_used: 155 MB
temp=55.8'C
CPU%: 2.1
=== Fri 17 Jul 13:32:48 CEST 2026 ===
RAM_used: 155 MB
temp=55.8'C
CPU%: 0.0
=== Fri 17 Jul 13:33:19 CEST 2026 ===
RAM_used: 155 MB
temp=55.3'C
CPU%: 1.9
=== Fri 17 Jul 13:33:49 CEST 2026 ===
RAM_used: 155 MB
temp=54.8'C
CPU%: 2.0
=== Fri 17 Jul 13:34:19 CEST 2026 ===
RAM_used: 155 MB
temp=54.8'C
CPU%: 2.0
=== Fri 17 Jul 13:34:50 CEST 2026 ===
RAM_used: 156 MB
temp=54.8'C
CPU%: 2.0
=== Fri 17 Jul 13:35:20 CEST 2026 ===
RAM_used: 155 MB
temp=54.8'C
CPU%: 2.0
=== Fri 17 Jul 13:35:50 CEST 2026 ===
RAM_used: 154 MB
temp=54.2'C
CPU%: 0.0
=== Fri 17 Jul 13:36:21 CEST 2026 ===
RAM_used: 156 MB
temp=54.8'C
CPU%: 2.1
=== Fri 17 Jul 13:36:51 CEST 2026 ===
RAM_used: 156 MB
temp=54.8'C
CPU%: 2.0
=== Fri 17 Jul 13:37:21 CEST 2026 ===
RAM_used: 155 MB
temp=54.8'C
CPU%: 2.0
=== Fri 17 Jul 13:37:51 CEST 2026 ===
RAM_used: 157 MB
temp=54.8'C
CPU%: 3.9
=== Fri 17 Jul 13:38:22 CEST 2026 ===
RAM_used: 156 MB
temp=55.3'C
CPU%: 2.0
=== Fri 17 Jul 13:38:52 CEST 2026 ===
RAM_used: 155 MB
temp=54.2'C
CPU%: 2.0
=== Fri 17 Jul 13:39:22 CEST 2026 ===
RAM_used: 155 MB
temp=54.2'C
CPU%: 2.0
=== Fri 17 Jul 13:39:53 CEST 2026 ===
RAM_used: 156 MB
temp=55.3'C
CPU%: 0.0
=== Fri 17 Jul 13:40:23 CEST 2026 ===
RAM_used: 156 MB
temp=54.2'C
CPU%: 4.1
=== Fri 17 Jul 13:40:53 CEST 2026 ===
RAM_used: 155 MB
temp=53.7'C
CPU%: 4.1
=== Fri 17 Jul 13:41:24 CEST 2026 ===
RAM_used: 155 MB
temp=54.2'C
CPU%: 2.0
=== Fri 17 Jul 13:41:54 CEST 2026 ===
RAM_used: 154 MB
temp=53.7'C
CPU%: 3.9
=== Fri 17 Jul 13:42:24 CEST 2026 ===
RAM_used: 154 MB
temp=53.7'C
CPU%: 2.0
=== Fri 17 Jul 13:42:54 CEST 2026 ===
RAM_used: 153 MB
temp=53.7'C
CPU%: 4.0
=== Fri 17 Jul 13:43:25 CEST 2026 ===
RAM_used: 312 MB
temp=60.1'C
CPU%: 29.8
=== Fri 17 Jul 13:43:55 CEST 2026 ===
RAM_used: 475 MB
temp=62.8'C
CPU%: 27.7
=== Fri 17 Jul 13:44:25 CEST 2026 ===
RAM_used: 477 MB
temp=65.0'C
CPU%: 25.5
=== Fri 17 Jul 13:44:56 CEST 2026 ===
RAM_used: 478 MB
temp=65.5'C
CPU%: 26.1
=== Fri 17 Jul 13:45:26 CEST 2026 ===
RAM_used: 480 MB
temp=66.6'C
CPU%: 25.5
=== Fri 17 Jul 13:45:56 CEST 2026 ===
RAM_used: 480 MB
temp=67.7'C
CPU%: 26.1
=== Fri 17 Jul 13:46:26 CEST 2026 ===
RAM_used: 481 MB
temp=67.7'C
CPU%: 28.3
=== Fri 17 Jul 13:46:57 CEST 2026 ===
RAM_used: 480 MB
temp=67.7'C
CPU%: 26.1
=== Fri 17 Jul 13:47:27 CEST 2026 ===
RAM_used: 480 MB
temp=68.8'C
CPU%: 25.0
=== Fri 17 Jul 13:47:57 CEST 2026 ===
RAM_used: 480 MB
temp=68.2'C
CPU%: 27.7
=== Fri 17 Jul 13:48:27 CEST 2026 ===
RAM_used: 480 MB
temp=68.8'C
CPU%: 27.7
=== Fri 17 Jul 13:48:58 CEST 2026 ===
RAM_used: 480 MB
temp=69.3'C
CPU%: 25.5
=== Fri 17 Jul 13:49:28 CEST 2026 ===
RAM_used: 481 MB
temp=69.8'C
CPU%: 23.9
=== Fri 17 Jul 13:49:58 CEST 2026 ===
RAM_used: 483 MB
temp=69.8'C
CPU%: 27.1
=== Fri 17 Jul 13:50:28 CEST 2026 ===
RAM_used: 482 MB
temp=70.4'C
CPU%: 26.1
=== Fri 17 Jul 13:50:59 CEST 2026 ===
RAM_used: 483 MB
temp=69.8'C
CPU%: 25.5
=== Fri 17 Jul 13:51:29 CEST 2026 ===
RAM_used: 484 MB
temp=69.8'C
CPU%: 27.1
=== Fri 17 Jul 13:51:59 CEST 2026 ===
RAM_used: 483 MB
temp=69.8'C
CPU%: 25.5
=== Fri 17 Jul 13:52:29 CEST 2026 ===
RAM_used: 483 MB
temp=70.9'C
CPU%: 25.5
=== Fri 17 Jul 13:53:00 CEST 2026 ===
RAM_used: 484 MB
temp=70.9'C
CPU%: 28.3
=== Fri 17 Jul 13:53:30 CEST 2026 ===
RAM_used: 483 MB
temp=70.9'C
CPU%: 23.4
=== Fri 17 Jul 13:54:00 CEST 2026 ===
RAM_used: 154 MB
temp=65.5'C
CPU%: 2.0
=== Fri 17 Jul 13:54:31 CEST 2026 ===
RAM_used: 155 MB
temp=61.8'C
CPU%: 2.0
=== Fri 17 Jul 13:55:01 CEST 2026 ===
RAM_used: 155 MB
temp=60.1'C
CPU%: 4.0
=== Fri 17 Jul 13:55:31 CEST 2026 ===
RAM_used: 154 MB
temp=59.6'C
CPU%: 2.1
=== Fri 17 Jul 13:56:01 CEST 2026 ===
RAM_used: 155 MB
temp=59.1'C
CPU%: 2.0
=== Fri 17 Jul 13:56:32 CEST 2026 ===
RAM_used: 155 MB
temp=58.0'C
CPU%: 4.0
=== Fri 17 Jul 13:57:02 CEST 2026 ===
RAM_used: 155 MB
temp=57.5'C
CPU%: 2.0
=== Fri 17 Jul 13:57:32 CEST 2026 ===
RAM_used: 154 MB
temp=57.5'C
CPU%: 0.0
=== Fri 17 Jul 13:58:03 CEST 2026 ===
RAM_used: 154 MB
temp=56.4'C
CPU%: 3.9
=== Fri 17 Jul 13:58:33 CEST 2026 ===
RAM_used: 154 MB
temp=56.9'C
CPU%: 2.0
=== Fri 17 Jul 13:59:03 CEST 2026 ===
RAM_used: 156 MB
temp=56.9'C
CPU%: 2.0
=== Fri 17 Jul 13:59:34 CEST 2026 ===
RAM_used: 156 MB
temp=56.9'C
CPU%: 0.0
=== Fri 17 Jul 14:00:04 CEST 2026 ===
RAM_used: 156 MB
temp=56.4'C
CPU%: 4.0
=== Fri 17 Jul 14:00:34 CEST 2026 ===
RAM_used: 156 MB
temp=56.9'C
CPU%: 0.0
=== Fri 17 Jul 14:01:04 CEST 2026 ===
RAM_used: 156 MB
temp=55.8'C
CPU%: 2.0
=== Fri 17 Jul 14:01:35 CEST 2026 ===
RAM_used: 156 MB
temp=55.8'C
CPU%: 2.0
=== Fri 17 Jul 14:02:05 CEST 2026 ===
RAM_used: 156 MB
temp=55.8'C
CPU%: 2.0
=== Fri 17 Jul 14:02:35 CEST 2026 ===
RAM_used: 155 MB
temp=55.3'C
CPU%: 2.0
=== Fri 17 Jul 14:03:06 CEST 2026 ===
RAM_used: 155 MB
temp=54.8'C
CPU%: 0.0
=== Fri 17 Jul 14:03:36 CEST 2026 ===
RAM_used: 155 MB
temp=55.8'C
CPU%: 2.0
=== Fri 17 Jul 14:04:06 CEST 2026 ===
RAM_used: 154 MB
temp=55.8'C
CPU%: 3.9
=== Fri 17 Jul 14:04:37 CEST 2026 ===
RAM_used: 476 MB
temp=62.3'C
CPU%: 2.2
=== Fri 17 Jul 14:05:07 CEST 2026 ===
RAM_used: 474 MB
temp=64.5'C
CPU%: 27.7
=== Fri 17 Jul 14:05:37 CEST 2026 ===
RAM_used: 476 MB
temp=67.1'C
CPU%: 26.1
=== Fri 17 Jul 14:06:07 CEST 2026 ===
RAM_used: 478 MB
temp=66.6'C
CPU%: 26.1
=== Fri 17 Jul 14:06:38 CEST 2026 ===
RAM_used: 481 MB
temp=67.7'C
CPU%: 28.3
=== Fri 17 Jul 14:07:08 CEST 2026 ===
RAM_used: 481 MB
temp=68.2'C
CPU%: 25.5
=== Fri 17 Jul 14:07:38 CEST 2026 ===
RAM_used: 481 MB
temp=68.8'C
CPU%: 26.1
=== Fri 17 Jul 14:08:08 CEST 2026 ===
RAM_used: 481 MB
temp=69.3'C
CPU%: 25.5
=== Fri 17 Jul 14:08:39 CEST 2026 ===
RAM_used: 480 MB
temp=69.3'C
CPU%: 25.5
=== Fri 17 Jul 14:09:09 CEST 2026 ===
RAM_used: 478 MB
temp=69.3'C
CPU%: 26.1
=== Fri 17 Jul 14:09:39 CEST 2026 ===
RAM_used: 478 MB
temp=69.8'C
CPU%: 25.5
=== Fri 17 Jul 14:10:09 CEST 2026 ===
RAM_used: 477 MB
temp=70.4'C
CPU%: 25.5
=== Fri 17 Jul 14:10:40 CEST 2026 ===
RAM_used: 478 MB
temp=69.8'C
CPU%: 26.1
=== Fri 17 Jul 14:11:10 CEST 2026 ===
RAM_used: 477 MB
temp=69.8'C
CPU%: 25.0
=== Fri 17 Jul 14:11:40 CEST 2026 ===
RAM_used: 477 MB
temp=70.9'C
CPU%: 25.5
=== Fri 17 Jul 14:12:11 CEST 2026 ===
RAM_used: 477 MB
temp=70.9'C
CPU%: 25.5
=== Fri 17 Jul 14:12:41 CEST 2026 ===
RAM_used: 479 MB
temp=70.9'C
CPU%: 26.1
=== Fri 17 Jul 14:13:11 CEST 2026 ===
RAM_used: 479 MB
temp=70.9'C
CPU%: 25.5
=== Fri 17 Jul 14:13:41 CEST 2026 ===
RAM_used: 479 MB
temp=71.4'C
CPU%: 26.1
=== Fri 17 Jul 14:14:12 CEST 2026 ===
RAM_used: 478 MB
temp=70.9'C
CPU%: 26.1
=== Fri 17 Jul 14:14:42 CEST 2026 ===
RAM_used: 478 MB
temp=70.9'C
CPU%: 23.9
=== Fri 17 Jul 14:15:12 CEST 2026 ===
RAM_used: 149 MB
temp=63.4'C
CPU%: 0.0
=== Fri 17 Jul 14:15:42 CEST 2026 ===
RAM_used: 151 MB
temp=61.2'C
CPU%: 2.0
=== Fri 17 Jul 14:16:13 CEST 2026 ===
RAM_used: 152 MB
temp=60.1'C
CPU%: 2.0
=== Fri 17 Jul 14:16:43 CEST 2026 ===
RAM_used: 152 MB
temp=59.1'C
CPU%: 0.0
=== Fri 17 Jul 14:17:13 CEST 2026 ===
RAM_used: 151 MB
temp=59.1'C
CPU%: 2.0
=== Fri 17 Jul 14:17:44 CEST 2026 ===
RAM_used: 151 MB
temp=58.0'C
CPU%: 4.0
=== Fri 17 Jul 14:18:14 CEST 2026 ===
RAM_used: 180 MB
temp=61.2'C
CPU%: 23.4
=== Fri 17 Jul 14:18:44 CEST 2026 ===
RAM_used: 465 MB
temp=61.2'C
CPU%: 2.0
=== Fri 17 Jul 14:19:14 CEST 2026 ===
RAM_used: 467 MB
temp=58.0'C
CPU%: 2.0
=== Fri 17 Jul 14:19:45 CEST 2026 ===
RAM_used: 467 MB
temp=58.0'C
CPU%: 2.1
=== Fri 17 Jul 14:20:15 CEST 2026 ===
RAM_used: 470 MB
temp=58.0'C
CPU%: 0.0
=== Fri 17 Jul 14:20:45 CEST 2026 ===
RAM_used: 470 MB
temp=56.9'C
CPU%: 2.0
=== Fri 17 Jul 14:21:16 CEST 2026 ===
RAM_used: 471 MB
temp=56.9'C
CPU%: 3.8
=== Fri 17 Jul 14:21:46 CEST 2026 ===
RAM_used: 471 MB
temp=56.9'C
CPU%: 2.1
=== Fri 17 Jul 14:22:16 CEST 2026 ===
RAM_used: 470 MB
temp=56.4'C
CPU%: 0.0
=== Fri 17 Jul 14:22:47 CEST 2026 ===
RAM_used: 556 MB
temp=61.2'C
CPU%: 20.8
=== Fri 17 Jul 14:23:17 CEST 2026 ===
RAM_used: 728 MB
temp=64.5'C
CPU%: 24.1
=== Fri 17 Jul 14:23:47 CEST 2026 ===
RAM_used: 738 MB
temp=66.6'C
CPU%: 25.5
=== Fri 17 Jul 14:24:17 CEST 2026 ===
RAM_used: 741 MB
temp=67.7'C
CPU%: 27.7
=== Fri 17 Jul 14:24:48 CEST 2026 ===
RAM_used: 748 MB
temp=68.2'C
CPU%: 13.0
=== Fri 17 Jul 14:25:18 CEST 2026 ===
RAM_used: 749 MB
temp=68.8'C
CPU%: 28.3
=== Fri 17 Jul 14:25:48 CEST 2026 ===
RAM_used: 749 MB
temp=69.3'C
CPU%: 26.1
=== Fri 17 Jul 14:26:19 CEST 2026 ===
RAM_used: 734 MB
temp=70.4'C
CPU%: 28.3
=== Fri 17 Jul 14:26:49 CEST 2026 ===
RAM_used: 734 MB
temp=69.8'C
CPU%: 25.5
=== Fri 17 Jul 14:27:19 CEST 2026 ===
RAM_used: 736 MB
temp=69.8'C
CPU%: 26.1
=== Fri 17 Jul 14:27:49 CEST 2026 ===
RAM_used: 734 MB
temp=70.9'C
CPU%: 28.3
=== Fri 17 Jul 14:28:20 CEST 2026 ===
RAM_used: 736 MB
temp=70.9'C
CPU%: 27.7
=== Fri 17 Jul 14:28:50 CEST 2026 ===
RAM_used: 737 MB
temp=70.9'C
CPU%: 26.1
=== Fri 17 Jul 14:29:20 CEST 2026 ===
RAM_used: 740 MB
temp=70.9'C
CPU%: 26.1
=== Fri 17 Jul 14:29:50 CEST 2026 ===
RAM_used: 739 MB
temp=70.9'C
CPU%: 22.9
=== Fri 17 Jul 14:30:21 CEST 2026 ===
RAM_used: 739 MB
temp=70.9'C
CPU%: 26.1
=== Fri 17 Jul 14:30:51 CEST 2026 ===
RAM_used: 740 MB
temp=71.4'C
CPU%: 26.1
=== Fri 17 Jul 14:31:21 CEST 2026 ===
RAM_used: 740 MB
temp=72.0'C
CPU%: 27.7
=== Fri 17 Jul 14:31:51 CEST 2026 ===
RAM_used: 740 MB
temp=71.4'C
CPU%: 23.9
=== Fri 17 Jul 14:32:22 CEST 2026 ===
RAM_used: 740 MB
temp=70.9'C
CPU%: 25.5
=== Fri 17 Jul 14:32:52 CEST 2026 ===
RAM_used: 740 MB
temp=72.0'C
CPU%: 25.5
=== Fri 17 Jul 14:33:22 CEST 2026 ===
RAM_used: 741 MB
temp=72.0'C
CPU%: 25.5
=== Fri 17 Jul 14:33:52 CEST 2026 ===
RAM_used: 741 MB
temp=72.0'C
CPU%: 27.7
=== Fri 17 Jul 14:34:23 CEST 2026 ===
RAM_used: 741 MB
temp=72.0'C
CPU%: 27.7
=== Fri 17 Jul 14:34:53 CEST 2026 ===
RAM_used: 741 MB
temp=72.0'C
CPU%: 25.0
=== Fri 17 Jul 14:35:23 CEST 2026 ===
RAM_used: 741 MB
temp=72.5'C
CPU%: 25.5
=== Fri 17 Jul 14:35:54 CEST 2026 ===
RAM_used: 740 MB
temp=72.5'C
CPU%: 23.9
=== Fri 17 Jul 14:36:24 CEST 2026 ===
RAM_used: 741 MB
temp=73.1'C
CPU%: 26.7
=== Fri 17 Jul 14:36:54 CEST 2026 ===
RAM_used: 741 MB
temp=72.0'C
CPU%: 25.5
=== Fri 17 Jul 14:37:24 CEST 2026 ===
RAM_used: 742 MB
temp=70.9'C
CPU%: 26.1
=== Fri 17 Jul 14:37:55 CEST 2026 ===
RAM_used: 741 MB
temp=72.0'C
CPU%: 26.1
=== Fri 17 Jul 14:38:25 CEST 2026 ===
RAM_used: 741 MB
temp=73.1'C
CPU%: 26.1
=== Fri 17 Jul 14:38:55 CEST 2026 ===
RAM_used: 741 MB
temp=73.1'C
CPU%: 27.1
=== Fri 17 Jul 14:39:25 CEST 2026 ===
RAM_used: 741 MB
temp=73.1'C
CPU%: 26.1
=== Fri 17 Jul 14:39:56 CEST 2026 ===
RAM_used: 740 MB
temp=73.1'C
CPU%: 25.5
=== Fri 17 Jul 14:40:26 CEST 2026 ===
RAM_used: 740 MB
temp=73.1'C
CPU%: 26.1
=== Fri 17 Jul 14:40:56 CEST 2026 ===
RAM_used: 741 MB
temp=73.1'C
CPU%: 23.9
=== Fri 17 Jul 14:41:26 CEST 2026 ===
RAM_used: 741 MB
temp=73.1'C
CPU%: 26.1
=== Fri 17 Jul 14:41:57 CEST 2026 ===
RAM_used: 741 MB
temp=73.1'C
CPU%: 26.1
=== Fri 17 Jul 14:42:27 CEST 2026 ===
RAM_used: 742 MB
temp=73.6'C
CPU%: 26.1
=== Fri 17 Jul 14:42:57 CEST 2026 ===
RAM_used: 125 MB
temp=73.1'C
CPU%: 0.0
=== Fri 17 Jul 14:43:28 CEST 2026 ===
RAM_used: 129 MB
temp=64.5'C
CPU%: 2.0
=== Fri 17 Jul 14:43:58 CEST 2026 ===
RAM_used: 131 MB
temp=63.4'C
CPU%: 0.0
=== Fri 17 Jul 14:44:28 CEST 2026 ===
RAM_used: 131 MB
temp=62.3'C
CPU%: 2.0
=== Fri 17 Jul 14:44:59 CEST 2026 ===
RAM_used: 133 MB
temp=61.2'C
CPU%: 4.0
=== Fri 17 Jul 14:45:29 CEST 2026 ===
RAM_used: 134 MB
temp=60.7'C
CPU%: 2.0
=== Fri 17 Jul 14:45:59 CEST 2026 ===
RAM_used: 135 MB
temp=60.7'C
CPU%: 2.0
=== Fri 17 Jul 14:46:29 CEST 2026 ===
RAM_used: 135 MB
temp=59.6'C
CPU%: 2.0
=== Fri 17 Jul 14:47:00 CEST 2026 ===
RAM_used: 136 MB
temp=59.6'C
CPU%: 2.0
=== Fri 17 Jul 14:47:30 CEST 2026 ===
RAM_used: 135 MB
temp=59.1'C
CPU%: 0.0
=== Fri 17 Jul 14:48:00 CEST 2026 ===
RAM_used: 136 MB
temp=58.0'C
CPU%: 2.0
=== Fri 17 Jul 14:48:31 CEST 2026 ===
RAM_used: 135 MB
temp=58.0'C
CPU%: 0.0
=== Fri 17 Jul 14:49:01 CEST 2026 ===
RAM_used: 135 MB
temp=58.0'C
CPU%: 4.0
=== Fri 17 Jul 14:49:31 CEST 2026 ===
RAM_used: 135 MB
temp=58.0'C
CPU%: 2.0
=== Fri 17 Jul 14:50:01 CEST 2026 ===
RAM_used: 134 MB
temp=58.0'C
CPU%: 4.0
=== Fri 17 Jul 14:50:32 CEST 2026 ===
RAM_used: 135 MB
temp=58.0'C
CPU%: 2.0
=== Fri 17 Jul 14:51:02 CEST 2026 ===
RAM_used: 135 MB
temp=57.5'C
CPU%: 0.0
=== Fri 17 Jul 14:51:32 CEST 2026 ===
RAM_used: 135 MB
temp=56.9'C
CPU%: 2.0
=== Fri 17 Jul 14:52:03 CEST 2026 ===
RAM_used: 135 MB
temp=56.9'C
CPU%: 2.0
=== Fri 17 Jul 14:52:33 CEST 2026 ===
RAM_used: 136 MB
temp=56.4'C
CPU%: 1.9
=== Fri 17 Jul 14:53:03 CEST 2026 ===
RAM_used: 136 MB
temp=56.9'C
CPU%: 3.9
=== Fri 17 Jul 14:53:34 CEST 2026 ===
RAM_used: 135 MB
temp=56.4'C
CPU%: 2.0
=== Fri 17 Jul 14:54:04 CEST 2026 ===
RAM_used: 136 MB
temp=56.4'C
CPU%: 0.0
=== Fri 17 Jul 14:54:34 CEST 2026 ===
RAM_used: 135 MB
temp=55.8'C
CPU%: 2.0
=== Fri 17 Jul 14:55:04 CEST 2026 ===
RAM_used: 135 MB
temp=56.4'C
CPU%: 0.0
=== Fri 17 Jul 14:55:35 CEST 2026 ===
RAM_used: 135 MB
temp=55.8'C
CPU%: 2.0
=== Fri 17 Jul 14:56:05 CEST 2026 ===
RAM_used: 134 MB
temp=56.4'C
CPU%: 2.0
=== Fri 17 Jul 14:56:35 CEST 2026 ===
RAM_used: 134 MB
temp=55.8'C
CPU%: 0.0
=== Fri 17 Jul 14:57:06 CEST 2026 ===
RAM_used: 134 MB
temp=55.8'C
CPU%: 2.0
=== Fri 17 Jul 14:57:36 CEST 2026 ===
RAM_used: 131 MB
temp=56.4'C
CPU%: 2.2
=== Fri 17 Jul 14:58:06 CEST 2026 ===
RAM_used: 133 MB
temp=56.4'C
CPU%: 2.0
=== Fri 17 Jul 14:58:37 CEST 2026 ===
RAM_used: 134 MB
temp=55.8'C
CPU%: 2.0
=== Fri 17 Jul 14:59:07 CEST 2026 ===
RAM_used: 134 MB
temp=55.8'C
CPU%: 0.0
=== Fri 17 Jul 14:59:37 CEST 2026 ===
RAM_used: 135 MB
temp=55.8'C
CPU%: 2.0
=== Fri 17 Jul 15:00:07 CEST 2026 ===
RAM_used: 133 MB
temp=55.8'C
CPU%: 0.0
=== Fri 17 Jul 15:00:38 CEST 2026 ===
RAM_used: 134 MB
temp=55.8'C
CPU%: 0.0
=== Fri 17 Jul 15:01:08 CEST 2026 ===
RAM_used: 135 MB
temp=56.4'C
CPU%: 2.1
=== Fri 17 Jul 15:01:38 CEST 2026 ===
RAM_used: 136 MB
temp=55.8'C
CPU%: 2.0
=== Fri 17 Jul 15:02:09 CEST 2026 ===
RAM_used: 135 MB
temp=55.8'C
CPU%: 2.0
=== Fri 17 Jul 15:02:39 CEST 2026 ===
RAM_used: 135 MB
temp=55.8'C
CPU%: 2.0
=== Fri 17 Jul 15:03:09 CEST 2026 ===
RAM_used: 135 MB
temp=55.8'C
CPU%: 2.0
=== Fri 17 Jul 15:03:40 CEST 2026 ===
RAM_used: 134 MB
temp=55.8'C
CPU%: 2.0
=== Fri 17 Jul 15:04:10 CEST 2026 ===
RAM_used: 135 MB
temp=56.4'C
CPU%: 4.0
=== Fri 17 Jul 15:04:40 CEST 2026 ===
RAM_used: 135 MB
temp=55.8'C
CPU%: 3.8
=== Fri 17 Jul 15:05:10 CEST 2026 ===
RAM_used: 136 MB
temp=56.4'C
CPU%: 4.0
=== Fri 17 Jul 15:05:41 CEST 2026 ===
RAM_used: 137 MB
temp=55.8'C
CPU%: 0.0
=== Fri 17 Jul 15:06:11 CEST 2026 ===
RAM_used: 138 MB
temp=56.4'C
CPU%: 0.0
=== Fri 17 Jul 15:06:41 CEST 2026 ===
RAM_used: 138 MB
temp=55.3'C
CPU%: 2.0
=== Fri 17 Jul 15:07:12 CEST 2026 ===
RAM_used: 137 MB
temp=55.8'C
CPU%: 4.1
=== Fri 17 Jul 15:07:42 CEST 2026 ===
RAM_used: 137 MB
temp=55.8'C
CPU%: 2.0
=== Fri 17 Jul 15:08:12 CEST 2026 ===
RAM_used: 137 MB
temp=55.8'C
CPU%: 0.0
=== Fri 17 Jul 15:08:42 CEST 2026 ===
RAM_used: 136 MB
temp=56.4'C
CPU%: 2.0
=== Fri 17 Jul 15:09:13 CEST 2026 ===
RAM_used: 138 MB
temp=55.8'C
CPU%: 2.0
=== Fri 17 Jul 15:09:43 CEST 2026 ===
RAM_used: 137 MB
temp=55.3'C
CPU%: 2.0
=== Fri 17 Jul 15:10:13 CEST 2026 ===
RAM_used: 137 MB
temp=55.8'C
CPU%: 2.1
=== Fri 17 Jul 15:10:44 CEST 2026 ===
RAM_used: 137 MB
temp=56.4'C
CPU%: 2.0
=== Fri 17 Jul 15:11:14 CEST 2026 ===
RAM_used: 137 MB
temp=55.8'C
CPU%: 2.0
=== Fri 17 Jul 15:11:44 CEST 2026 ===
RAM_used: 136 MB
temp=54.8'C
CPU%: 0.0
=== Fri 17 Jul 15:12:15 CEST 2026 ===
RAM_used: 136 MB
temp=55.8'C
CPU%: 0.0
=== Fri 17 Jul 15:12:45 CEST 2026 ===
RAM_used: 136 MB
temp=55.3'C
CPU%: 2.0
=== Fri 17 Jul 15:13:15 CEST 2026 ===
RAM_used: 135 MB
temp=55.8'C
CPU%: 0.0
=== Fri 17 Jul 15:13:45 CEST 2026 ===
RAM_used: 135 MB
temp=55.3'C
CPU%: 0.0
=== Fri 17 Jul 15:14:16 CEST 2026 ===
RAM_used: 135 MB
temp=55.8'C
CPU%: 2.0
=== Fri 17 Jul 15:14:46 CEST 2026 ===
RAM_used: 134 MB
temp=55.3'C
CPU%: 2.1
=== Fri 17 Jul 15:15:16 CEST 2026 ===
RAM_used: 135 MB
temp=55.3'C
CPU%: 2.0
=== Fri 17 Jul 15:15:47 CEST 2026 ===
RAM_used: 135 MB
temp=55.3'C
CPU%: 3.9
=== Fri 17 Jul 15:16:17 CEST 2026 ===
RAM_used: 135 MB
temp=55.8'C
CPU%: 0.0
=== Fri 17 Jul 15:16:47 CEST 2026 ===
RAM_used: 136 MB
temp=54.8'C
CPU%: 2.0
=== Fri 17 Jul 15:17:18 CEST 2026 ===
RAM_used: 136 MB
temp=54.8'C
CPU%: 2.0
=== Fri 17 Jul 15:17:48 CEST 2026 ===
RAM_used: 137 MB
temp=55.3'C
CPU%: 2.0
=== Fri 17 Jul 15:18:18 CEST 2026 ===
RAM_used: 137 MB
temp=55.8'C
CPU%: 2.1
=== Fri 17 Jul 15:18:48 CEST 2026 ===
RAM_used: 139 MB
temp=55.8'C
CPU%: 0.0
=== Fri 17 Jul 15:19:19 CEST 2026 ===
RAM_used: 138 MB
temp=55.8'C
CPU%: 4.0
=== Fri 17 Jul 15:19:49 CEST 2026 ===
RAM_used: 138 MB
temp=55.8'C
CPU%: 2.0
=== Fri 17 Jul 15:20:19 CEST 2026 ===
RAM_used: 137 MB
temp=55.3'C
CPU%: 2.0
=== Fri 17 Jul 15:20:50 CEST 2026 ===
RAM_used: 137 MB
temp=55.8'C
CPU%: 0.0
=== Fri 17 Jul 15:21:20 CEST 2026 ===
RAM_used: 137 MB
temp=55.8'C
CPU%: 2.0
=== Fri 17 Jul 15:21:50 CEST 2026 ===
RAM_used: 136 MB
temp=55.8'C
CPU%: 2.0
=== Fri 17 Jul 15:22:21 CEST 2026 ===
RAM_used: 136 MB
temp=54.8'C
CPU%: 0.0
=== Fri 17 Jul 15:22:51 CEST 2026 ===
RAM_used: 136 MB
temp=55.8'C
CPU%: 2.0
=== Fri 17 Jul 15:23:21 CEST 2026 ===
RAM_used: 135 MB
temp=55.8'C
CPU%: 0.0
=== Fri 17 Jul 15:23:51 CEST 2026 ===
RAM_used: 136 MB
temp=55.8'C
CPU%: 2.0
=== Fri 17 Jul 15:24:22 CEST 2026 ===
RAM_used: 135 MB
temp=55.3'C
CPU%: 0.0
=== Fri 17 Jul 15:24:52 CEST 2026 ===
RAM_used: 136 MB
temp=55.8'C
CPU%: 4.0
=== Fri 17 Jul 15:25:22 CEST 2026 ===
RAM_used: 137 MB
temp=55.8'C
CPU%: 4.0
=== Fri 17 Jul 15:25:53 CEST 2026 ===
RAM_used: 137 MB
temp=55.8'C
CPU%: 0.0
=== Fri 17 Jul 15:26:23 CEST 2026 ===
RAM_used: 137 MB
temp=55.8'C
CPU%: 4.1
=== Fri 17 Jul 15:26:53 CEST 2026 ===
RAM_used: 137 MB
temp=55.3'C
CPU%: 4.0
=== Fri 17 Jul 15:27:23 CEST 2026 ===
RAM_used: 137 MB
temp=55.3'C
CPU%: 2.0
=== Fri 17 Jul 15:27:54 CEST 2026 ===
RAM_used: 137 MB
temp=56.4'C
CPU%: 2.0
=== Fri 17 Jul 15:28:24 CEST 2026 ===
RAM_used: 136 MB
temp=55.8'C
CPU%: 2.0
=== Fri 17 Jul 15:28:54 CEST 2026 ===
RAM_used: 136 MB
temp=55.3'C
CPU%: 2.0
=== Fri 17 Jul 15:29:25 CEST 2026 ===
RAM_used: 137 MB
temp=55.8'C
CPU%: 0.0
=== Fri 17 Jul 15:29:55 CEST 2026 ===
RAM_used: 137 MB
temp=55.8'C
CPU%: 0.0
=== Fri 17 Jul 15:30:25 CEST 2026 ===
RAM_used: 136 MB
temp=55.8'C
CPU%: 2.0
=== Fri 17 Jul 15:30:56 CEST 2026 ===
RAM_used: 136 MB
temp=55.8'C
CPU%: 3.9
=== Fri 17 Jul 15:31:26 CEST 2026 ===
RAM_used: 137 MB
temp=55.8'C
CPU%: 2.0
=== Fri 17 Jul 15:31:56 CEST 2026 ===
RAM_used: 136 MB
temp=55.3'C
CPU%: 4.1
=== Fri 17 Jul 15:32:26 CEST 2026 ===
RAM_used: 136 MB
temp=55.8'C
CPU%: 2.0
=== Fri 17 Jul 15:32:57 CEST 2026 ===
RAM_used: 136 MB
temp=55.3'C
CPU%: 2.0
=== Fri 17 Jul 15:33:27 CEST 2026 ===
RAM_used: 136 MB
temp=55.8'C
CPU%: 1.9
=== Fri 17 Jul 15:33:57 CEST 2026 ===
RAM_used: 326 MB
temp=62.3'C
CPU%: 13.3
=== Fri 17 Jul 15:34:28 CEST 2026 ===
RAM_used: 467 MB
temp=63.9'C
CPU%: 25.0
=== Fri 17 Jul 15:34:58 CEST 2026 ===
RAM_used: 465 MB
temp=66.6'C
CPU%: 26.1
=== Fri 17 Jul 15:35:28 CEST 2026 ===
RAM_used: 465 MB
temp=67.1'C
CPU%: 25.5
=== Fri 17 Jul 15:35:58 CEST 2026 ===
RAM_used: 468 MB
temp=68.2'C
CPU%: 24.4
=== Fri 17 Jul 15:36:29 CEST 2026 ===
RAM_used: 467 MB
temp=68.8'C
CPU%: 23.9
=== Fri 17 Jul 15:36:59 CEST 2026 ===
RAM_used: 467 MB
temp=68.8'C
CPU%: 25.5
=== Fri 17 Jul 15:37:29 CEST 2026 ===
RAM_used: 466 MB
temp=69.3'C
CPU%: 25.5
=== Fri 17 Jul 15:37:59 CEST 2026 ===
RAM_used: 467 MB
temp=69.3'C
CPU%: 23.9
=== Fri 17 Jul 15:38:30 CEST 2026 ===
RAM_used: 467 MB
temp=69.8'C
CPU%: 26.1
=== Fri 17 Jul 15:39:00 CEST 2026 ===
RAM_used: 467 MB
temp=70.9'C
CPU%: 26.1
=== Fri 17 Jul 15:39:30 CEST 2026 ===
RAM_used: 467 MB
temp=70.9'C
CPU%: 26.7
=== Fri 17 Jul 15:40:01 CEST 2026 ===
RAM_used: 468 MB
temp=71.4'C
CPU%: 27.7
=== Fri 17 Jul 15:40:31 CEST 2026 ===
RAM_used: 468 MB
temp=70.9'C
CPU%: 26.1
=== Fri 17 Jul 15:41:01 CEST 2026 ===
RAM_used: 468 MB
temp=71.4'C
CPU%: 26.1
=== Fri 17 Jul 15:41:31 CEST 2026 ===
RAM_used: 469 MB
temp=72.0'C
CPU%: 26.1
=== Fri 17 Jul 15:42:02 CEST 2026 ===
RAM_used: 468 MB
temp=72.0'C
CPU%: 23.9
=== Fri 17 Jul 15:42:32 CEST 2026 ===
RAM_used: 469 MB
temp=72.0'C
CPU%: 26.1
=== Fri 17 Jul 15:43:02 CEST 2026 ===
RAM_used: 468 MB
temp=72.0'C
CPU%: 26.1
=== Fri 17 Jul 15:43:32 CEST 2026 ===
RAM_used: 468 MB
temp=72.5'C
CPU%: 26.1
=== Fri 17 Jul 15:44:03 CEST 2026 ===
RAM_used: 470 MB
temp=73.1'C
CPU%: 25.5
=== Fri 17 Jul 15:44:33 CEST 2026 ===
RAM_used: 138 MB
temp=68.8'C
CPU%: 3.9
=== Fri 17 Jul 15:45:03 CEST 2026 ===
RAM_used: 137 MB
temp=63.4'C
CPU%: 2.0
=== Fri 17 Jul 15:45:33 CEST 2026 ===
RAM_used: 137 MB
temp=62.3'C
CPU%: 3.9
=== Fri 17 Jul 15:46:04 CEST 2026 ===
RAM_used: 137 MB
temp=61.2'C
CPU%: 2.0
=== Fri 17 Jul 15:46:34 CEST 2026 ===
RAM_used: 136 MB
temp=60.1'C
CPU%: 3.9
=== Fri 17 Jul 15:47:04 CEST 2026 ===
RAM_used: 136 MB
temp=60.1'C
CPU%: 3.9
=== Fri 17 Jul 15:47:35 CEST 2026 ===
RAM_used: 136 MB
temp=59.1'C
CPU%: 2.0
=== Fri 17 Jul 15:48:05 CEST 2026 ===
RAM_used: 138 MB
temp=59.1'C
CPU%: 2.0
=== Fri 17 Jul 15:48:35 CEST 2026 ===
RAM_used: 137 MB
temp=58.5'C
CPU%: 3.9
=== Fri 17 Jul 15:49:06 CEST 2026 ===
RAM_used: 137 MB
temp=58.5'C
CPU%: 4.1
=== Fri 17 Jul 15:49:36 CEST 2026 ===
RAM_used: 137 MB
temp=59.1'C
CPU%: 2.0
=== Fri 17 Jul 15:50:06 CEST 2026 ===
RAM_used: 266 MB
temp=63.4'C
CPU%: 26.1
=== Fri 17 Jul 15:50:36 CEST 2026 ===
RAM_used: 463 MB
temp=66.1'C
CPU%: 26.1
=== Fri 17 Jul 15:51:07 CEST 2026 ===
RAM_used: 462 MB
temp=68.2'C
CPU%: 25.5
=== Fri 17 Jul 15:51:37 CEST 2026 ===
RAM_used: 463 MB
temp=68.8'C
CPU%: 25.5
=== Fri 17 Jul 15:52:07 CEST 2026 ===
RAM_used: 465 MB
temp=69.8'C
CPU%: 26.1
=== Fri 17 Jul 15:52:37 CEST 2026 ===
RAM_used: 465 MB
temp=70.4'C
CPU%: 26.1
=== Fri 17 Jul 15:53:08 CEST 2026 ===
RAM_used: 465 MB
temp=70.9'C
CPU%: 23.9
=== Fri 17 Jul 15:53:38 CEST 2026 ===
RAM_used: 465 MB
temp=70.9'C
CPU%: 26.7
=== Fri 17 Jul 15:54:08 CEST 2026 ===
RAM_used: 465 MB
temp=71.4'C
CPU%: 25.0
=== Fri 17 Jul 15:54:39 CEST 2026 ===
RAM_used: 465 MB
temp=70.9'C
CPU%: 25.5
=== Fri 17 Jul 15:55:09 CEST 2026 ===
RAM_used: 465 MB
temp=72.0'C
CPU%: 25.5
=== Fri 17 Jul 15:55:39 CEST 2026 ===
RAM_used: 465 MB
temp=72.0'C
CPU%: 25.5
=== Fri 17 Jul 15:56:09 CEST 2026 ===
RAM_used: 466 MB
temp=72.0'C
CPU%: 26.1
=== Fri 17 Jul 15:56:40 CEST 2026 ===
RAM_used: 465 MB
temp=72.0'C
CPU%: 26.1
=== Fri 17 Jul 15:57:10 CEST 2026 ===
RAM_used: 465 MB
temp=73.1'C
CPU%: 25.5
=== Fri 17 Jul 15:57:40 CEST 2026 ===
RAM_used: 466 MB
temp=73.1'C
CPU%: 26.1
=== Fri 17 Jul 15:58:10 CEST 2026 ===
RAM_used: 465 MB
temp=73.1'C
CPU%: 26.1
=== Fri 17 Jul 15:58:41 CEST 2026 ===
RAM_used: 465 MB
temp=73.1'C
CPU%: 26.1
=== Fri 17 Jul 15:59:11 CEST 2026 ===
RAM_used: 465 MB
temp=73.1'C
CPU%: 26.1
=== Fri 17 Jul 15:59:41 CEST 2026 ===
RAM_used: 467 MB
temp=73.1'C
CPU%: 23.9
=== Fri 17 Jul 16:00:11 CEST 2026 ===
RAM_used: 467 MB
temp=73.6'C
CPU%: 26.1
=== Fri 17 Jul 16:00:42 CEST 2026 ===
RAM_used: 138 MB
temp=70.9'C
CPU%: 2.1
=== Fri 17 Jul 16:01:12 CEST 2026 ===
RAM_used: 139 MB
temp=64.5'C
CPU%: 2.0
=== Fri 17 Jul 16:01:42 CEST 2026 ===
RAM_used: 139 MB
temp=62.8'C
CPU%: 2.0
=== Fri 17 Jul 16:02:13 CEST 2026 ===
RAM_used: 139 MB
temp=62.3'C
CPU%: 2.0
=== Fri 17 Jul 16:02:43 CEST 2026 ===
RAM_used: 138 MB
temp=61.2'C
CPU%: 4.0
=== Fri 17 Jul 16:03:13 CEST 2026 ===
RAM_used: 138 MB
temp=60.7'C
CPU%: 2.0
=== Fri 17 Jul 16:03:43 CEST 2026 ===
RAM_used: 137 MB
temp=60.1'C
CPU%: 2.0
=== Fri 17 Jul 16:04:14 CEST 2026 ===
RAM_used: 139 MB
temp=59.6'C
CPU%: 2.0
=== Fri 17 Jul 16:04:44 CEST 2026 ===
RAM_used: 139 MB
temp=59.6'C
CPU%: 3.9
=== Fri 17 Jul 16:05:14 CEST 2026 ===
RAM_used: 139 MB
temp=59.1'C
CPU%: 2.0
=== Fri 17 Jul 16:05:45 CEST 2026 ===
RAM_used: 139 MB
temp=59.1'C
CPU%: 2.0
=== Fri 17 Jul 16:06:15 CEST 2026 ===
RAM_used: 139 MB
temp=58.0'C
CPU%: 2.0
=== Fri 17 Jul 16:06:45 CEST 2026 ===
RAM_used: 138 MB
temp=58.0'C
CPU%: 2.0
=== Fri 17 Jul 16:07:16 CEST 2026 ===
RAM_used: 138 MB
temp=58.0'C
CPU%: 2.0
=== Fri 17 Jul 16:07:46 CEST 2026 ===
RAM_used: 139 MB
temp=58.0'C
CPU%: 3.8
=== Fri 17 Jul 16:08:16 CEST 2026 ===
RAM_used: 466 MB
temp=62.3'C
CPU%: 2.0
=== Fri 17 Jul 16:08:46 CEST 2026 ===
RAM_used: 460 MB
temp=64.5'C
CPU%: 23.9
=== Fri 17 Jul 16:09:17 CEST 2026 ===
RAM_used: 459 MB
temp=68.2'C
CPU%: 25.5
=== Fri 17 Jul 16:09:47 CEST 2026 ===
RAM_used: 458 MB
temp=69.3'C
CPU%: 28.3
=== Fri 17 Jul 16:10:17 CEST 2026 ===
RAM_used: 462 MB
temp=69.8'C
CPU%: 26.1
=== Fri 17 Jul 16:10:47 CEST 2026 ===
RAM_used: 463 MB
temp=69.8'C
CPU%: 26.7
=== Fri 17 Jul 16:11:18 CEST 2026 ===
RAM_used: 463 MB
temp=70.9'C
CPU%: 26.1
=== Fri 17 Jul 16:11:48 CEST 2026 ===
RAM_used: 465 MB
temp=72.0'C
CPU%: 27.7
=== Fri 17 Jul 16:12:18 CEST 2026 ===
RAM_used: 465 MB
temp=71.4'C
CPU%: 26.1
=== Fri 17 Jul 16:12:49 CEST 2026 ===
RAM_used: 465 MB
temp=71.4'C
CPU%: 24.4
=== Fri 17 Jul 16:13:19 CEST 2026 ===
RAM_used: 465 MB
temp=72.5'C
CPU%: 26.1
=== Fri 17 Jul 16:13:49 CEST 2026 ===
RAM_used: 466 MB
temp=72.5'C
CPU%: 26.1
=== Fri 17 Jul 16:14:19 CEST 2026 ===
RAM_used: 466 MB
temp=73.1'C
CPU%: 25.5
=== Fri 17 Jul 16:14:50 CEST 2026 ===
RAM_used: 465 MB
temp=73.1'C
CPU%: 26.1
=== Fri 17 Jul 16:15:20 CEST 2026 ===
RAM_used: 465 MB
temp=73.6'C
CPU%: 26.1
=== Fri 17 Jul 16:15:50 CEST 2026 ===
RAM_used: 464 MB
temp=73.1'C
CPU%: 23.9
=== Fri 17 Jul 16:16:20 CEST 2026 ===
RAM_used: 464 MB
temp=73.1'C
CPU%: 26.1
=== Fri 17 Jul 16:16:51 CEST 2026 ===
RAM_used: 466 MB
temp=73.1'C
CPU%: 25.5
=== Fri 17 Jul 16:17:21 CEST 2026 ===
RAM_used: 466 MB
temp=74.1'C
CPU%: 25.5
=== Fri 17 Jul 16:17:51 CEST 2026 ===
RAM_used: 466 MB
temp=73.6'C
CPU%: 26.1
=== Fri 17 Jul 16:18:21 CEST 2026 ===
RAM_used: 465 MB
temp=74.1'C
CPU%: 27.7
=== Fri 17 Jul 16:18:52 CEST 2026 ===
RAM_used: 144 MB
temp=72.0'C
CPU%: 2.1
=== Fri 17 Jul 16:19:22 CEST 2026 ===
RAM_used: 140 MB
temp=64.5'C
CPU%: 2.0
=== Fri 17 Jul 16:19:52 CEST 2026 ===
RAM_used: 140 MB
temp=62.8'C
CPU%: 2.0
=== Fri 17 Jul 16:20:23 CEST 2026 ===
RAM_used: 140 MB
temp=62.3'C
CPU%: 2.0
=== Fri 17 Jul 16:20:53 CEST 2026 ===
RAM_used: 482 MB
temp=68.2'C
CPU%: 2.2
=== Fri 17 Jul 16:21:23 CEST 2026 ===
RAM_used: 464 MB
temp=70.4'C
CPU%: 28.3
=== Fri 17 Jul 16:21:53 CEST 2026 ===
RAM_used: 464 MB
temp=71.4'C
CPU%: 27.7
=== Fri 17 Jul 16:22:24 CEST 2026 ===
RAM_used: 463 MB
temp=72.0'C
CPU%: 25.0
=== Fri 17 Jul 16:22:54 CEST 2026 ===
RAM_used: 463 MB
temp=72.0'C
CPU%: 26.1
=== Fri 17 Jul 16:23:24 CEST 2026 ===
RAM_used: 463 MB
temp=64.5'C
CPU%: 2.0
=== Fri 17 Jul 16:23:54 CEST 2026 ===
RAM_used: 463 MB
temp=70.9'C
CPU%: 26.1
=== Fri 17 Jul 16:24:25 CEST 2026 ===
RAM_used: 463 MB
temp=72.0'C
CPU%: 26.7
=== Fri 17 Jul 16:24:55 CEST 2026 ===
RAM_used: 463 MB
temp=72.5'C
CPU%: 26.7
=== Fri 17 Jul 16:25:25 CEST 2026 ===
RAM_used: 463 MB
temp=73.1'C
CPU%: 26.1
=== Fri 17 Jul 16:25:55 CEST 2026 ===
RAM_used: 464 MB
temp=64.5'C
CPU%: 3.8
=== Fri 17 Jul 16:26:26 CEST 2026 ===
RAM_used: 463 MB
temp=71.4'C
CPU%: 26.1
=== Fri 17 Jul 16:26:56 CEST 2026 ===
RAM_used: 464 MB
temp=72.0'C
CPU%: 23.9
=== Fri 17 Jul 16:27:26 CEST 2026 ===
RAM_used: 466 MB
temp=73.1'C
CPU%: 6.4
=== Fri 17 Jul 16:27:57 CEST 2026 ===
RAM_used: 466 MB
temp=72.0'C
CPU%: 26.1
=== Fri 17 Jul 16:28:27 CEST 2026 ===
RAM_used: 466 MB
temp=65.5'C
CPU%: 27.7
=== Fri 17 Jul 16:28:57 CEST 2026 ===
RAM_used: 466 MB
temp=72.0'C
CPU%: 25.5
=== Fri 17 Jul 16:29:27 CEST 2026 ===
RAM_used: 466 MB
temp=73.1'C
CPU%: 26.1
=== Fri 17 Jul 16:29:58 CEST 2026 ===
RAM_used: 466 MB
temp=72.0'C
CPU%: 24.4
=== Fri 17 Jul 16:30:28 CEST 2026 ===
RAM_used: 466 MB
temp=72.0'C
CPU%: 2.2
=== Fri 17 Jul 16:30:58 CEST 2026 ===
RAM_used: 466 MB
temp=67.7'C
CPU%: 27.7
=== Fri 17 Jul 16:31:28 CEST 2026 ===
RAM_used: 466 MB
temp=71.4'C
CPU%: 27.1
=== Fri 17 Jul 16:31:59 CEST 2026 ===
RAM_used: 466 MB
temp=73.1'C
CPU%: 27.7
=== Fri 17 Jul 16:32:29 CEST 2026 ===
RAM_used: 465 MB
temp=73.1'C
CPU%: 23.9
=== Fri 17 Jul 16:32:59 CEST 2026 ===
RAM_used: 466 MB
temp=70.9'C
CPU%: 2.2
=== Fri 17 Jul 16:33:29 CEST 2026 ===
RAM_used: 142 MB
temp=67.1'C
CPU%: 0.0
=== Fri 17 Jul 16:34:00 CEST 2026 ===
RAM_used: 141 MB
temp=62.8'C
CPU%: 2.0
=== Fri 17 Jul 16:34:30 CEST 2026 ===
RAM_used: 140 MB
temp=61.8'C
CPU%: 0.0
=== Fri 17 Jul 16:35:00 CEST 2026 ===
RAM_used: 139 MB
temp=61.2'C
CPU%: 2.0
=== Fri 17 Jul 16:35:31 CEST 2026 ===
RAM_used: 139 MB
temp=61.2'C
CPU%: 2.0
=== Fri 17 Jul 16:36:01 CEST 2026 ===
RAM_used: 175 MB
temp=63.9'C
CPU%: 28.3
=== Fri 17 Jul 16:36:31 CEST 2026 ===
RAM_used: 464 MB
temp=67.7'C
CPU%: 26.1
=== Fri 17 Jul 16:37:01 CEST 2026 ===
RAM_used: 463 MB
temp=70.4'C
CPU%: 23.9
=== Fri 17 Jul 16:37:32 CEST 2026 ===
RAM_used: 464 MB
temp=71.4'C
CPU%: 26.1
=== Fri 17 Jul 16:38:02 CEST 2026 ===
RAM_used: 464 MB
temp=71.4'C
CPU%: 27.7
=== Fri 17 Jul 16:38:32 CEST 2026 ===
RAM_used: 464 MB
temp=67.1'C
CPU%: 0.0
=== Fri 17 Jul 16:39:02 CEST 2026 ===
RAM_used: 464 MB
temp=68.8'C
CPU%: 26.1
=== Fri 17 Jul 16:39:33 CEST 2026 ===
RAM_used: 463 MB
temp=72.0'C
CPU%: 27.7
=== Fri 17 Jul 16:40:03 CEST 2026 ===
RAM_used: 463 MB
temp=72.0'C
CPU%: 26.1
=== Fri 17 Jul 16:40:33 CEST 2026 ===
RAM_used: 463 MB
temp=73.1'C
CPU%: 28.3
=== Fri 17 Jul 16:41:04 CEST 2026 ===
RAM_used: 464 MB
temp=67.7'C
CPU%: 2.0
=== Fri 17 Jul 16:41:34 CEST 2026 ===
RAM_used: 464 MB
temp=70.4'C
CPU%: 26.1
=== Fri 17 Jul 16:42:04 CEST 2026 ===
RAM_used: 464 MB
temp=72.0'C
CPU%: 26.1
=== Fri 17 Jul 16:42:34 CEST 2026 ===
RAM_used: 464 MB
temp=73.1'C
CPU%: 25.5
=== Fri 17 Jul 16:43:05 CEST 2026 ===
RAM_used: 464 MB
temp=73.6'C
CPU%: 26.1
=== Fri 17 Jul 16:43:35 CEST 2026 ===
RAM_used: 463 MB
temp=67.7'C
CPU%: 0.0
=== Fri 17 Jul 16:44:05 CEST 2026 ===
RAM_used: 463 MB
temp=71.4'C
CPU%: 25.5
=== Fri 17 Jul 16:44:35 CEST 2026 ===
RAM_used: 463 MB
temp=73.6'C
CPU%: 26.7
=== Fri 17 Jul 16:45:06 CEST 2026 ===
RAM_used: 464 MB
temp=73.6'C
CPU%: 23.9
=== Fri 17 Jul 16:45:36 CEST 2026 ===
RAM_used: 464 MB
temp=74.1'C
CPU%: 27.7
=== Fri 17 Jul 16:46:06 CEST 2026 ===
RAM_used: 464 MB
temp=67.7'C
CPU%: 0.0
=== Fri 17 Jul 16:46:37 CEST 2026 ===
RAM_used: 466 MB
temp=72.0'C
CPU%: 25.0
=== Fri 17 Jul 16:47:07 CEST 2026 ===
RAM_used: 465 MB
temp=74.1'C
CPU%: 23.9
=== Fri 17 Jul 16:47:37 CEST 2026 ===
RAM_used: 465 MB
temp=74.1'C
CPU%: 28.3
=== Fri 17 Jul 16:48:07 CEST 2026 ===
RAM_used: 465 MB
temp=74.7'C
CPU%: 26.7
=== Fri 17 Jul 16:48:38 CEST 2026 ===
RAM_used: 465 MB
temp=68.8'C
CPU%: 2.0
=== Fri 17 Jul 16:49:08 CEST 2026 ===
RAM_used: 134 MB
temp=66.6'C
CPU%: 2.0
=== Fri 17 Jul 16:49:38 CEST 2026 ===
RAM_used: 136 MB
temp=64.5'C
CPU%: 2.0
=== Fri 17 Jul 16:50:08 CEST 2026 ===
RAM_used: 138 MB
temp=63.4'C
CPU%: 0.0
=== Fri 17 Jul 16:50:39 CEST 2026 ===
RAM_used: 137 MB
temp=62.8'C
CPU%: 2.1
=== Fri 17 Jul 16:51:09 CEST 2026 ===
RAM_used: 138 MB
temp=62.3'C
CPU%: 2.0
=== Fri 17 Jul 16:51:39 CEST 2026 ===
RAM_used: 138 MB
temp=62.3'C
CPU%: 2.0
=== Fri 17 Jul 16:52:10 CEST 2026 ===
RAM_used: 138 MB
temp=61.2'C
CPU%: 2.0
=== Fri 17 Jul 16:52:40 CEST 2026 ===
RAM_used: 138 MB
temp=61.8'C
CPU%: 0.0
=== Fri 17 Jul 16:53:10 CEST 2026 ===
RAM_used: 139 MB
temp=61.2'C
CPU%: 2.0
=== Fri 17 Jul 16:53:41 CEST 2026 ===
RAM_used: 139 MB
temp=60.7'C
CPU%: 2.0
=== Fri 17 Jul 16:54:11 CEST 2026 ===
RAM_used: 138 MB
temp=60.7'C
CPU%: 3.8
=== Fri 17 Jul 16:54:41 CEST 2026 ===
RAM_used: 139 MB
temp=60.1'C
CPU%: 2.0
=== Fri 17 Jul 16:55:11 CEST 2026 ===
RAM_used: 138 MB
temp=60.1'C
CPU%: 2.0
=== Fri 17 Jul 16:55:42 CEST 2026 ===
RAM_used: 139 MB
temp=60.7'C
CPU%: 2.0
=== Fri 17 Jul 16:56:12 CEST 2026 ===
RAM_used: 139 MB
temp=60.1'C
CPU%: 3.8
=== Fri 17 Jul 16:56:42 CEST 2026 ===
RAM_used: 138 MB
temp=59.6'C
CPU%: 0.0
=== Fri 17 Jul 16:57:13 CEST 2026 ===
RAM_used: 138 MB
temp=59.1'C
CPU%: 0.0
=== Fri 17 Jul 16:57:43 CEST 2026 ===
RAM_used: 135 MB
temp=60.1'C
CPU%: 0.0
=== Fri 17 Jul 16:58:13 CEST 2026 ===
RAM_used: 136 MB
temp=60.1'C
CPU%: 0.0
=== Fri 17 Jul 16:58:44 CEST 2026 ===
RAM_used: 136 MB
temp=59.6'C
CPU%: 4.0
=== Fri 17 Jul 16:59:14 CEST 2026 ===
RAM_used: 135 MB
temp=60.1'C
CPU%: 2.0
=== Fri 17 Jul 16:59:44 CEST 2026 ===
RAM_used: 135 MB
temp=60.1'C
CPU%: 0.0
=== Fri 17 Jul 17:00:14 CEST 2026 ===
RAM_used: 133 MB
temp=59.1'C
CPU%: 3.9
=== Fri 17 Jul 17:00:45 CEST 2026 ===
RAM_used: 134 MB
temp=58.5'C
CPU%: 2.0
=== Fri 17 Jul 17:01:15 CEST 2026 ===
RAM_used: 136 MB
temp=58.0'C
CPU%: 0.0
=== Fri 17 Jul 17:01:45 CEST 2026 ===
RAM_used: 136 MB
temp=58.5'C
CPU%: 0.0
=== Fri 17 Jul 17:02:16 CEST 2026 ===
RAM_used: 136 MB
temp=58.0'C
CPU%: 2.0
=== Fri 17 Jul 17:02:46 CEST 2026 ===
RAM_used: 136 MB
temp=58.0'C
CPU%: 2.0
=== Fri 17 Jul 17:03:16 CEST 2026 ===
RAM_used: 136 MB
temp=57.5'C
CPU%: 2.0
=== Fri 17 Jul 17:03:47 CEST 2026 ===
RAM_used: 136 MB
temp=56.9'C
CPU%: 4.0
=== Fri 17 Jul 17:04:17 CEST 2026 ===
RAM_used: 137 MB
temp=56.9'C
CPU%: 3.9
=== Fri 17 Jul 17:04:47 CEST 2026 ===
RAM_used: 136 MB
temp=58.0'C
CPU%: 2.2
=== Fri 17 Jul 17:05:17 CEST 2026 ===
RAM_used: 135 MB
temp=56.9'C
CPU%: 0.0
=== Fri 17 Jul 17:05:48 CEST 2026 ===
RAM_used: 136 MB
temp=56.9'C
CPU%: 2.1
=== Fri 17 Jul 17:06:18 CEST 2026 ===
RAM_used: 295 MB
temp=63.4'C
CPU%: 27.7
=== Fri 17 Jul 17:06:48 CEST 2026 ===
RAM_used: 465 MB
temp=66.6'C
CPU%: 26.1
=== Fri 17 Jul 17:07:19 CEST 2026 ===
RAM_used: 465 MB
temp=68.2'C
CPU%: 26.1
=== Fri 17 Jul 17:07:49 CEST 2026 ===
RAM_used: 465 MB
temp=68.8'C
CPU%: 26.1
=== Fri 17 Jul 17:08:19 CEST 2026 ===
RAM_used: 465 MB
temp=69.3'C
CPU%: 25.5
=== Fri 17 Jul 17:08:49 CEST 2026 ===
RAM_used: 465 MB
temp=63.4'C
CPU%: 2.0
=== Fri 17 Jul 17:09:20 CEST 2026 ===
RAM_used: 466 MB
temp=67.7'C
CPU%: 25.5
=== Fri 17 Jul 17:09:50 CEST 2026 ===
RAM_used: 465 MB
temp=69.8'C
CPU%: 27.1
=== Fri 17 Jul 17:10:20 CEST 2026 ===
RAM_used: 466 MB
temp=70.9'C
CPU%: 26.1
=== Fri 17 Jul 17:10:50 CEST 2026 ===
RAM_used: 468 MB
temp=71.4'C
CPU%: 23.9
=== Fri 17 Jul 17:11:21 CEST 2026 ===
RAM_used: 467 MB
temp=64.5'C
CPU%: 2.0
=== Fri 17 Jul 17:11:51 CEST 2026 ===
RAM_used: 467 MB
temp=68.8'C
CPU%: 23.9
=== Fri 17 Jul 17:12:21 CEST 2026 ===
RAM_used: 466 MB
temp=70.9'C
CPU%: 23.9
=== Fri 17 Jul 17:12:51 CEST 2026 ===
RAM_used: 467 MB
temp=72.0'C
CPU%: 28.3
=== Fri 17 Jul 17:13:22 CEST 2026 ===
RAM_used: 468 MB
temp=72.0'C
CPU%: 27.7
=== Fri 17 Jul 17:13:52 CEST 2026 ===
RAM_used: 468 MB
temp=64.5'C
CPU%: 3.8
=== Fri 17 Jul 17:14:22 CEST 2026 ===
RAM_used: 468 MB
temp=70.4'C
CPU%: 26.1
=== Fri 17 Jul 17:14:53 CEST 2026 ===
RAM_used: 468 MB
temp=72.0'C
CPU%: 28.3
=== Fri 17 Jul 17:15:23 CEST 2026 ===
RAM_used: 468 MB
temp=72.0'C
CPU%: 28.3
=== Fri 17 Jul 17:15:53 CEST 2026 ===
RAM_used: 469 MB
temp=73.1'C
CPU%: 26.1
=== Fri 17 Jul 17:16:23 CEST 2026 ===
RAM_used: 469 MB
temp=65.0'C
CPU%: 3.8
=== Fri 17 Jul 17:16:54 CEST 2026 ===
RAM_used: 470 MB
temp=70.9'C
CPU%: 23.9
=== Fri 17 Jul 17:17:24 CEST 2026 ===
RAM_used: 470 MB
temp=72.0'C
CPU%: 26.1
=== Fri 17 Jul 17:17:54 CEST 2026 ===
RAM_used: 469 MB
temp=73.1'C
CPU%: 25.5
=== Fri 17 Jul 17:18:24 CEST 2026 ===
RAM_used: 469 MB
temp=73.6'C
CPU%: 25.5
=== Fri 17 Jul 17:18:55 CEST 2026 ===
RAM_used: 468 MB
temp=65.5'C
CPU%: 4.0
=== Fri 17 Jul 17:19:25 CEST 2026 ===
RAM_used: 143 MB
temp=64.5'C
CPU%: 4.1
=== Fri 17 Jul 17:19:55 CEST 2026 ===
RAM_used: 138 MB
temp=62.8'C
CPU%: 2.0
=== Fri 17 Jul 17:20:26 CEST 2026 ===
RAM_used: 138 MB
temp=62.3'C
CPU%: 3.9
=== Fri 17 Jul 17:20:56 CEST 2026 ===
RAM_used: 138 MB
temp=61.2'C
CPU%: 0.0
=== Fri 17 Jul 17:21:26 CEST 2026 ===
RAM_used: 138 MB
temp=61.2'C
CPU%: 0.0
=== Fri 17 Jul 17:21:56 CEST 2026 ===
RAM_used: 138 MB
temp=60.1'C
CPU%: 4.0
=== Fri 17 Jul 17:22:27 CEST 2026 ===
RAM_used: 138 MB
temp=59.1'C
CPU%: 0.0
=== Fri 17 Jul 17:22:57 CEST 2026 ===
RAM_used: 140 MB
temp=59.1'C
CPU%: 0.0
=== Fri 17 Jul 17:23:27 CEST 2026 ===
RAM_used: 140 MB
temp=59.1'C
CPU%: 4.1
=== Fri 17 Jul 17:23:58 CEST 2026 ===
RAM_used: 139 MB
temp=59.1'C
CPU%: 2.0
=== Fri 17 Jul 17:24:28 CEST 2026 ===
RAM_used: 139 MB
temp=59.1'C
CPU%: 2.0
=== Fri 17 Jul 17:24:58 CEST 2026 ===
RAM_used: 139 MB
temp=58.5'C
CPU%: 0.0
=== Fri 17 Jul 17:25:29 CEST 2026 ===
RAM_used: 139 MB
temp=58.5'C
CPU%: 4.0
=== Fri 17 Jul 17:25:59 CEST 2026 ===
RAM_used: 140 MB
temp=58.0'C
CPU%: 2.0
=== Fri 17 Jul 17:26:29 CEST 2026 ===
RAM_used: 140 MB
temp=58.0'C
CPU%: 0.0
=== Fri 17 Jul 17:26:59 CEST 2026 ===
RAM_used: 139 MB
temp=58.0'C
CPU%: 0.0
=== Fri 17 Jul 17:27:30 CEST 2026 ===
RAM_used: 139 MB
temp=58.0'C
CPU%: 2.0
=== Fri 17 Jul 17:28:00 CEST 2026 ===
RAM_used: 139 MB
temp=58.0'C
CPU%: 0.0
=== Fri 17 Jul 17:28:30 CEST 2026 ===
RAM_used: 139 MB
temp=58.0'C
CPU%: 2.0
=== Fri 17 Jul 17:29:01 CEST 2026 ===
RAM_used: 140 MB
temp=58.0'C
CPU%: 2.0
=== Fri 17 Jul 17:29:31 CEST 2026 ===
RAM_used: 140 MB
temp=56.9'C
CPU%: 3.8
=== Fri 17 Jul 17:30:01 CEST 2026 ===
RAM_used: 139 MB
temp=56.9'C
CPU%: 2.0
=== Fri 17 Jul 17:30:32 CEST 2026 ===
RAM_used: 139 MB
temp=56.9'C
CPU%: 2.0
=== Fri 17 Jul 17:31:02 CEST 2026 ===
RAM_used: 140 MB
temp=56.4'C
CPU%: 2.0
=== Fri 17 Jul 17:31:32 CEST 2026 ===
RAM_used: 139 MB
temp=56.9'C
CPU%: 2.0
=== Fri 17 Jul 17:32:02 CEST 2026 ===
RAM_used: 140 MB
temp=56.9'C
CPU%: 3.9
=== Fri 17 Jul 17:32:33 CEST 2026 ===
RAM_used: 140 MB
temp=56.4'C
CPU%: 4.0
=== Fri 17 Jul 17:33:03 CEST 2026 ===
RAM_used: 140 MB
temp=56.9'C
CPU%: 4.0
=== Fri 17 Jul 17:33:33 CEST 2026 ===
RAM_used: 139 MB
temp=56.9'C
CPU%: 2.0
=== Fri 17 Jul 17:34:04 CEST 2026 ===
RAM_used: 139 MB
temp=56.4'C
CPU%: 2.0
=== Fri 17 Jul 17:34:34 CEST 2026 ===
RAM_used: 140 MB
temp=56.9'C
CPU%: 1.9
=== Fri 17 Jul 17:35:04 CEST 2026 ===
RAM_used: 139 MB
temp=55.8'C
CPU%: 2.0
=== Fri 17 Jul 17:35:35 CEST 2026 ===
RAM_used: 139 MB
temp=56.9'C
CPU%: 2.0
=== Fri 17 Jul 17:36:05 CEST 2026 ===
RAM_used: 139 MB
temp=56.4'C
CPU%: 2.0
=== Fri 17 Jul 17:36:35 CEST 2026 ===
RAM_used: 139 MB
temp=56.4'C
CPU%: 2.0
=== Fri 17 Jul 17:37:05 CEST 2026 ===
RAM_used: 140 MB
temp=55.8'C
CPU%: 0.0
=== Fri 17 Jul 17:37:36 CEST 2026 ===
RAM_used: 139 MB
temp=55.8'C
CPU%: 2.0
=== Fri 17 Jul 17:38:06 CEST 2026 ===
RAM_used: 139 MB
temp=56.4'C
CPU%: 2.0
=== Fri 17 Jul 17:38:36 CEST 2026 ===
RAM_used: 138 MB
temp=55.8'C
CPU%: 2.0
=== Fri 17 Jul 17:39:07 CEST 2026 ===
RAM_used: 138 MB
temp=55.8'C
CPU%: 2.0
=== Fri 17 Jul 17:39:37 CEST 2026 ===
RAM_used: 139 MB
temp=55.8'C
CPU%: 2.0
=== Fri 17 Jul 17:40:07 CEST 2026 ===
RAM_used: 140 MB
temp=55.8'C
CPU%: 4.1
=== Fri 17 Jul 17:40:37 CEST 2026 ===
RAM_used: 140 MB
temp=55.8'C
CPU%: 2.0
=== Fri 17 Jul 17:41:08 CEST 2026 ===
RAM_used: 139 MB
temp=56.4'C
CPU%: 2.0
=== Fri 17 Jul 17:41:38 CEST 2026 ===
RAM_used: 140 MB
temp=55.8'C
CPU%: 4.0
=== Fri 17 Jul 17:42:08 CEST 2026 ===
RAM_used: 140 MB
temp=55.8'C
CPU%: 4.1
=== Fri 17 Jul 17:42:39 CEST 2026 ===
RAM_used: 139 MB
temp=55.8'C
CPU%: 2.0
=== Fri 17 Jul 17:43:09 CEST 2026 ===
RAM_used: 140 MB
temp=55.8'C
CPU%: 0.0
=== Fri 17 Jul 17:43:39 CEST 2026 ===
RAM_used: 140 MB
temp=55.8'C
CPU%: 2.0
=== Fri 17 Jul 17:44:10 CEST 2026 ===
RAM_used: 139 MB
temp=55.8'C
CPU%: 0.0
=== Fri 17 Jul 17:44:40 CEST 2026 ===
RAM_used: 139 MB
temp=55.8'C
CPU%: 2.0
=== Fri 17 Jul 17:45:10 CEST 2026 ===
RAM_used: 141 MB
temp=55.8'C
CPU%: 3.9
=== Fri 17 Jul 17:45:40 CEST 2026 ===
RAM_used: 141 MB
temp=55.8'C
CPU%: 2.0
=== Fri 17 Jul 17:46:11 CEST 2026 ===
RAM_used: 141 MB
temp=55.8'C
CPU%: 2.0
=== Fri 17 Jul 17:46:41 CEST 2026 ===
RAM_used: 140 MB
temp=55.8'C
CPU%: 2.0
=== Fri 17 Jul 17:47:11 CEST 2026 ===
RAM_used: 140 MB
temp=55.8'C
CPU%: 2.0
=== Fri 17 Jul 17:47:42 CEST 2026 ===
RAM_used: 139 MB
temp=55.8'C
CPU%: 2.0
=== Fri 17 Jul 17:48:12 CEST 2026 ===
RAM_used: 139 MB
temp=55.8'C
CPU%: 3.9
=== Fri 17 Jul 17:48:42 CEST 2026 ===
RAM_used: 139 MB
temp=55.3'C
CPU%: 2.0
=== Fri 17 Jul 17:49:13 CEST 2026 ===
RAM_used: 139 MB
temp=55.8'C
CPU%: 2.0
=== Fri 17 Jul 17:49:43 CEST 2026 ===
RAM_used: 138 MB
temp=55.3'C
CPU%: 2.0
=== Fri 17 Jul 17:50:13 CEST 2026 ===
RAM_used: 139 MB
temp=55.8'C
CPU%: 0.0
=== Fri 17 Jul 17:50:43 CEST 2026 ===
RAM_used: 138 MB
temp=55.8'C
CPU%: 2.0
=== Fri 17 Jul 17:51:14 CEST 2026 ===
RAM_used: 138 MB
temp=55.8'C
CPU%: 4.0
=== Fri 17 Jul 17:51:44 CEST 2026 ===
RAM_used: 139 MB
temp=55.8'C
CPU%: 2.0
=== Fri 17 Jul 17:52:14 CEST 2026 ===
RAM_used: 139 MB
temp=55.3'C
CPU%: 2.0
=== Fri 17 Jul 17:52:45 CEST 2026 ===
RAM_used: 139 MB
temp=55.8'C
CPU%: 4.1
=== Fri 17 Jul 17:53:15 CEST 2026 ===
RAM_used: 138 MB
temp=55.3'C
CPU%: 2.0
=== Fri 17 Jul 17:53:45 CEST 2026 ===
RAM_used: 139 MB
temp=55.8'C
CPU%: 0.0
=== Fri 17 Jul 17:54:15 CEST 2026 ===
RAM_used: 139 MB
temp=55.8'C
CPU%: 4.0
=== Fri 17 Jul 17:54:46 CEST 2026 ===
RAM_used: 138 MB
temp=55.3'C
CPU%: 2.0
=== Fri 17 Jul 17:55:16 CEST 2026 ===
RAM_used: 139 MB
temp=55.8'C
CPU%: 2.0
=== Fri 17 Jul 17:55:46 CEST 2026 ===
RAM_used: 139 MB
temp=55.8'C
CPU%: 4.0
=== Fri 17 Jul 17:56:17 CEST 2026 ===
RAM_used: 139 MB
temp=55.3'C
CPU%: 2.0
=== Fri 17 Jul 17:56:47 CEST 2026 ===
RAM_used: 138 MB
temp=55.3'C
CPU%: 2.0
=== Fri 17 Jul 17:57:17 CEST 2026 ===
RAM_used: 140 MB
temp=54.8'C
CPU%: 2.1
=== Fri 17 Jul 17:57:48 CEST 2026 ===
RAM_used: 140 MB
temp=55.3'C
CPU%: 0.0
=== Fri 17 Jul 17:58:18 CEST 2026 ===
RAM_used: 139 MB
temp=55.3'C
CPU%: 0.0
=== Fri 17 Jul 17:58:48 CEST 2026 ===
RAM_used: 139 MB
temp=55.8'C
CPU%: 0.0
=== Fri 17 Jul 17:59:18 CEST 2026 ===
RAM_used: 138 MB
temp=55.3'C
CPU%: 2.0
=== Fri 17 Jul 17:59:49 CEST 2026 ===
RAM_used: 138 MB
temp=55.3'C
CPU%: 0.0
=== Fri 17 Jul 18:00:19 CEST 2026 ===
RAM_used: 138 MB
temp=54.8'C
CPU%: 2.0
=== Fri 17 Jul 18:00:49 CEST 2026 ===
RAM_used: 137 MB
temp=55.3'C
CPU%: 2.0
=== Fri 17 Jul 18:01:20 CEST 2026 ===
RAM_used: 138 MB
temp=55.8'C
CPU%: 2.0
=== Fri 17 Jul 18:01:50 CEST 2026 ===
RAM_used: 138 MB
temp=55.8'C
CPU%: 2.0
=== Fri 17 Jul 18:02:20 CEST 2026 ===
RAM_used: 138 MB
temp=54.8'C
CPU%: 4.0
=== Fri 17 Jul 18:02:51 CEST 2026 ===
RAM_used: 138 MB
temp=55.3'C
CPU%: 2.0
=== Fri 17 Jul 18:03:21 CEST 2026 ===
RAM_used: 138 MB
temp=55.8'C
CPU%: 2.0
=== Fri 17 Jul 18:03:51 CEST 2026 ===
RAM_used: 138 MB
temp=54.8'C
CPU%: 2.0
=== Fri 17 Jul 18:04:21 CEST 2026 ===
RAM_used: 138 MB
temp=54.8'C
CPU%: 4.1
=== Fri 17 Jul 18:04:52 CEST 2026 ===
RAM_used: 138 MB
temp=55.8'C
CPU%: 0.0
=== Fri 17 Jul 18:05:22 CEST 2026 ===
RAM_used: 138 MB
temp=55.3'C
CPU%: 4.0
=== Fri 17 Jul 18:05:52 CEST 2026 ===
RAM_used: 139 MB
temp=54.8'C
CPU%: 4.0
=== Fri 17 Jul 18:06:23 CEST 2026 ===
RAM_used: 137 MB
temp=54.8'C
CPU%: 2.0
=== Fri 17 Jul 18:06:53 CEST 2026 ===
RAM_used: 139 MB
temp=54.8'C
CPU%: 0.0
=== Fri 17 Jul 18:07:23 CEST 2026 ===
RAM_used: 139 MB
temp=55.8'C
CPU%: 2.0
=== Fri 17 Jul 18:07:53 CEST 2026 ===
RAM_used: 138 MB
temp=55.8'C
CPU%: 2.0
=== Fri 17 Jul 18:08:24 CEST 2026 ===
RAM_used: 138 MB
temp=54.8'C
CPU%: 2.0
=== Fri 17 Jul 18:08:54 CEST 2026 ===
RAM_used: 138 MB
temp=55.3'C
CPU%: 4.2
=== Fri 17 Jul 18:09:24 CEST 2026 ===
RAM_used: 139 MB
temp=55.3'C
CPU%: 3.9
=== Fri 17 Jul 18:09:55 CEST 2026 ===
RAM_used: 139 MB
temp=54.8'C
CPU%: 2.0
=== Fri 17 Jul 18:10:25 CEST 2026 ===
RAM_used: 140 MB
temp=54.8'C
CPU%: 2.0
=== Fri 17 Jul 18:10:55 CEST 2026 ===
RAM_used: 139 MB
temp=54.8'C
CPU%: 3.9
=== Fri 17 Jul 18:11:26 CEST 2026 ===
RAM_used: 139 MB
temp=55.3'C
CPU%: 2.0
=== Fri 17 Jul 18:11:56 CEST 2026 ===
RAM_used: 139 MB
temp=54.8'C
CPU%: 2.0
=== Fri 17 Jul 18:12:26 CEST 2026 ===
RAM_used: 139 MB
temp=54.8'C
CPU%: 0.0
=== Fri 17 Jul 18:12:56 CEST 2026 ===
RAM_used: 138 MB
temp=55.3'C
CPU%: 2.0
=== Fri 17 Jul 18:13:27 CEST 2026 ===
RAM_used: 137 MB
temp=54.8'C
CPU%: 2.0
=== Fri 17 Jul 18:13:57 CEST 2026 ===
RAM_used: 138 MB
temp=54.8'C
CPU%: 2.0
=== Fri 17 Jul 18:14:27 CEST 2026 ===
RAM_used: 139 MB
temp=55.3'C
CPU%: 2.0
=== Fri 17 Jul 18:14:58 CEST 2026 ===
RAM_used: 139 MB
temp=54.8'C
CPU%: 2.0
=== Fri 17 Jul 18:15:28 CEST 2026 ===
RAM_used: 139 MB
temp=55.8'C
CPU%: 4.1
=== Fri 17 Jul 18:15:58 CEST 2026 ===
RAM_used: 139 MB
temp=54.8'C
CPU%: 4.0
=== Fri 17 Jul 18:16:29 CEST 2026 ===
RAM_used: 139 MB
temp=55.3'C
CPU%: 2.0
=== Fri 17 Jul 18:16:59 CEST 2026 ===
RAM_used: 141 MB
temp=55.3'C
CPU%: 2.0
=== Fri 17 Jul 18:17:29 CEST 2026 ===
RAM_used: 140 MB
temp=54.8'C
CPU%: 2.0
=== Fri 17 Jul 18:17:59 CEST 2026 ===
RAM_used: 140 MB
temp=54.8'C
CPU%: 0.0
=== Fri 17 Jul 18:18:30 CEST 2026 ===
RAM_used: 140 MB
temp=55.3'C
CPU%: 3.9
=== Fri 17 Jul 18:19:00 CEST 2026 ===
RAM_used: 139 MB
temp=55.3'C
CPU%: 2.0
=== Fri 17 Jul 18:19:30 CEST 2026 ===
RAM_used: 139 MB
temp=55.3'C
CPU%: 2.0
=== Fri 17 Jul 18:20:01 CEST 2026 ===
RAM_used: 138 MB
temp=55.3'C
CPU%: 4.0
=== Fri 17 Jul 18:20:31 CEST 2026 ===
RAM_used: 139 MB
temp=55.3'C
CPU%: 2.0
=== Fri 17 Jul 18:21:01 CEST 2026 ===
RAM_used: 139 MB
temp=54.8'C
CPU%: 2.0
=== Fri 17 Jul 18:21:32 CEST 2026 ===
RAM_used: 138 MB
temp=54.8'C
CPU%: 0.0
=== Fri 17 Jul 18:22:02 CEST 2026 ===
RAM_used: 138 MB
temp=55.3'C
CPU%: 0.0
=== Fri 17 Jul 18:22:32 CEST 2026 ===
RAM_used: 137 MB
temp=54.8'C
CPU%: 0.0
=== Fri 17 Jul 18:23:02 CEST 2026 ===
RAM_used: 137 MB
temp=55.3'C
CPU%: 4.0
=== Fri 17 Jul 18:23:33 CEST 2026 ===
RAM_used: 137 MB
temp=54.8'C
CPU%: 2.0
=== Fri 17 Jul 18:24:03 CEST 2026 ===
RAM_used: 138 MB
temp=55.3'C
CPU%: 2.0
=== Fri 17 Jul 18:24:33 CEST 2026 ===
RAM_used: 139 MB
temp=55.8'C
CPU%: 0.0
=== Fri 17 Jul 18:25:04 CEST 2026 ===
RAM_used: 139 MB
temp=55.3'C
CPU%: 2.0
=== Fri 17 Jul 18:25:34 CEST 2026 ===
RAM_used: 138 MB
temp=55.8'C
CPU%: 2.0
=== Fri 17 Jul 18:26:04 CEST 2026 ===
RAM_used: 138 MB
temp=54.8'C
CPU%: 2.0
=== Fri 17 Jul 18:26:34 CEST 2026 ===
RAM_used: 138 MB
temp=55.3'C
CPU%: 0.0
=== Fri 17 Jul 18:27:05 CEST 2026 ===
RAM_used: 139 MB
temp=55.3'C
CPU%: 2.0
=== Fri 17 Jul 18:27:35 CEST 2026 ===
RAM_used: 139 MB
temp=54.8'C
CPU%: 2.0
=== Fri 17 Jul 18:28:05 CEST 2026 ===
RAM_used: 138 MB
temp=55.3'C
CPU%: 4.0
=== Fri 17 Jul 18:28:36 CEST 2026 ===
RAM_used: 139 MB
temp=55.3'C
CPU%: 3.9
=== Fri 17 Jul 18:29:06 CEST 2026 ===
RAM_used: 139 MB
temp=55.3'C
CPU%: 2.0
=== Fri 17 Jul 18:29:36 CEST 2026 ===
RAM_used: 139 MB
temp=55.3'C
CPU%: 2.0
=== Fri 17 Jul 18:30:07 CEST 2026 ===
RAM_used: 138 MB
temp=55.3'C
CPU%: 2.0
=== Fri 17 Jul 18:30:37 CEST 2026 ===
RAM_used: 139 MB
temp=55.3'C
CPU%: 2.0
=== Fri 17 Jul 18:31:07 CEST 2026 ===
RAM_used: 139 MB
temp=55.3'C
CPU%: 2.1
=== Fri 17 Jul 18:31:37 CEST 2026 ===
RAM_used: 139 MB
temp=55.3'C
CPU%: 0.0
=== Fri 17 Jul 18:32:08 CEST 2026 ===
RAM_used: 138 MB
temp=54.8'C
CPU%: 2.0
=== Fri 17 Jul 18:32:38 CEST 2026 ===
RAM_used: 138 MB
temp=55.3'C
CPU%: 4.0
=== Fri 17 Jul 18:33:08 CEST 2026 ===
RAM_used: 138 MB
temp=55.3'C
CPU%: 3.9
=== Fri 17 Jul 18:33:39 CEST 2026 ===
RAM_used: 137 MB
temp=55.3'C
CPU%: 2.0
=== Fri 17 Jul 18:34:09 CEST 2026 ===
RAM_used: 137 MB
temp=54.8'C
CPU%: 0.0
=== Fri 17 Jul 18:34:39 CEST 2026 ===
RAM_used: 138 MB
temp=54.8'C
CPU%: 2.0
=== Fri 17 Jul 18:35:10 CEST 2026 ===
RAM_used: 139 MB
temp=54.8'C
CPU%: 2.0
=== Fri 17 Jul 18:35:40 CEST 2026 ===
RAM_used: 138 MB
temp=55.8'C
CPU%: 2.0
=== Fri 17 Jul 18:36:10 CEST 2026 ===
RAM_used: 139 MB
temp=55.3'C
CPU%: 2.0
=== Fri 17 Jul 18:36:40 CEST 2026 ===
RAM_used: 139 MB
temp=55.3'C
CPU%: 2.0
=== Fri 17 Jul 18:37:11 CEST 2026 ===
RAM_used: 139 MB
temp=55.3'C
CPU%: 2.0
=== Fri 17 Jul 18:37:41 CEST 2026 ===
RAM_used: 139 MB
temp=55.8'C
CPU%: 3.9
=== Fri 17 Jul 18:38:11 CEST 2026 ===
RAM_used: 139 MB
temp=55.3'C
CPU%: 2.0
=== Fri 17 Jul 18:38:42 CEST 2026 ===
RAM_used: 140 MB
temp=55.8'C
CPU%: 0.0
=== Fri 17 Jul 18:39:12 CEST 2026 ===
RAM_used: 137 MB
temp=55.8'C
CPU%: 2.0
=== Fri 17 Jul 18:39:42 CEST 2026 ===
RAM_used: 138 MB
temp=55.3'C
CPU%: 0.0
=== Fri 17 Jul 18:40:13 CEST 2026 ===
RAM_used: 138 MB
temp=54.8'C
CPU%: 0.0
=== Fri 17 Jul 18:40:43 CEST 2026 ===
RAM_used: 138 MB
temp=55.3'C
CPU%: 2.0
=== Fri 17 Jul 18:41:13 CEST 2026 ===
RAM_used: 139 MB
temp=54.8'C
CPU%: 3.9
=== Fri 17 Jul 18:41:43 CEST 2026 ===
RAM_used: 138 MB
temp=55.3'C
CPU%: 2.0
=== Fri 17 Jul 18:42:14 CEST 2026 ===
RAM_used: 138 MB
temp=55.3'C
CPU%: 2.0
=== Fri 17 Jul 18:42:44 CEST 2026 ===
RAM_used: 137 MB
temp=55.8'C
CPU%: 4.1
=== Fri 17 Jul 18:43:14 CEST 2026 ===
RAM_used: 139 MB
temp=55.8'C
CPU%: 2.0
=== Fri 17 Jul 18:43:45 CEST 2026 ===
RAM_used: 139 MB
temp=55.3'C
CPU%: 0.0
=== Fri 17 Jul 18:44:15 CEST 2026 ===
RAM_used: 139 MB
temp=56.4'C
CPU%: 0.0
=== Fri 17 Jul 18:44:45 CEST 2026 ===
RAM_used: 138 MB
temp=55.8'C
CPU%: 2.0
=== Fri 17 Jul 18:45:15 CEST 2026 ===
RAM_used: 139 MB
temp=55.8'C
CPU%: 2.0
=== Fri 17 Jul 18:45:46 CEST 2026 ===
RAM_used: 141 MB
temp=55.8'C
CPU%: 3.9
=== Fri 17 Jul 18:46:16 CEST 2026 ===
RAM_used: 143 MB
temp=55.8'C
CPU%: 2.0
=== Fri 17 Jul 18:46:46 CEST 2026 ===
RAM_used: 143 MB
temp=55.8'C
CPU%: 2.0
=== Fri 17 Jul 18:47:17 CEST 2026 ===
RAM_used: 142 MB
temp=55.3'C
CPU%: 2.0
=== Fri 17 Jul 18:47:47 CEST 2026 ===
RAM_used: 142 MB
temp=55.8'C
CPU%: 2.0
=== Fri 17 Jul 18:48:17 CEST 2026 ===
RAM_used: 144 MB
temp=55.8'C
CPU%: 2.0
=== Fri 17 Jul 18:48:48 CEST 2026 ===
RAM_used: 143 MB
temp=55.8'C
CPU%: 2.0
