=== Fri 17 Jul 13:01:37 CEST 2026 ===
RAM_used: 160 MB
temp=51.5'C
CPU%: 1.5
=== Fri 17 Jul 13:02:07 CEST 2026 ===
RAM_used: 159 MB
temp=51.5'C
CPU%: 2.0
=== Fri 17 Jul 13:02:38 CEST 2026 ===
RAM_used: 327 MB
temp=56.9'C
CPU%: 25.5
=== Fri 17 Jul 13:03:08 CEST 2026 ===
RAM_used: 331 MB
temp=52.6'C
CPU%: 0.0
=== Fri 17 Jul 13:03:38 CEST 2026 ===
RAM_used: 330 MB
temp=52.1'C
CPU%: 0.0
=== Fri 17 Jul 13:04:09 CEST 2026 ===
RAM_used: 330 MB
temp=51.5'C
CPU%: 2.0
=== Fri 17 Jul 13:04:39 CEST 2026 ===
RAM_used: 330 MB
temp=51.0'C
CPU%: 0.0
=== Fri 17 Jul 13:05:09 CEST 2026 ===
RAM_used: 331 MB
temp=51.5'C
CPU%: 2.0
=== Fri 17 Jul 13:05:39 CEST 2026 ===
RAM_used: 330 MB
temp=51.5'C
CPU%: 2.0
=== Fri 17 Jul 13:06:10 CEST 2026 ===
RAM_used: 330 MB
temp=51.5'C
CPU%: 2.0
=== Fri 17 Jul 13:06:40 CEST 2026 ===
RAM_used: 330 MB
temp=51.5'C
CPU%: 3.8
=== Fri 17 Jul 13:07:10 CEST 2026 ===
RAM_used: 380 MB
temp=54.8'C
CPU%: 19.6
=== Fri 17 Jul 13:07:41 CEST 2026 ===
RAM_used: 632 MB
temp=56.9'C
CPU%: 4.3
=== Fri 17 Jul 13:08:11 CEST 2026 ===
RAM_used: 634 MB
temp=53.2'C
CPU%: 2.0
=== Fri 17 Jul 13:08:41 CEST 2026 ===
RAM_used: 635 MB
temp=52.1'C
CPU%: 2.0
=== Fri 17 Jul 13:09:12 CEST 2026 ===
RAM_used: 638 MB
temp=51.5'C
CPU%: 0.0
=== Fri 17 Jul 13:09:42 CEST 2026 ===
RAM_used: 639 MB
temp=52.1'C
CPU%: 2.1
=== Fri 17 Jul 13:10:12 CEST 2026 ===
RAM_used: 639 MB
temp=51.5'C
CPU%: 1.9
=== Fri 17 Jul 13:10:42 CEST 2026 ===
RAM_used: 638 MB
temp=52.1'C
CPU%: 2.0
=== Fri 17 Jul 13:11:13 CEST 2026 ===
RAM_used: 640 MB
temp=51.5'C
CPU%: 4.0
=== Fri 17 Jul 13:11:43 CEST 2026 ===
RAM_used: 335 MB
temp=56.4'C
CPU%: 2.0
=== Fri 17 Jul 13:12:13 CEST 2026 ===
RAM_used: 637 MB
temp=59.1'C
CPU%: 18.2
=== Fri 17 Jul 13:12:44 CEST 2026 ===
RAM_used: 653 MB
temp=62.3'C
CPU%: 25.5
=== Fri 17 Jul 13:13:14 CEST 2026 ===
RAM_used: 653 MB
temp=62.8'C
CPU%: 25.5
=== Fri 17 Jul 13:13:44 CEST 2026 ===
RAM_used: 653 MB
temp=63.4'C
CPU%: 25.5
=== Fri 17 Jul 13:14:14 CEST 2026 ===
RAM_used: 656 MB
temp=64.5'C
CPU%: 27.7
=== Fri 17 Jul 13:14:45 CEST 2026 ===
RAM_used: 659 MB
temp=65.0'C
CPU%: 26.1
=== Fri 17 Jul 13:15:15 CEST 2026 ===
RAM_used: 660 MB
temp=65.0'C
CPU%: 26.1
=== Fri 17 Jul 13:15:45 CEST 2026 ===
RAM_used: 660 MB
temp=65.5'C
CPU%: 2.2
=== Fri 17 Jul 13:16:15 CEST 2026 ===
RAM_used: 659 MB
temp=66.1'C
CPU%: 25.5
=== Fri 17 Jul 13:16:46 CEST 2026 ===
RAM_used: 660 MB
temp=65.5'C
CPU%: 26.1
=== Fri 17 Jul 13:17:16 CEST 2026 ===
RAM_used: 660 MB
temp=65.5'C
CPU%: 25.5
=== Fri 17 Jul 13:17:46 CEST 2026 ===
RAM_used: 661 MB
temp=66.1'C
CPU%: 2.1
=== Fri 17 Jul 13:18:17 CEST 2026 ===
RAM_used: 662 MB
temp=66.6'C
CPU%: 27.1
=== Fri 17 Jul 13:18:47 CEST 2026 ===
RAM_used: 663 MB
temp=66.6'C
CPU%: 26.1
=== Fri 17 Jul 13:19:17 CEST 2026 ===
RAM_used: 663 MB
temp=67.1'C
CPU%: 25.5
=== Fri 17 Jul 13:19:47 CEST 2026 ===
RAM_used: 664 MB
temp=66.6'C
CPU%: 13.0
=== Fri 17 Jul 13:20:18 CEST 2026 ===
RAM_used: 665 MB
temp=67.7'C
CPU%: 26.7
=== Fri 17 Jul 13:20:48 CEST 2026 ===
RAM_used: 666 MB
temp=67.7'C
CPU%: 26.1
=== Fri 17 Jul 13:21:18 CEST 2026 ===
RAM_used: 666 MB
temp=68.2'C
CPU%: 26.1
=== Fri 17 Jul 13:21:48 CEST 2026 ===
RAM_used: 667 MB
temp=66.6'C
CPU%: 17.0
=== Fri 17 Jul 13:22:19 CEST 2026 ===
RAM_used: 666 MB
temp=68.2'C
CPU%: 13.0
=== Fri 17 Jul 13:22:49 CEST 2026 ===
RAM_used: 152 MB
temp=60.1'C
CPU%: 4.1
=== Fri 17 Jul 13:23:19 CEST 2026 ===
RAM_used: 153 MB
temp=58.0'C
CPU%: 3.9
=== Fri 17 Jul 13:23:50 CEST 2026 ===
RAM_used: 156 MB
temp=56.9'C
CPU%: 2.0
=== Fri 17 Jul 13:24:20 CEST 2026 ===
RAM_used: 156 MB
temp=56.9'C
CPU%: 4.0
=== Fri 17 Jul 13:24:50 CEST 2026 ===
RAM_used: 156 MB
temp=56.4'C
CPU%: 0.0
=== Fri 17 Jul 13:25:20 CEST 2026 ===
RAM_used: 156 MB
temp=55.8'C
CPU%: 4.0
=== Fri 17 Jul 13:25:51 CEST 2026 ===
RAM_used: 157 MB
temp=55.3'C
CPU%: 0.0
=== Fri 17 Jul 13:26:21 CEST 2026 ===
RAM_used: 157 MB
temp=55.3'C
CPU%: 0.0
=== Fri 17 Jul 13:26:51 CEST 2026 ===
RAM_used: 157 MB
temp=54.8'C
CPU%: 2.0
=== Fri 17 Jul 13:27:22 CEST 2026 ===
RAM_used: 156 MB
temp=54.8'C
CPU%: 2.0
=== Fri 17 Jul 13:27:52 CEST 2026 ===
RAM_used: 156 MB
temp=54.2'C
CPU%: 2.0
=== Fri 17 Jul 13:28:22 CEST 2026 ===
RAM_used: 157 MB
temp=54.2'C
CPU%: 2.0
=== Fri 17 Jul 13:28:53 CEST 2026 ===
RAM_used: 156 MB
temp=54.2'C
CPU%: 2.0
=== Fri 17 Jul 13:29:23 CEST 2026 ===
RAM_used: 157 MB
temp=53.7'C
CPU%: 0.0
=== Fri 17 Jul 13:29:53 CEST 2026 ===
RAM_used: 156 MB
temp=53.7'C
CPU%: 3.9
=== Fri 17 Jul 13:30:23 CEST 2026 ===
RAM_used: 156 MB
temp=53.7'C
CPU%: 2.0
=== Fri 17 Jul 13:30:54 CEST 2026 ===
RAM_used: 156 MB
temp=53.7'C
CPU%: 2.0
=== Fri 17 Jul 13:31:24 CEST 2026 ===
RAM_used: 156 MB
temp=53.2'C
CPU%: 3.9
=== Fri 17 Jul 13:31:54 CEST 2026 ===
RAM_used: 156 MB
temp=53.2'C
CPU%: 2.0
=== Fri 17 Jul 13:32:25 CEST 2026 ===
RAM_used: 157 MB
temp=53.2'C
CPU%: 4.0
=== Fri 17 Jul 13:32:55 CEST 2026 ===
RAM_used: 157 MB
temp=53.2'C
CPU%: 3.9
=== Fri 17 Jul 13:33:25 CEST 2026 ===
RAM_used: 157 MB
temp=53.7'C
CPU%: 2.0
=== Fri 17 Jul 13:33:56 CEST 2026 ===
RAM_used: 157 MB
temp=53.2'C
CPU%: 4.0
=== Fri 17 Jul 13:34:26 CEST 2026 ===
RAM_used: 157 MB
temp=53.2'C
CPU%: 2.0
=== Fri 17 Jul 13:34:56 CEST 2026 ===
RAM_used: 157 MB
temp=53.2'C
CPU%: 3.9
=== Fri 17 Jul 13:35:26 CEST 2026 ===
RAM_used: 157 MB
temp=52.6'C
CPU%: 0.0
=== Fri 17 Jul 13:35:57 CEST 2026 ===
RAM_used: 157 MB
temp=52.6'C
CPU%: 3.9
=== Fri 17 Jul 13:36:27 CEST 2026 ===
RAM_used: 157 MB
temp=52.6'C
CPU%: 2.0
=== Fri 17 Jul 13:36:57 CEST 2026 ===
RAM_used: 157 MB
temp=53.2'C
CPU%: 3.9
=== Fri 17 Jul 13:37:28 CEST 2026 ===
RAM_used: 157 MB
temp=52.1'C
CPU%: 0.0
=== Fri 17 Jul 13:37:58 CEST 2026 ===
RAM_used: 157 MB
temp=52.6'C
CPU%: 2.0
=== Fri 17 Jul 13:38:28 CEST 2026 ===
RAM_used: 157 MB
temp=52.6'C
CPU%: 0.0
=== Fri 17 Jul 13:38:59 CEST 2026 ===
RAM_used: 157 MB
temp=52.6'C
CPU%: 2.0
=== Fri 17 Jul 13:39:29 CEST 2026 ===
RAM_used: 158 MB
temp=52.6'C
CPU%: 4.0
=== Fri 17 Jul 13:39:59 CEST 2026 ===
RAM_used: 157 MB
temp=52.6'C
CPU%: 4.0
=== Fri 17 Jul 13:40:29 CEST 2026 ===
RAM_used: 156 MB
temp=52.6'C
CPU%: 2.0
=== Fri 17 Jul 13:41:00 CEST 2026 ===
RAM_used: 156 MB
temp=52.6'C
CPU%: 3.8
=== Fri 17 Jul 13:41:30 CEST 2026 ===
RAM_used: 156 MB
temp=52.1'C
CPU%: 2.0
=== Fri 17 Jul 13:42:00 CEST 2026 ===
RAM_used: 156 MB
temp=52.1'C
CPU%: 2.0
=== Fri 17 Jul 13:42:31 CEST 2026 ===
RAM_used: 158 MB
temp=52.6'C
CPU%: 1.9
=== Fri 17 Jul 13:43:01 CEST 2026 ===
RAM_used: 284 MB
temp=58.0'C
CPU%: 8.9
=== Fri 17 Jul 13:43:31 CEST 2026 ===
RAM_used: 561 MB
temp=59.6'C
CPU%: 2.1
=== Fri 17 Jul 13:44:01 CEST 2026 ===
RAM_used: 645 MB
temp=62.3'C
CPU%: 25.5
=== Fri 17 Jul 13:44:32 CEST 2026 ===
RAM_used: 647 MB
temp=63.4'C
CPU%: 25.5
=== Fri 17 Jul 13:45:02 CEST 2026 ===
RAM_used: 648 MB
temp=63.4'C
CPU%: 26.1
=== Fri 17 Jul 13:45:32 CEST 2026 ===
RAM_used: 660 MB
temp=64.5'C
CPU%: 23.9
=== Fri 17 Jul 13:46:02 CEST 2026 ===
RAM_used: 660 MB
temp=65.5'C
CPU%: 26.1
=== Fri 17 Jul 13:46:33 CEST 2026 ===
RAM_used: 660 MB
temp=65.5'C
CPU%: 25.5
=== Fri 17 Jul 13:47:03 CEST 2026 ===
RAM_used: 660 MB
temp=66.1'C
CPU%: 27.7
=== Fri 17 Jul 13:47:33 CEST 2026 ===
RAM_used: 662 MB
temp=66.6'C
CPU%: 23.9
=== Fri 17 Jul 13:48:04 CEST 2026 ===
RAM_used: 662 MB
temp=66.6'C
CPU%: 26.7
=== Fri 17 Jul 13:48:34 CEST 2026 ===
RAM_used: 662 MB
temp=66.6'C
CPU%: 26.1
=== Fri 17 Jul 13:49:04 CEST 2026 ===
RAM_used: 665 MB
temp=66.6'C
CPU%: 26.1
=== Fri 17 Jul 13:49:34 CEST 2026 ===
RAM_used: 668 MB
temp=67.7'C
CPU%: 25.5
=== Fri 17 Jul 13:50:05 CEST 2026 ===
RAM_used: 668 MB
temp=67.1'C
CPU%: 23.9
=== Fri 17 Jul 13:50:35 CEST 2026 ===
RAM_used: 668 MB
temp=67.7'C
CPU%: 24.4
=== Fri 17 Jul 13:51:05 CEST 2026 ===
RAM_used: 668 MB
temp=67.7'C
CPU%: 23.9
=== Fri 17 Jul 13:51:35 CEST 2026 ===
RAM_used: 669 MB
temp=67.7'C
CPU%: 25.5
=== Fri 17 Jul 13:52:06 CEST 2026 ===
RAM_used: 668 MB
temp=67.7'C
CPU%: 25.5
=== Fri 17 Jul 13:52:36 CEST 2026 ===
RAM_used: 669 MB
temp=68.8'C
CPU%: 27.7
=== Fri 17 Jul 13:53:06 CEST 2026 ===
RAM_used: 668 MB
temp=68.8'C
CPU%: 25.5
=== Fri 17 Jul 13:53:36 CEST 2026 ===
RAM_used: 670 MB
temp=68.8'C
CPU%: 25.5
=== Fri 17 Jul 13:54:07 CEST 2026 ===
RAM_used: 149 MB
temp=62.3'C
CPU%: 2.0
=== Fri 17 Jul 13:54:37 CEST 2026 ===
RAM_used: 151 MB
temp=59.1'C
CPU%: 2.0
=== Fri 17 Jul 13:55:07 CEST 2026 ===
RAM_used: 153 MB
temp=57.5'C
CPU%: 0.0
=== Fri 17 Jul 13:55:38 CEST 2026 ===
RAM_used: 153 MB
temp=56.9'C
CPU%: 0.0
=== Fri 17 Jul 13:56:08 CEST 2026 ===
RAM_used: 153 MB
temp=56.9'C
CPU%: 2.0
=== Fri 17 Jul 13:56:38 CEST 2026 ===
RAM_used: 154 MB
temp=56.4'C
CPU%: 3.9
=== Fri 17 Jul 13:57:09 CEST 2026 ===
RAM_used: 154 MB
temp=56.4'C
CPU%: 2.0
=== Fri 17 Jul 13:57:39 CEST 2026 ===
RAM_used: 155 MB
temp=55.3'C
CPU%: 2.1
=== Fri 17 Jul 13:58:09 CEST 2026 ===
RAM_used: 155 MB
temp=55.8'C
CPU%: 2.0
=== Fri 17 Jul 13:58:39 CEST 2026 ===
RAM_used: 155 MB
temp=54.8'C
CPU%: 2.0
=== Fri 17 Jul 13:59:10 CEST 2026 ===
RAM_used: 154 MB
temp=54.8'C
CPU%: 1.9
=== Fri 17 Jul 13:59:40 CEST 2026 ===
RAM_used: 154 MB
temp=54.8'C
CPU%: 2.0
=== Fri 17 Jul 14:00:10 CEST 2026 ===
RAM_used: 155 MB
temp=54.2'C
CPU%: 2.0
=== Fri 17 Jul 14:00:41 CEST 2026 ===
RAM_used: 156 MB
temp=54.8'C
CPU%: 0.0
=== Fri 17 Jul 14:01:11 CEST 2026 ===
RAM_used: 156 MB
temp=54.2'C
CPU%: 2.0
=== Fri 17 Jul 14:01:41 CEST 2026 ===
RAM_used: 155 MB
temp=53.7'C
CPU%: 5.9
=== Fri 17 Jul 14:02:12 CEST 2026 ===
RAM_used: 156 MB
temp=54.2'C
CPU%: 2.0
=== Fri 17 Jul 14:02:42 CEST 2026 ===
RAM_used: 156 MB
temp=53.7'C
CPU%: 2.0
=== Fri 17 Jul 14:03:12 CEST 2026 ===
RAM_used: 158 MB
temp=53.7'C
CPU%: 2.0
=== Fri 17 Jul 14:03:42 CEST 2026 ===
RAM_used: 157 MB
temp=54.2'C
CPU%: 2.0
=== Fri 17 Jul 14:04:13 CEST 2026 ===
RAM_used: 437 MB
temp=60.7'C
CPU%: 28.3
=== Fri 17 Jul 14:04:43 CEST 2026 ===
RAM_used: 647 MB
temp=61.2'C
CPU%: 28.6
=== Fri 17 Jul 14:05:13 CEST 2026 ===
RAM_used: 650 MB
temp=63.4'C
CPU%: 26.1
=== Fri 17 Jul 14:05:44 CEST 2026 ===
RAM_used: 651 MB
temp=64.5'C
CPU%: 25.5
=== Fri 17 Jul 14:06:14 CEST 2026 ===
RAM_used: 662 MB
temp=65.0'C
CPU%: 25.5
=== Fri 17 Jul 14:06:44 CEST 2026 ===
RAM_used: 663 MB
temp=65.5'C
CPU%: 27.1
=== Fri 17 Jul 14:07:14 CEST 2026 ===
RAM_used: 665 MB
temp=66.6'C
CPU%: 26.1
=== Fri 17 Jul 14:07:45 CEST 2026 ===
RAM_used: 664 MB
temp=66.6'C
CPU%: 23.9
=== Fri 17 Jul 14:08:15 CEST 2026 ===
RAM_used: 666 MB
temp=66.6'C
CPU%: 25.5
=== Fri 17 Jul 14:08:45 CEST 2026 ===
RAM_used: 666 MB
temp=67.1'C
CPU%: 26.7
=== Fri 17 Jul 14:09:15 CEST 2026 ===
RAM_used: 666 MB
temp=67.1'C
CPU%: 23.4
=== Fri 17 Jul 14:09:46 CEST 2026 ===
RAM_used: 665 MB
temp=67.7'C
CPU%: 26.1
=== Fri 17 Jul 14:10:16 CEST 2026 ===
RAM_used: 669 MB
temp=67.7'C
CPU%: 28.3
=== Fri 17 Jul 14:10:46 CEST 2026 ===
RAM_used: 670 MB
temp=67.7'C
CPU%: 25.5
=== Fri 17 Jul 14:11:16 CEST 2026 ===
RAM_used: 669 MB
temp=68.8'C
CPU%: 25.5
=== Fri 17 Jul 14:11:47 CEST 2026 ===
RAM_used: 669 MB
temp=68.2'C
CPU%: 26.1
=== Fri 17 Jul 14:12:17 CEST 2026 ===
RAM_used: 672 MB
temp=67.7'C
CPU%: 24.4
=== Fri 17 Jul 14:12:47 CEST 2026 ===
RAM_used: 671 MB
temp=67.7'C
CPU%: 26.1
=== Fri 17 Jul 14:13:18 CEST 2026 ===
RAM_used: 671 MB
temp=68.8'C
CPU%: 25.5
=== Fri 17 Jul 14:13:48 CEST 2026 ===
RAM_used: 670 MB
temp=69.3'C
CPU%: 26.1
=== Fri 17 Jul 14:14:18 CEST 2026 ===
RAM_used: 673 MB
temp=68.8'C
CPU%: 26.7
=== Fri 17 Jul 14:14:48 CEST 2026 ===
RAM_used: 660 MB
temp=70.9'C
CPU%: 51.0
=== Fri 17 Jul 14:15:19 CEST 2026 ===
RAM_used: 150 MB
temp=60.7'C
CPU%: 0.0
=== Fri 17 Jul 14:15:49 CEST 2026 ===
RAM_used: 153 MB
temp=59.6'C
CPU%: 2.0
=== Fri 17 Jul 14:16:19 CEST 2026 ===
RAM_used: 150 MB
temp=59.1'C
CPU%: 1.9
=== Fri 17 Jul 14:16:50 CEST 2026 ===
RAM_used: 150 MB
temp=56.9'C
CPU%: 0.0
=== Fri 17 Jul 14:17:20 CEST 2026 ===
RAM_used: 151 MB
temp=58.0'C
CPU%: 2.0
=== Fri 17 Jul 14:17:50 CEST 2026 ===
RAM_used: 150 MB
temp=57.5'C
CPU%: 2.0
=== Fri 17 Jul 14:18:20 CEST 2026 ===
RAM_used: 504 MB
temp=63.9'C
CPU%: 14.6
=== Fri 17 Jul 14:18:51 CEST 2026 ===
RAM_used: 311 MB
temp=59.1'C
CPU%: 2.0
=== Fri 17 Jul 14:19:21 CEST 2026 ===
RAM_used: 314 MB
temp=58.0'C
CPU%: 4.0
=== Fri 17 Jul 14:19:51 CEST 2026 ===
RAM_used: 313 MB
temp=57.5'C
CPU%: 4.0
=== Fri 17 Jul 14:20:22 CEST 2026 ===
RAM_used: 315 MB
temp=56.9'C
CPU%: 2.0
=== Fri 17 Jul 14:20:52 CEST 2026 ===
RAM_used: 315 MB
temp=55.8'C
CPU%: 4.0
=== Fri 17 Jul 14:21:22 CEST 2026 ===
RAM_used: 315 MB
temp=54.8'C
CPU%: 2.0
=== Fri 17 Jul 14:21:52 CEST 2026 ===
RAM_used: 315 MB
temp=55.3'C
CPU%: 2.0
=== Fri 17 Jul 14:22:23 CEST 2026 ===
RAM_used: 316 MB
temp=55.8'C
CPU%: 2.0
=== Fri 17 Jul 14:22:53 CEST 2026 ===
RAM_used: 532 MB
temp=61.8'C
CPU%: 26.1
=== Fri 17 Jul 14:23:23 CEST 2026 ===
RAM_used: 643 MB
temp=63.9'C
CPU%: 25.5
=== Fri 17 Jul 14:23:54 CEST 2026 ===
RAM_used: 643 MB
temp=65.0'C
CPU%: 27.1
=== Fri 17 Jul 14:24:24 CEST 2026 ===
RAM_used: 644 MB
temp=65.5'C
CPU%: 24.5
=== Fri 17 Jul 14:24:54 CEST 2026 ===
RAM_used: 655 MB
temp=64.5'C
CPU%: 26.5
=== Fri 17 Jul 14:25:24 CEST 2026 ===
RAM_used: 656 MB
temp=62.3'C
CPU%: 0.0
=== Fri 17 Jul 14:25:55 CEST 2026 ===
RAM_used: 659 MB
temp=62.3'C
CPU%: 26.1
=== Fri 17 Jul 14:26:25 CEST 2026 ===
RAM_used: 661 MB
temp=65.5'C
CPU%: 27.7
=== Fri 17 Jul 14:26:55 CEST 2026 ===
RAM_used: 661 MB
temp=66.6'C
CPU%: 27.7
=== Fri 17 Jul 14:27:26 CEST 2026 ===
RAM_used: 662 MB
temp=64.5'C
CPU%: 2.1
=== Fri 17 Jul 14:27:56 CEST 2026 ===
RAM_used: 663 MB
temp=59.1'C
CPU%: 2.0
=== Fri 17 Jul 14:28:26 CEST 2026 ===
RAM_used: 665 MB
temp=58.0'C
CPU%: 2.0
=== Fri 17 Jul 14:28:56 CEST 2026 ===
RAM_used: 665 MB
temp=56.9'C
CPU%: 4.0
=== Fri 17 Jul 14:29:27 CEST 2026 ===
RAM_used: 667 MB
temp=65.0'C
CPU%: 25.5
=== Fri 17 Jul 14:29:57 CEST 2026 ===
RAM_used: 663 MB
temp=58.0'C
CPU%: 1.9
=== Fri 17 Jul 14:30:27 CEST 2026 ===
RAM_used: 665 MB
temp=65.0'C
CPU%: 23.9
=== Fri 17 Jul 14:30:58 CEST 2026 ===
RAM_used: 665 MB
temp=65.5'C
CPU%: 26.1
=== Fri 17 Jul 14:31:28 CEST 2026 ===
RAM_used: 666 MB
temp=66.6'C
CPU%: 27.7
=== Fri 17 Jul 14:31:58 CEST 2026 ===
RAM_used: 668 MB
temp=59.1'C
CPU%: 2.0
=== Fri 17 Jul 14:32:28 CEST 2026 ===
RAM_used: 665 MB
temp=58.0'C
CPU%: 2.0
=== Fri 17 Jul 14:32:59 CEST 2026 ===
RAM_used: 665 MB
temp=56.9'C
CPU%: 2.0
=== Fri 17 Jul 14:33:29 CEST 2026 ===
RAM_used: 667 MB
temp=64.5'C
CPU%: 23.9
=== Fri 17 Jul 14:33:59 CEST 2026 ===
RAM_used: 669 MB
temp=58.5'C
CPU%: 5.8
=== Fri 17 Jul 14:34:30 CEST 2026 ===
RAM_used: 669 MB
temp=63.4'C
CPU%: 25.5
=== Fri 17 Jul 14:35:00 CEST 2026 ===
RAM_used: 665 MB
temp=65.5'C
CPU%: 28.3
=== Fri 17 Jul 14:35:30 CEST 2026 ===
RAM_used: 666 MB
temp=66.6'C
CPU%: 27.7
=== Fri 17 Jul 14:36:00 CEST 2026 ===
RAM_used: 666 MB
temp=60.7'C
CPU%: 4.1
=== Fri 17 Jul 14:36:31 CEST 2026 ===
RAM_used: 666 MB
temp=58.0'C
CPU%: 4.0
=== Fri 17 Jul 14:37:01 CEST 2026 ===
RAM_used: 668 MB
temp=58.0'C
CPU%: 2.0
=== Fri 17 Jul 14:37:31 CEST 2026 ===
RAM_used: 671 MB
temp=62.3'C
CPU%: 26.1
=== Fri 17 Jul 14:38:01 CEST 2026 ===
RAM_used: 670 MB
temp=60.7'C
CPU%: 2.0
=== Fri 17 Jul 14:38:32 CEST 2026 ===
RAM_used: 671 MB
temp=61.2'C
CPU%: 25.0
=== Fri 17 Jul 14:39:02 CEST 2026 ===
RAM_used: 670 MB
temp=65.0'C
CPU%: 27.7
=== Fri 17 Jul 14:39:32 CEST 2026 ===
RAM_used: 669 MB
temp=65.5'C
CPU%: 23.9
=== Fri 17 Jul 14:40:03 CEST 2026 ===
RAM_used: 670 MB
temp=63.4'C
CPU%: 0.0
=== Fri 17 Jul 14:40:33 CEST 2026 ===
RAM_used: 671 MB
temp=58.0'C
CPU%: 2.0
=== Fri 17 Jul 14:41:03 CEST 2026 ===
RAM_used: 671 MB
temp=56.9'C
CPU%: 2.0
=== Fri 17 Jul 14:41:33 CEST 2026 ===
RAM_used: 674 MB
temp=56.4'C
CPU%: 2.0
=== Fri 17 Jul 14:42:04 CEST 2026 ===
RAM_used: 673 MB
temp=64.5'C
CPU%: 28.3
=== Fri 17 Jul 14:42:34 CEST 2026 ===
RAM_used: 673 MB
temp=58.0'C
CPU%: 2.0
=== Fri 17 Jul 14:43:04 CEST 2026 ===
RAM_used: 146 MB
temp=57.5'C
CPU%: 2.0
=== Fri 17 Jul 14:43:35 CEST 2026 ===
RAM_used: 146 MB
temp=56.4'C
CPU%: 2.0
=== Fri 17 Jul 14:44:05 CEST 2026 ===
RAM_used: 149 MB
temp=56.4'C
CPU%: 3.9
=== Fri 17 Jul 14:44:35 CEST 2026 ===
RAM_used: 152 MB
temp=56.4'C
CPU%: 2.0
=== Fri 17 Jul 14:45:05 CEST 2026 ===
RAM_used: 155 MB
temp=55.8'C
CPU%: 4.0
=== Fri 17 Jul 14:45:36 CEST 2026 ===
RAM_used: 153 MB
temp=55.8'C
CPU%: 2.0
=== Fri 17 Jul 14:46:06 CEST 2026 ===
RAM_used: 153 MB
temp=55.3'C
CPU%: 2.0
=== Fri 17 Jul 14:46:36 CEST 2026 ===
RAM_used: 154 MB
temp=54.8'C
CPU%: 4.1
=== Fri 17 Jul 14:47:07 CEST 2026 ===
RAM_used: 154 MB
temp=54.8'C
CPU%: 1.9
=== Fri 17 Jul 14:47:37 CEST 2026 ===
RAM_used: 154 MB
temp=54.8'C
CPU%: 2.0
=== Fri 17 Jul 14:48:07 CEST 2026 ===
RAM_used: 154 MB
temp=54.8'C
CPU%: 2.0
=== Fri 17 Jul 14:48:38 CEST 2026 ===
RAM_used: 154 MB
temp=54.8'C
CPU%: 0.0
=== Fri 17 Jul 14:49:08 CEST 2026 ===
RAM_used: 154 MB
temp=54.2'C
CPU%: 2.0
=== Fri 17 Jul 14:49:38 CEST 2026 ===
RAM_used: 154 MB
temp=54.2'C
CPU%: 2.0
=== Fri 17 Jul 14:50:08 CEST 2026 ===
RAM_used: 155 MB
temp=53.7'C
CPU%: 2.0
=== Fri 17 Jul 14:50:39 CEST 2026 ===
RAM_used: 154 MB
temp=54.2'C
CPU%: 2.0
=== Fri 17 Jul 14:51:09 CEST 2026 ===
RAM_used: 154 MB
temp=54.2'C
CPU%: 2.0
=== Fri 17 Jul 14:51:39 CEST 2026 ===
RAM_used: 153 MB
temp=53.7'C
CPU%: 2.0
=== Fri 17 Jul 14:52:10 CEST 2026 ===
RAM_used: 154 MB
temp=53.7'C
CPU%: 3.9
=== Fri 17 Jul 14:52:40 CEST 2026 ===
RAM_used: 155 MB
temp=53.7'C
CPU%: 2.0
=== Fri 17 Jul 14:53:10 CEST 2026 ===
RAM_used: 154 MB
temp=53.7'C
CPU%: 0.0
=== Fri 17 Jul 14:53:41 CEST 2026 ===
RAM_used: 156 MB
temp=53.7'C
CPU%: 3.9
=== Fri 17 Jul 14:54:11 CEST 2026 ===
RAM_used: 155 MB
temp=53.7'C
CPU%: 2.0
=== Fri 17 Jul 14:54:41 CEST 2026 ===
RAM_used: 155 MB
temp=53.2'C
CPU%: 2.0
=== Fri 17 Jul 14:55:11 CEST 2026 ===
RAM_used: 155 MB
temp=53.7'C
CPU%: 2.0
=== Fri 17 Jul 14:55:42 CEST 2026 ===
RAM_used: 155 MB
temp=53.7'C
CPU%: 2.0
=== Fri 17 Jul 14:56:12 CEST 2026 ===
RAM_used: 154 MB
temp=53.7'C
CPU%: 0.0
=== Fri 17 Jul 14:56:42 CEST 2026 ===
RAM_used: 153 MB
temp=53.7'C
CPU%: 8.7
=== Fri 17 Jul 14:57:13 CEST 2026 ===
RAM_used: 151 MB
temp=53.7'C
CPU%: 4.0
=== Fri 17 Jul 14:57:43 CEST 2026 ===
RAM_used: 152 MB
temp=53.7'C
CPU%: 0.0
=== Fri 17 Jul 14:58:13 CEST 2026 ===
RAM_used: 153 MB
temp=53.7'C
CPU%: 2.0
=== Fri 17 Jul 14:58:44 CEST 2026 ===
RAM_used: 153 MB
temp=54.8'C
CPU%: 2.0
=== Fri 17 Jul 14:59:14 CEST 2026 ===
RAM_used: 155 MB
temp=54.8'C
CPU%: 2.0
=== Fri 17 Jul 14:59:44 CEST 2026 ===
RAM_used: 155 MB
temp=53.7'C
CPU%: 2.0
=== Fri 17 Jul 15:00:14 CEST 2026 ===
RAM_used: 155 MB
temp=53.7'C
CPU%: 2.0
=== Fri 17 Jul 15:00:45 CEST 2026 ===
RAM_used: 155 MB
temp=54.2'C
CPU%: 2.0
=== Fri 17 Jul 15:01:15 CEST 2026 ===
RAM_used: 155 MB
temp=53.7'C
CPU%: 2.0
=== Fri 17 Jul 15:01:45 CEST 2026 ===
RAM_used: 155 MB
temp=54.2'C
CPU%: 2.0
=== Fri 17 Jul 15:02:16 CEST 2026 ===
RAM_used: 154 MB
temp=53.7'C
CPU%: 0.0
=== Fri 17 Jul 15:02:46 CEST 2026 ===
RAM_used: 154 MB
temp=53.7'C
CPU%: 2.0
=== Fri 17 Jul 15:03:16 CEST 2026 ===
RAM_used: 153 MB
temp=54.2'C
CPU%: 4.1
=== Fri 17 Jul 15:03:47 CEST 2026 ===
RAM_used: 154 MB
temp=54.2'C
CPU%: 0.0
=== Fri 17 Jul 15:04:17 CEST 2026 ===
RAM_used: 155 MB
temp=54.2'C
CPU%: 0.0
=== Fri 17 Jul 15:04:47 CEST 2026 ===
RAM_used: 154 MB
temp=54.2'C
CPU%: 0.0
=== Fri 17 Jul 15:05:17 CEST 2026 ===
RAM_used: 153 MB
temp=53.7'C
CPU%: 0.0
=== Fri 17 Jul 15:05:48 CEST 2026 ===
RAM_used: 153 MB
temp=54.2'C
CPU%: 2.0
=== Fri 17 Jul 15:06:18 CEST 2026 ===
RAM_used: 154 MB
temp=53.7'C
CPU%: 2.0
=== Fri 17 Jul 15:06:48 CEST 2026 ===
RAM_used: 153 MB
temp=54.2'C
CPU%: 2.0
=== Fri 17 Jul 15:07:19 CEST 2026 ===
RAM_used: 153 MB
temp=53.7'C
CPU%: 2.0
=== Fri 17 Jul 15:07:49 CEST 2026 ===
RAM_used: 152 MB
temp=54.2'C
CPU%: 2.0
=== Fri 17 Jul 15:08:19 CEST 2026 ===
RAM_used: 153 MB
temp=53.7'C
CPU%: 2.0
=== Fri 17 Jul 15:08:50 CEST 2026 ===
RAM_used: 153 MB
temp=54.8'C
CPU%: 2.0
=== Fri 17 Jul 15:09:20 CEST 2026 ===
RAM_used: 153 MB
temp=54.8'C
CPU%: 2.0
=== Fri 17 Jul 15:09:50 CEST 2026 ===
RAM_used: 154 MB
temp=54.2'C
CPU%: 2.0
=== Fri 17 Jul 15:10:20 CEST 2026 ===
RAM_used: 153 MB
temp=53.7'C
CPU%: 0.0
=== Fri 17 Jul 15:10:51 CEST 2026 ===
RAM_used: 155 MB
temp=53.7'C
CPU%: 2.0
=== Fri 17 Jul 15:11:21 CEST 2026 ===
RAM_used: 155 MB
temp=53.7'C
CPU%: 0.0
=== Fri 17 Jul 15:11:51 CEST 2026 ===
RAM_used: 155 MB
temp=53.7'C
CPU%: 2.0
=== Fri 17 Jul 15:12:22 CEST 2026 ===
RAM_used: 155 MB
temp=54.2'C
CPU%: 1.9
=== Fri 17 Jul 15:12:52 CEST 2026 ===
RAM_used: 155 MB
temp=53.7'C
CPU%: 2.0
=== Fri 17 Jul 15:13:22 CEST 2026 ===
RAM_used: 155 MB
temp=53.7'C
CPU%: 0.0
=== Fri 17 Jul 15:13:53 CEST 2026 ===
RAM_used: 154 MB
temp=53.7'C
CPU%: 3.8
=== Fri 17 Jul 15:14:23 CEST 2026 ===
RAM_used: 155 MB
temp=54.2'C
CPU%: 3.8
=== Fri 17 Jul 15:14:53 CEST 2026 ===
RAM_used: 154 MB
temp=54.2'C
CPU%: 0.0
=== Fri 17 Jul 15:15:23 CEST 2026 ===
RAM_used: 154 MB
temp=54.2'C
CPU%: 4.1
=== Fri 17 Jul 15:15:54 CEST 2026 ===
RAM_used: 155 MB
temp=53.7'C
CPU%: 1.9
=== Fri 17 Jul 15:16:24 CEST 2026 ===
RAM_used: 154 MB
temp=54.2'C
CPU%: 2.0
=== Fri 17 Jul 15:16:54 CEST 2026 ===
RAM_used: 154 MB
temp=53.7'C
CPU%: 4.0
=== Fri 17 Jul 15:17:25 CEST 2026 ===
RAM_used: 154 MB
temp=53.7'C
CPU%: 2.0
=== Fri 17 Jul 15:17:55 CEST 2026 ===
RAM_used: 155 MB
temp=54.8'C
CPU%: 2.0
=== Fri 17 Jul 15:18:25 CEST 2026 ===
RAM_used: 154 MB
temp=53.7'C
CPU%: 2.0
=== Fri 17 Jul 15:18:56 CEST 2026 ===
RAM_used: 154 MB
temp=53.7'C
CPU%: 2.0
=== Fri 17 Jul 15:19:26 CEST 2026 ===
RAM_used: 153 MB
temp=53.7'C
CPU%: 2.0
=== Fri 17 Jul 15:19:56 CEST 2026 ===
RAM_used: 153 MB
temp=53.7'C
CPU%: 0.0
=== Fri 17 Jul 15:20:26 CEST 2026 ===
RAM_used: 153 MB
temp=54.2'C
CPU%: 2.0
=== Fri 17 Jul 15:20:57 CEST 2026 ===
RAM_used: 154 MB
temp=53.7'C
CPU%: 4.0
=== Fri 17 Jul 15:21:27 CEST 2026 ===
RAM_used: 154 MB
temp=54.2'C
CPU%: 4.0
=== Fri 17 Jul 15:21:57 CEST 2026 ===
RAM_used: 153 MB
temp=53.7'C
CPU%: 4.0
=== Fri 17 Jul 15:22:28 CEST 2026 ===
RAM_used: 154 MB
temp=53.7'C
CPU%: 0.0
=== Fri 17 Jul 15:22:58 CEST 2026 ===
RAM_used: 154 MB
temp=54.2'C
CPU%: 2.0
=== Fri 17 Jul 15:23:28 CEST 2026 ===
RAM_used: 154 MB
temp=54.2'C
CPU%: 2.0
=== Fri 17 Jul 15:23:59 CEST 2026 ===
RAM_used: 154 MB
temp=53.7'C
CPU%: 2.0
=== Fri 17 Jul 15:24:29 CEST 2026 ===
RAM_used: 154 MB
temp=54.2'C
CPU%: 2.0
=== Fri 17 Jul 15:24:59 CEST 2026 ===
RAM_used: 154 MB
temp=53.7'C
CPU%: 4.0
=== Fri 17 Jul 15:25:29 CEST 2026 ===
RAM_used: 155 MB
temp=54.2'C
CPU%: 1.9
=== Fri 17 Jul 15:26:00 CEST 2026 ===
RAM_used: 156 MB
temp=53.7'C
CPU%: 2.0
=== Fri 17 Jul 15:26:30 CEST 2026 ===
RAM_used: 156 MB
temp=54.8'C
CPU%: 0.0
=== Fri 17 Jul 15:27:00 CEST 2026 ===
RAM_used: 155 MB
temp=54.2'C
CPU%: 2.0
=== Fri 17 Jul 15:27:31 CEST 2026 ===
RAM_used: 156 MB
temp=53.7'C
CPU%: 2.0
=== Fri 17 Jul 15:28:01 CEST 2026 ===
RAM_used: 156 MB
temp=53.7'C
CPU%: 0.0
=== Fri 17 Jul 15:28:31 CEST 2026 ===
RAM_used: 155 MB
temp=53.7'C
CPU%: 2.0
=== Fri 17 Jul 15:29:01 CEST 2026 ===
RAM_used: 154 MB
temp=54.2'C
CPU%: 2.0
=== Fri 17 Jul 15:29:32 CEST 2026 ===
RAM_used: 155 MB
temp=53.7'C
CPU%: 2.0
=== Fri 17 Jul 15:30:02 CEST 2026 ===
RAM_used: 154 MB
temp=54.2'C
CPU%: 2.0
=== Fri 17 Jul 15:30:32 CEST 2026 ===
RAM_used: 154 MB
temp=54.2'C
CPU%: 2.0
=== Fri 17 Jul 15:31:03 CEST 2026 ===
RAM_used: 154 MB
temp=53.7'C
CPU%: 3.9
=== Fri 17 Jul 15:31:33 CEST 2026 ===
RAM_used: 155 MB
temp=53.7'C
CPU%: 2.0
=== Fri 17 Jul 15:32:03 CEST 2026 ===
RAM_used: 154 MB
temp=54.2'C
CPU%: 0.0
=== Fri 17 Jul 15:32:34 CEST 2026 ===
RAM_used: 154 MB
temp=53.7'C
CPU%: 2.0
=== Fri 17 Jul 15:33:04 CEST 2026 ===
RAM_used: 153 MB
temp=54.2'C
CPU%: 0.0
=== Fri 17 Jul 15:33:34 CEST 2026 ===
RAM_used: 338 MB
temp=59.1'C
CPU%: 2.1
=== Fri 17 Jul 15:34:04 CEST 2026 ===
RAM_used: 607 MB
temp=60.7'C
CPU%: 25.5
=== Fri 17 Jul 15:34:35 CEST 2026 ===
RAM_used: 642 MB
temp=62.3'C
CPU%: 27.7
=== Fri 17 Jul 15:35:05 CEST 2026 ===
RAM_used: 644 MB
temp=64.5'C
CPU%: 23.9
=== Fri 17 Jul 15:35:35 CEST 2026 ===
RAM_used: 644 MB
temp=65.5'C
CPU%: 26.1
=== Fri 17 Jul 15:36:06 CEST 2026 ===
RAM_used: 651 MB
temp=65.5'C
CPU%: 28.3
=== Fri 17 Jul 15:36:36 CEST 2026 ===
RAM_used: 654 MB
temp=66.6'C
CPU%: 26.1
=== Fri 17 Jul 15:37:06 CEST 2026 ===
RAM_used: 654 MB
temp=67.1'C
CPU%: 26.1
=== Fri 17 Jul 15:37:36 CEST 2026 ===
RAM_used: 654 MB
temp=67.7'C
CPU%: 25.5
=== Fri 17 Jul 15:38:07 CEST 2026 ===
RAM_used: 657 MB
temp=67.7'C
CPU%: 25.5
=== Fri 17 Jul 15:38:37 CEST 2026 ===
RAM_used: 657 MB
temp=67.7'C
CPU%: 26.1
=== Fri 17 Jul 15:39:07 CEST 2026 ===
RAM_used: 657 MB
temp=68.8'C
CPU%: 27.7
=== Fri 17 Jul 15:39:37 CEST 2026 ===
RAM_used: 655 MB
temp=68.2'C
CPU%: 23.9
=== Fri 17 Jul 15:40:08 CEST 2026 ===
RAM_used: 656 MB
temp=68.8'C
CPU%: 26.5
=== Fri 17 Jul 15:40:38 CEST 2026 ===
RAM_used: 657 MB
temp=68.8'C
CPU%: 26.1
=== Fri 17 Jul 15:41:08 CEST 2026 ===
RAM_used: 657 MB
temp=69.3'C
CPU%: 27.1
=== Fri 17 Jul 15:41:38 CEST 2026 ===
RAM_used: 659 MB
temp=69.8'C
CPU%: 23.9
=== Fri 17 Jul 15:42:09 CEST 2026 ===
RAM_used: 657 MB
temp=69.8'C
CPU%: 23.9
=== Fri 17 Jul 15:42:39 CEST 2026 ===
RAM_used: 658 MB
temp=69.8'C
CPU%: 26.7
=== Fri 17 Jul 15:43:09 CEST 2026 ===
RAM_used: 657 MB
temp=69.8'C
CPU%: 25.5
=== Fri 17 Jul 15:43:39 CEST 2026 ===
RAM_used: 657 MB
temp=70.4'C
CPU%: 26.7
=== Fri 17 Jul 15:44:10 CEST 2026 ===
RAM_used: 657 MB
temp=70.4'C
CPU%: 25.5
=== Fri 17 Jul 15:44:40 CEST 2026 ===
RAM_used: 149 MB
temp=64.5'C
CPU%: 2.0
=== Fri 17 Jul 15:45:10 CEST 2026 ===
RAM_used: 151 MB
temp=61.8'C
CPU%: 4.0
=== Fri 17 Jul 15:45:41 CEST 2026 ===
RAM_used: 151 MB
temp=60.1'C
CPU%: 0.0
=== Fri 17 Jul 15:46:11 CEST 2026 ===
RAM_used: 151 MB
temp=59.1'C
CPU%: 1.9
=== Fri 17 Jul 15:46:41 CEST 2026 ===
RAM_used: 152 MB
temp=59.1'C
CPU%: 0.0
=== Fri 17 Jul 15:47:11 CEST 2026 ===
RAM_used: 152 MB
temp=58.0'C
CPU%: 0.0
=== Fri 17 Jul 15:47:42 CEST 2026 ===
RAM_used: 152 MB
temp=57.5'C
CPU%: 3.9
=== Fri 17 Jul 15:48:12 CEST 2026 ===
RAM_used: 152 MB
temp=58.0'C
CPU%: 2.0
=== Fri 17 Jul 15:48:42 CEST 2026 ===
RAM_used: 152 MB
temp=57.5'C
CPU%: 0.0
=== Fri 17 Jul 15:49:13 CEST 2026 ===
RAM_used: 151 MB
temp=56.9'C
CPU%: 2.0
=== Fri 17 Jul 15:49:43 CEST 2026 ===
RAM_used: 261 MB
temp=61.2'C
CPU%: 11.6
=== Fri 17 Jul 15:50:13 CEST 2026 ===
RAM_used: 517 MB
temp=63.9'C
CPU%: 8.9
=== Fri 17 Jul 15:50:44 CEST 2026 ===
RAM_used: 644 MB
temp=66.1'C
CPU%: 25.5
=== Fri 17 Jul 15:51:14 CEST 2026 ===
RAM_used: 644 MB
temp=66.6'C
CPU%: 25.5
=== Fri 17 Jul 15:51:44 CEST 2026 ===
RAM_used: 647 MB
temp=67.7'C
CPU%: 27.7
=== Fri 17 Jul 15:52:14 CEST 2026 ===
RAM_used: 654 MB
temp=67.7'C
CPU%: 26.1
=== Fri 17 Jul 15:52:45 CEST 2026 ===
RAM_used: 656 MB
temp=68.8'C
CPU%: 26.1
=== Fri 17 Jul 15:53:15 CEST 2026 ===
RAM_used: 656 MB
temp=69.3'C
CPU%: 25.0
=== Fri 17 Jul 15:53:45 CEST 2026 ===
RAM_used: 657 MB
temp=69.3'C
CPU%: 25.5
=== Fri 17 Jul 15:54:15 CEST 2026 ===
RAM_used: 659 MB
temp=70.4'C
CPU%: 25.0
=== Fri 17 Jul 15:54:46 CEST 2026 ===
RAM_used: 661 MB
temp=69.8'C
CPU%: 26.1
=== Fri 17 Jul 15:55:16 CEST 2026 ===
RAM_used: 662 MB
temp=69.8'C
CPU%: 26.1
=== Fri 17 Jul 15:55:46 CEST 2026 ===
RAM_used: 662 MB
temp=69.8'C
CPU%: 25.5
=== Fri 17 Jul 15:56:16 CEST 2026 ===
RAM_used: 663 MB
temp=70.4'C
CPU%: 26.1
=== Fri 17 Jul 15:56:47 CEST 2026 ===
RAM_used: 664 MB
temp=70.4'C
CPU%: 26.1
=== Fri 17 Jul 15:57:17 CEST 2026 ===
RAM_used: 663 MB
temp=70.9'C
CPU%: 27.1
=== Fri 17 Jul 15:57:47 CEST 2026 ===
RAM_used: 664 MB
temp=70.9'C
CPU%: 26.1
=== Fri 17 Jul 15:58:17 CEST 2026 ===
RAM_used: 665 MB
temp=70.9'C
CPU%: 26.1
=== Fri 17 Jul 15:58:48 CEST 2026 ===
RAM_used: 664 MB
temp=70.9'C
CPU%: 26.1
=== Fri 17 Jul 15:59:18 CEST 2026 ===
RAM_used: 665 MB
temp=71.4'C
CPU%: 27.1
=== Fri 17 Jul 15:59:48 CEST 2026 ===
RAM_used: 665 MB
temp=70.9'C
CPU%: 26.1
=== Fri 17 Jul 16:00:19 CEST 2026 ===
RAM_used: 666 MB
temp=70.9'C
CPU%: 25.5
=== Fri 17 Jul 16:00:49 CEST 2026 ===
RAM_used: 150 MB
temp=65.5'C
CPU%: 2.0
=== Fri 17 Jul 16:01:19 CEST 2026 ===
RAM_used: 151 MB
temp=62.8'C
CPU%: 2.0
=== Fri 17 Jul 16:01:49 CEST 2026 ===
RAM_used: 151 MB
temp=61.2'C
CPU%: 2.0
=== Fri 17 Jul 16:02:20 CEST 2026 ===
RAM_used: 151 MB
temp=60.1'C
CPU%: 2.0
=== Fri 17 Jul 16:02:50 CEST 2026 ===
RAM_used: 150 MB
temp=59.6'C
CPU%: 2.0
=== Fri 17 Jul 16:03:20 CEST 2026 ===
RAM_used: 150 MB
temp=59.1'C
CPU%: 2.0
=== Fri 17 Jul 16:03:51 CEST 2026 ===
RAM_used: 151 MB
temp=58.5'C
CPU%: 2.0
=== Fri 17 Jul 16:04:21 CEST 2026 ===
RAM_used: 152 MB
temp=58.5'C
CPU%: 4.0
=== Fri 17 Jul 16:04:51 CEST 2026 ===
RAM_used: 152 MB
temp=58.5'C
CPU%: 2.0
=== Fri 17 Jul 16:05:22 CEST 2026 ===
RAM_used: 152 MB
temp=57.5'C
CPU%: 2.0
=== Fri 17 Jul 16:05:52 CEST 2026 ===
RAM_used: 153 MB
temp=58.0'C
CPU%: 2.0
=== Fri 17 Jul 16:06:22 CEST 2026 ===
RAM_used: 153 MB
temp=57.5'C
CPU%: 2.0
=== Fri 17 Jul 16:06:52 CEST 2026 ===
RAM_used: 152 MB
temp=57.5'C
CPU%: 2.0
=== Fri 17 Jul 16:07:23 CEST 2026 ===
RAM_used: 152 MB
temp=56.9'C
CPU%: 2.0
=== Fri 17 Jul 16:07:53 CEST 2026 ===
RAM_used: 435 MB
temp=63.9'C
CPU%: 26.1
=== Fri 17 Jul 16:08:23 CEST 2026 ===
RAM_used: 633 MB
temp=60.7'C
CPU%: 2.0
=== Fri 17 Jul 16:08:54 CEST 2026 ===
RAM_used: 644 MB
temp=64.5'C
CPU%: 23.4
=== Fri 17 Jul 16:09:24 CEST 2026 ===
RAM_used: 646 MB
temp=66.6'C
CPU%: 26.1
=== Fri 17 Jul 16:09:54 CEST 2026 ===
RAM_used: 647 MB
temp=67.7'C
CPU%: 27.7
=== Fri 17 Jul 16:10:24 CEST 2026 ===
RAM_used: 659 MB
temp=68.2'C
CPU%: 26.1
=== Fri 17 Jul 16:10:55 CEST 2026 ===
RAM_used: 659 MB
temp=68.8'C
CPU%: 26.1
=== Fri 17 Jul 16:11:25 CEST 2026 ===
RAM_used: 659 MB
temp=69.3'C
CPU%: 27.7
=== Fri 17 Jul 16:11:55 CEST 2026 ===
RAM_used: 659 MB
temp=69.8'C
CPU%: 27.1
=== Fri 17 Jul 16:12:25 CEST 2026 ===
RAM_used: 660 MB
temp=69.8'C
CPU%: 22.2
=== Fri 17 Jul 16:12:56 CEST 2026 ===
RAM_used: 660 MB
temp=69.8'C
CPU%: 25.5
=== Fri 17 Jul 16:13:26 CEST 2026 ===
RAM_used: 660 MB
temp=70.9'C
CPU%: 27.1
=== Fri 17 Jul 16:13:56 CEST 2026 ===
RAM_used: 660 MB
temp=70.9'C
CPU%: 24.4
=== Fri 17 Jul 16:14:26 CEST 2026 ===
RAM_used: 666 MB
temp=70.9'C
CPU%: 25.5
=== Fri 17 Jul 16:14:57 CEST 2026 ===
RAM_used: 666 MB
temp=70.9'C
CPU%: 25.5
=== Fri 17 Jul 16:15:27 CEST 2026 ===
RAM_used: 666 MB
temp=70.9'C
CPU%: 25.5
=== Fri 17 Jul 16:15:57 CEST 2026 ===
RAM_used: 666 MB
temp=71.4'C
CPU%: 26.1
=== Fri 17 Jul 16:16:28 CEST 2026 ===
RAM_used: 666 MB
temp=70.4'C
CPU%: 26.1
=== Fri 17 Jul 16:16:58 CEST 2026 ===
RAM_used: 665 MB
temp=72.0'C
CPU%: 23.9
=== Fri 17 Jul 16:17:28 CEST 2026 ===
RAM_used: 665 MB
temp=70.9'C
CPU%: 23.9
=== Fri 17 Jul 16:17:58 CEST 2026 ===
RAM_used: 665 MB
temp=70.9'C
CPU%: 25.5
=== Fri 17 Jul 16:18:29 CEST 2026 ===
RAM_used: 667 MB
temp=72.0'C
CPU%: 24.4
=== Fri 17 Jul 16:18:59 CEST 2026 ===
RAM_used: 144 MB
temp=66.6'C
CPU%: 6.0
=== Fri 17 Jul 16:19:29 CEST 2026 ===
RAM_used: 145 MB
temp=62.3'C
CPU%: 4.1
=== Fri 17 Jul 16:19:59 CEST 2026 ===
RAM_used: 147 MB
temp=62.3'C
CPU%: 2.1
=== Fri 17 Jul 16:20:30 CEST 2026 ===
RAM_used: 336 MB
temp=65.0'C
CPU%: 19.6
=== Fri 17 Jul 16:21:00 CEST 2026 ===
RAM_used: 653 MB
temp=67.7'C
CPU%: 28.3
=== Fri 17 Jul 16:21:30 CEST 2026 ===
RAM_used: 647 MB
temp=68.8'C
CPU%: 27.1
=== Fri 17 Jul 16:22:01 CEST 2026 ===
RAM_used: 648 MB
temp=69.8'C
CPU%: 25.0
=== Fri 17 Jul 16:22:31 CEST 2026 ===
RAM_used: 653 MB
temp=70.9'C
CPU%: 26.1
=== Fri 17 Jul 16:23:01 CEST 2026 ===
RAM_used: 654 MB
temp=71.4'C
CPU%: 25.5
=== Fri 17 Jul 16:23:31 CEST 2026 ===
RAM_used: 654 MB
temp=70.9'C
CPU%: 27.7
=== Fri 17 Jul 16:24:02 CEST 2026 ===
RAM_used: 656 MB
temp=71.4'C
CPU%: 25.5
=== Fri 17 Jul 16:24:32 CEST 2026 ===
RAM_used: 656 MB
temp=71.4'C
CPU%: 25.0
=== Fri 17 Jul 16:25:02 CEST 2026 ===
RAM_used: 657 MB
temp=71.4'C
CPU%: 25.5
=== Fri 17 Jul 16:25:32 CEST 2026 ===
RAM_used: 657 MB
temp=72.0'C
CPU%: 26.1
=== Fri 17 Jul 16:26:03 CEST 2026 ===
RAM_used: 657 MB
temp=72.0'C
CPU%: 26.1
=== Fri 17 Jul 16:26:33 CEST 2026 ===
RAM_used: 657 MB
temp=72.0'C
CPU%: 25.5
=== Fri 17 Jul 16:27:03 CEST 2026 ===
RAM_used: 656 MB
temp=72.0'C
CPU%: 23.9
=== Fri 17 Jul 16:27:33 CEST 2026 ===
RAM_used: 658 MB
temp=72.5'C
CPU%: 24.4
=== Fri 17 Jul 16:28:04 CEST 2026 ===
RAM_used: 659 MB
temp=73.1'C
CPU%: 23.4
=== Fri 17 Jul 16:28:34 CEST 2026 ===
RAM_used: 658 MB
temp=72.0'C
CPU%: 28.3
=== Fri 17 Jul 16:29:04 CEST 2026 ===
RAM_used: 658 MB
temp=72.0'C
CPU%: 24.4
=== Fri 17 Jul 16:29:34 CEST 2026 ===
RAM_used: 658 MB
temp=72.0'C
CPU%: 25.5
=== Fri 17 Jul 16:30:05 CEST 2026 ===
RAM_used: 658 MB
temp=72.5'C
CPU%: 26.1
=== Fri 17 Jul 16:30:35 CEST 2026 ===
RAM_used: 657 MB
temp=72.5'C
CPU%: 27.7
=== Fri 17 Jul 16:31:05 CEST 2026 ===
RAM_used: 658 MB
temp=72.5'C
CPU%: 23.9
=== Fri 17 Jul 16:31:36 CEST 2026 ===
RAM_used: 658 MB
temp=72.0'C
CPU%: 26.1
=== Fri 17 Jul 16:32:06 CEST 2026 ===
RAM_used: 657 MB
temp=72.5'C
CPU%: 28.3
=== Fri 17 Jul 16:32:36 CEST 2026 ===
RAM_used: 657 MB
temp=72.5'C
CPU%: 25.5
=== Fri 17 Jul 16:33:06 CEST 2026 ===
RAM_used: 658 MB
temp=73.1'C
CPU%: 26.1
=== Fri 17 Jul 16:33:37 CEST 2026 ===
RAM_used: 148 MB
temp=67.7'C
CPU%: 2.0
=== Fri 17 Jul 16:34:07 CEST 2026 ===
RAM_used: 149 MB
temp=63.4'C
CPU%: 2.0
=== Fri 17 Jul 16:34:37 CEST 2026 ===
RAM_used: 149 MB
temp=62.3'C
CPU%: 2.0
=== Fri 17 Jul 16:35:07 CEST 2026 ===
RAM_used: 150 MB
temp=61.8'C
CPU%: 2.0
=== Fri 17 Jul 16:35:38 CEST 2026 ===
RAM_used: 428 MB
temp=70.9'C
CPU%: 54.0
=== Fri 17 Jul 16:36:08 CEST 2026 ===
RAM_used: 547 MB
temp=68.8'C
CPU%: 21.7
=== Fri 17 Jul 16:36:38 CEST 2026 ===
RAM_used: 643 MB
temp=68.8'C
CPU%: 27.7
=== Fri 17 Jul 16:37:09 CEST 2026 ===
RAM_used: 646 MB
temp=69.8'C
CPU%: 26.1
=== Fri 17 Jul 16:37:39 CEST 2026 ===
RAM_used: 646 MB
temp=70.9'C
CPU%: 26.1
=== Fri 17 Jul 16:38:09 CEST 2026 ===
RAM_used: 653 MB
temp=70.9'C
CPU%: 25.5
=== Fri 17 Jul 16:38:39 CEST 2026 ===
RAM_used: 654 MB
temp=70.9'C
CPU%: 24.4
=== Fri 17 Jul 16:39:10 CEST 2026 ===
RAM_used: 654 MB
temp=70.9'C
CPU%: 27.7
=== Fri 17 Jul 16:39:40 CEST 2026 ===
RAM_used: 656 MB
temp=71.4'C
CPU%: 27.7
=== Fri 17 Jul 16:40:10 CEST 2026 ===
RAM_used: 658 MB
temp=71.4'C
CPU%: 25.5
=== Fri 17 Jul 16:40:40 CEST 2026 ===
RAM_used: 659 MB
temp=70.9'C
CPU%: 22.2
=== Fri 17 Jul 16:41:11 CEST 2026 ===
RAM_used: 659 MB
temp=72.0'C
CPU%: 23.9
=== Fri 17 Jul 16:41:41 CEST 2026 ===
RAM_used: 660 MB
temp=72.0'C
CPU%: 23.9
=== Fri 17 Jul 16:42:11 CEST 2026 ===
RAM_used: 659 MB
temp=70.9'C
CPU%: 26.1
=== Fri 17 Jul 16:42:41 CEST 2026 ===
RAM_used: 660 MB
temp=70.9'C
CPU%: 26.1
=== Fri 17 Jul 16:43:12 CEST 2026 ===
RAM_used: 662 MB
temp=71.4'C
CPU%: 26.1
=== Fri 17 Jul 16:43:42 CEST 2026 ===
RAM_used: 661 MB
temp=71.4'C
CPU%: 26.7
=== Fri 17 Jul 16:44:12 CEST 2026 ===
RAM_used: 663 MB
temp=71.4'C
CPU%: 25.5
=== Fri 17 Jul 16:44:43 CEST 2026 ===
RAM_used: 664 MB
temp=71.4'C
CPU%: 26.1
=== Fri 17 Jul 16:45:13 CEST 2026 ===
RAM_used: 664 MB
temp=70.9'C
CPU%: 25.5
=== Fri 17 Jul 16:45:43 CEST 2026 ===
RAM_used: 665 MB
temp=72.0'C
CPU%: 27.7
=== Fri 17 Jul 16:46:13 CEST 2026 ===
RAM_used: 665 MB
temp=72.0'C
CPU%: 25.5
=== Fri 17 Jul 16:46:44 CEST 2026 ===
RAM_used: 665 MB
temp=71.4'C
CPU%: 25.5
=== Fri 17 Jul 16:47:14 CEST 2026 ===
RAM_used: 665 MB
temp=72.0'C
CPU%: 25.5
=== Fri 17 Jul 16:47:44 CEST 2026 ===
RAM_used: 665 MB
temp=72.0'C
CPU%: 24.4
=== Fri 17 Jul 16:48:14 CEST 2026 ===
RAM_used: 666 MB
temp=72.0'C
CPU%: 26.1
=== Fri 17 Jul 16:48:45 CEST 2026 ===
RAM_used: 667 MB
temp=71.4'C
CPU%: 25.5
=== Fri 17 Jul 16:49:15 CEST 2026 ===
RAM_used: 147 MB
temp=64.5'C
CPU%: 2.0
=== Fri 17 Jul 16:49:45 CEST 2026 ===
RAM_used: 149 MB
temp=62.3'C
CPU%: 2.0
=== Fri 17 Jul 16:50:16 CEST 2026 ===
RAM_used: 152 MB
temp=61.2'C
CPU%: 0.0
=== Fri 17 Jul 16:50:46 CEST 2026 ===
RAM_used: 152 MB
temp=60.7'C
CPU%: 2.0
=== Fri 17 Jul 16:51:16 CEST 2026 ===
RAM_used: 153 MB
temp=59.6'C
CPU%: 0.0
=== Fri 17 Jul 16:51:46 CEST 2026 ===
RAM_used: 153 MB
temp=59.1'C
CPU%: 2.0
=== Fri 17 Jul 16:52:17 CEST 2026 ===
RAM_used: 153 MB
temp=59.1'C
CPU%: 2.0
=== Fri 17 Jul 16:52:47 CEST 2026 ===
RAM_used: 152 MB
temp=58.5'C
CPU%: 2.0
=== Fri 17 Jul 16:53:17 CEST 2026 ===
RAM_used: 152 MB
temp=58.0'C
CPU%: 2.0
=== Fri 17 Jul 16:53:48 CEST 2026 ===
RAM_used: 152 MB
temp=58.0'C
CPU%: 0.0
=== Fri 17 Jul 16:54:18 CEST 2026 ===
RAM_used: 152 MB
temp=58.0'C
CPU%: 0.0
=== Fri 17 Jul 16:54:48 CEST 2026 ===
RAM_used: 152 MB
temp=57.5'C
CPU%: 2.0
=== Fri 17 Jul 16:55:19 CEST 2026 ===
RAM_used: 152 MB
temp=56.9'C
CPU%: 2.0
=== Fri 17 Jul 16:55:49 CEST 2026 ===
RAM_used: 152 MB
temp=56.9'C
CPU%: 2.0
=== Fri 17 Jul 16:56:19 CEST 2026 ===
RAM_used: 151 MB
temp=56.9'C
CPU%: 2.0
=== Fri 17 Jul 16:56:49 CEST 2026 ===
RAM_used: 152 MB
temp=57.5'C
CPU%: 2.0
=== Fri 17 Jul 16:57:20 CEST 2026 ===
RAM_used: 153 MB
temp=56.9'C
CPU%: 4.0
=== Fri 17 Jul 16:57:50 CEST 2026 ===
RAM_used: 141 MB
temp=56.9'C
CPU%: 3.9
=== Fri 17 Jul 16:58:20 CEST 2026 ===
RAM_used: 141 MB
temp=56.4'C
CPU%: 2.0
=== Fri 17 Jul 16:58:51 CEST 2026 ===
RAM_used: 142 MB
temp=56.4'C
CPU%: 0.0
=== Fri 17 Jul 16:59:21 CEST 2026 ===
RAM_used: 141 MB
temp=55.8'C
CPU%: 2.0
=== Fri 17 Jul 16:59:51 CEST 2026 ===
RAM_used: 141 MB
temp=56.4'C
CPU%: 2.0
=== Fri 17 Jul 17:00:21 CEST 2026 ===
RAM_used: 141 MB
temp=55.8'C
CPU%: 2.0
=== Fri 17 Jul 17:00:52 CEST 2026 ===
RAM_used: 140 MB
temp=55.8'C
CPU%: 2.0
=== Fri 17 Jul 17:01:22 CEST 2026 ===
RAM_used: 141 MB
temp=55.3'C
CPU%: 4.1
=== Fri 17 Jul 17:01:52 CEST 2026 ===
RAM_used: 142 MB
temp=54.8'C
CPU%: 3.9
=== Fri 17 Jul 17:02:23 CEST 2026 ===
RAM_used: 142 MB
temp=54.8'C
CPU%: 0.0
=== Fri 17 Jul 17:02:53 CEST 2026 ===
RAM_used: 142 MB
temp=54.8'C
CPU%: 2.0
=== Fri 17 Jul 17:03:23 CEST 2026 ===
RAM_used: 141 MB
temp=54.8'C
CPU%: 1.9
=== Fri 17 Jul 17:03:54 CEST 2026 ===
RAM_used: 141 MB
temp=53.7'C
CPU%: 2.0
=== Fri 17 Jul 17:04:24 CEST 2026 ===
RAM_used: 141 MB
temp=54.8'C
CPU%: 0.0
=== Fri 17 Jul 17:04:54 CEST 2026 ===
RAM_used: 141 MB
temp=54.8'C
CPU%: 2.0
=== Fri 17 Jul 17:05:24 CEST 2026 ===
RAM_used: 149 MB
temp=54.8'C
CPU%: 2.1
=== Fri 17 Jul 17:05:55 CEST 2026 ===
RAM_used: 328 MB
temp=58.0'C
CPU%: 0.0
=== Fri 17 Jul 17:06:25 CEST 2026 ===
RAM_used: 552 MB
temp=61.8'C
CPU%: 1.9
=== Fri 17 Jul 17:06:55 CEST 2026 ===
RAM_used: 647 MB
temp=63.9'C
CPU%: 26.1
=== Fri 17 Jul 17:07:26 CEST 2026 ===
RAM_used: 650 MB
temp=65.0'C
CPU%: 25.5
=== Fri 17 Jul 17:07:56 CEST 2026 ===
RAM_used: 650 MB
temp=65.5'C
CPU%: 26.1
=== Fri 17 Jul 17:08:26 CEST 2026 ===
RAM_used: 661 MB
temp=66.6'C
CPU%: 28.3
=== Fri 17 Jul 17:08:56 CEST 2026 ===
RAM_used: 661 MB
temp=67.1'C
CPU%: 27.1
=== Fri 17 Jul 17:09:27 CEST 2026 ===
RAM_used: 661 MB
temp=67.1'C
CPU%: 26.1
=== Fri 17 Jul 17:09:57 CEST 2026 ===
RAM_used: 661 MB
temp=66.6'C
CPU%: 26.1
=== Fri 17 Jul 17:10:27 CEST 2026 ===
RAM_used: 661 MB
temp=67.7'C
CPU%: 26.1
=== Fri 17 Jul 17:10:57 CEST 2026 ===
RAM_used: 662 MB
temp=68.8'C
CPU%: 23.4
=== Fri 17 Jul 17:11:28 CEST 2026 ===
RAM_used: 662 MB
temp=68.8'C
CPU%: 25.5
=== Fri 17 Jul 17:11:58 CEST 2026 ===
RAM_used: 662 MB
temp=68.2'C
CPU%: 27.7
=== Fri 17 Jul 17:12:28 CEST 2026 ===
RAM_used: 662 MB
temp=68.8'C
CPU%: 27.7
=== Fri 17 Jul 17:12:59 CEST 2026 ===
RAM_used: 662 MB
temp=69.3'C
CPU%: 27.7
=== Fri 17 Jul 17:13:29 CEST 2026 ===
RAM_used: 665 MB
temp=69.3'C
CPU%: 26.1
=== Fri 17 Jul 17:13:59 CEST 2026 ===
RAM_used: 664 MB
temp=69.8'C
CPU%: 26.1
=== Fri 17 Jul 17:14:29 CEST 2026 ===
RAM_used: 664 MB
temp=69.3'C
CPU%: 26.1
=== Fri 17 Jul 17:15:00 CEST 2026 ===
RAM_used: 664 MB
temp=69.8'C
CPU%: 27.7
=== Fri 17 Jul 17:15:30 CEST 2026 ===
RAM_used: 663 MB
temp=69.3'C
CPU%: 26.1
=== Fri 17 Jul 17:16:00 CEST 2026 ===
RAM_used: 665 MB
temp=69.8'C
CPU%: 26.1
=== Fri 17 Jul 17:16:30 CEST 2026 ===
RAM_used: 665 MB
temp=69.8'C
CPU%: 23.9
=== Fri 17 Jul 17:17:01 CEST 2026 ===
RAM_used: 665 MB
temp=70.4'C
CPU%: 25.5
=== Fri 17 Jul 17:17:31 CEST 2026 ===
RAM_used: 664 MB
temp=69.8'C
CPU%: 26.1
=== Fri 17 Jul 17:18:01 CEST 2026 ===
RAM_used: 664 MB
temp=69.8'C
CPU%: 28.3
=== Fri 17 Jul 17:18:31 CEST 2026 ===
RAM_used: 667 MB
temp=69.8'C
CPU%: 26.7
=== Fri 17 Jul 17:19:02 CEST 2026 ===
RAM_used: 667 MB
temp=70.4'C
CPU%: 25.5
=== Fri 17 Jul 17:19:32 CEST 2026 ===
RAM_used: 148 MB
temp=62.3'C
CPU%: 3.9
=== Fri 17 Jul 17:20:02 CEST 2026 ===
RAM_used: 143 MB
temp=60.1'C
CPU%: 0.0
=== Fri 17 Jul 17:20:33 CEST 2026 ===
RAM_used: 142 MB
temp=59.6'C
CPU%: 0.0
=== Fri 17 Jul 17:21:03 CEST 2026 ===
RAM_used: 142 MB
temp=59.1'C
CPU%: 2.0
=== Fri 17 Jul 17:21:33 CEST 2026 ===
RAM_used: 141 MB
temp=59.1'C
CPU%: 2.0
=== Fri 17 Jul 17:22:03 CEST 2026 ===
RAM_used: 141 MB
temp=56.9'C
CPU%: 0.0
=== Fri 17 Jul 17:22:34 CEST 2026 ===
RAM_used: 144 MB
temp=56.9'C
CPU%: 2.0
=== Fri 17 Jul 17:23:04 CEST 2026 ===
RAM_used: 143 MB
temp=56.9'C
CPU%: 4.0
=== Fri 17 Jul 17:23:34 CEST 2026 ===
RAM_used: 144 MB
temp=56.9'C
CPU%: 2.0
=== Fri 17 Jul 17:24:05 CEST 2026 ===
RAM_used: 143 MB
temp=56.4'C
CPU%: 2.0
=== Fri 17 Jul 17:24:35 CEST 2026 ===
RAM_used: 143 MB
temp=55.8'C
CPU%: 3.9
=== Fri 17 Jul 17:25:05 CEST 2026 ===
RAM_used: 143 MB
temp=56.4'C
CPU%: 2.0
=== Fri 17 Jul 17:25:36 CEST 2026 ===
RAM_used: 142 MB
temp=55.8'C
CPU%: 0.0
=== Fri 17 Jul 17:26:06 CEST 2026 ===
RAM_used: 142 MB
temp=55.3'C
CPU%: 2.0
=== Fri 17 Jul 17:26:36 CEST 2026 ===
RAM_used: 142 MB
temp=55.3'C
CPU%: 2.0
=== Fri 17 Jul 17:27:06 CEST 2026 ===
RAM_used: 142 MB
temp=55.8'C
CPU%: 2.0
=== Fri 17 Jul 17:27:37 CEST 2026 ===
RAM_used: 143 MB
temp=55.3'C
CPU%: 2.0
=== Fri 17 Jul 17:28:07 CEST 2026 ===
RAM_used: 144 MB
temp=54.8'C
CPU%: 2.1
=== Fri 17 Jul 17:28:37 CEST 2026 ===
RAM_used: 143 MB
temp=54.8'C
CPU%: 2.0
=== Fri 17 Jul 17:29:08 CEST 2026 ===
RAM_used: 143 MB
temp=54.8'C
CPU%: 2.0
=== Fri 17 Jul 17:29:38 CEST 2026 ===
RAM_used: 144 MB
temp=54.8'C
CPU%: 2.0
=== Fri 17 Jul 17:30:08 CEST 2026 ===
RAM_used: 143 MB
temp=54.8'C
CPU%: 2.1
=== Fri 17 Jul 17:30:38 CEST 2026 ===
RAM_used: 143 MB
temp=54.8'C
CPU%: 0.0
=== Fri 17 Jul 17:31:09 CEST 2026 ===
RAM_used: 143 MB
temp=54.8'C
CPU%: 2.0
=== Fri 17 Jul 17:31:39 CEST 2026 ===
RAM_used: 143 MB
temp=54.2'C
CPU%: 2.0
=== Fri 17 Jul 17:32:09 CEST 2026 ===
RAM_used: 143 MB
temp=54.8'C
CPU%: 2.0
=== Fri 17 Jul 17:32:40 CEST 2026 ===
RAM_used: 144 MB
temp=54.2'C
CPU%: 2.0
=== Fri 17 Jul 17:33:10 CEST 2026 ===
RAM_used: 143 MB
temp=54.8'C
CPU%: 0.0
=== Fri 17 Jul 17:33:40 CEST 2026 ===
RAM_used: 143 MB
temp=53.7'C
CPU%: 2.1
=== Fri 17 Jul 17:34:11 CEST 2026 ===
RAM_used: 143 MB
temp=53.7'C
CPU%: 2.0
=== Fri 17 Jul 17:34:41 CEST 2026 ===
RAM_used: 143 MB
temp=53.7'C
CPU%: 2.0
=== Fri 17 Jul 17:35:11 CEST 2026 ===
RAM_used: 144 MB
temp=53.7'C
CPU%: 3.9
=== Fri 17 Jul 17:35:41 CEST 2026 ===
RAM_used: 143 MB
temp=53.7'C
CPU%: 0.0
=== Fri 17 Jul 17:36:12 CEST 2026 ===
RAM_used: 142 MB
temp=53.2'C
CPU%: 2.1
=== Fri 17 Jul 17:36:42 CEST 2026 ===
RAM_used: 143 MB
temp=53.7'C
CPU%: 4.0
=== Fri 17 Jul 17:37:12 CEST 2026 ===
RAM_used: 144 MB
temp=53.7'C
CPU%: 4.1
=== Fri 17 Jul 17:37:43 CEST 2026 ===
RAM_used: 144 MB
temp=53.7'C
CPU%: 2.0
=== Fri 17 Jul 17:38:13 CEST 2026 ===
RAM_used: 144 MB
temp=53.7'C
CPU%: 2.0
=== Fri 17 Jul 17:38:43 CEST 2026 ===
RAM_used: 143 MB
temp=53.7'C
CPU%: 4.0
=== Fri 17 Jul 17:39:14 CEST 2026 ===
RAM_used: 142 MB
temp=53.7'C
CPU%: 3.9
=== Fri 17 Jul 17:39:44 CEST 2026 ===
RAM_used: 143 MB
temp=53.7'C
CPU%: 2.0
=== Fri 17 Jul 17:40:14 CEST 2026 ===
RAM_used: 142 MB
temp=53.7'C
CPU%: 2.0
=== Fri 17 Jul 17:40:44 CEST 2026 ===
RAM_used: 142 MB
temp=53.2'C
CPU%: 0.0
=== Fri 17 Jul 17:41:15 CEST 2026 ===
RAM_used: 143 MB
temp=53.7'C
CPU%: 4.0
=== Fri 17 Jul 17:41:45 CEST 2026 ===
RAM_used: 143 MB
temp=53.7'C
CPU%: 2.0
=== Fri 17 Jul 17:42:15 CEST 2026 ===
RAM_used: 142 MB
temp=53.7'C
CPU%: 0.0
=== Fri 17 Jul 17:42:46 CEST 2026 ===
RAM_used: 142 MB
temp=53.7'C
CPU%: 2.0
=== Fri 17 Jul 17:43:16 CEST 2026 ===
RAM_used: 142 MB
temp=53.2'C
CPU%: 2.0
=== Fri 17 Jul 17:43:46 CEST 2026 ===
RAM_used: 141 MB
temp=53.7'C
CPU%: 0.0
=== Fri 17 Jul 17:44:16 CEST 2026 ===
RAM_used: 142 MB
temp=53.7'C
CPU%: 0.0
=== Fri 17 Jul 17:44:47 CEST 2026 ===
RAM_used: 142 MB
temp=53.7'C
CPU%: 4.0
=== Fri 17 Jul 17:45:17 CEST 2026 ===
RAM_used: 143 MB
temp=52.6'C
CPU%: 2.0
=== Fri 17 Jul 17:45:47 CEST 2026 ===
RAM_used: 143 MB
temp=53.2'C
CPU%: 0.0
=== Fri 17 Jul 17:46:18 CEST 2026 ===
RAM_used: 143 MB
temp=53.7'C
CPU%: 2.0
=== Fri 17 Jul 17:46:48 CEST 2026 ===
RAM_used: 142 MB
temp=52.6'C
CPU%: 2.0
=== Fri 17 Jul 17:47:18 CEST 2026 ===
RAM_used: 142 MB
temp=52.6'C
CPU%: 0.0
=== Fri 17 Jul 17:47:49 CEST 2026 ===
RAM_used: 143 MB
temp=53.7'C
CPU%: 2.0
=== Fri 17 Jul 17:48:19 CEST 2026 ===
RAM_used: 143 MB
temp=53.2'C
CPU%: 2.0
=== Fri 17 Jul 17:48:49 CEST 2026 ===
RAM_used: 143 MB
temp=53.2'C
CPU%: 2.0
=== Fri 17 Jul 17:49:19 CEST 2026 ===
RAM_used: 143 MB
temp=52.6'C
CPU%: 0.0
=== Fri 17 Jul 17:49:50 CEST 2026 ===
RAM_used: 143 MB
temp=52.6'C
CPU%: 2.0
=== Fri 17 Jul 17:50:20 CEST 2026 ===
RAM_used: 144 MB
temp=53.2'C
CPU%: 2.0
=== Fri 17 Jul 17:50:50 CEST 2026 ===
RAM_used: 143 MB
temp=52.6'C
CPU%: 2.0
=== Fri 17 Jul 17:51:21 CEST 2026 ===
RAM_used: 143 MB
temp=52.6'C
CPU%: 2.1
=== Fri 17 Jul 17:51:51 CEST 2026 ===
RAM_used: 143 MB
temp=52.6'C
CPU%: 2.0
=== Fri 17 Jul 17:52:21 CEST 2026 ===
RAM_used: 144 MB
temp=53.2'C
CPU%: 2.0
=== Fri 17 Jul 17:52:52 CEST 2026 ===
RAM_used: 143 MB
temp=52.6'C
CPU%: 2.0
=== Fri 17 Jul 17:53:22 CEST 2026 ===
RAM_used: 142 MB
temp=52.6'C
CPU%: 2.0
=== Fri 17 Jul 17:53:52 CEST 2026 ===
RAM_used: 142 MB
temp=52.6'C
CPU%: 0.0
=== Fri 17 Jul 17:54:22 CEST 2026 ===
RAM_used: 143 MB
temp=53.2'C
CPU%: 3.8
=== Fri 17 Jul 17:54:53 CEST 2026 ===
RAM_used: 142 MB
temp=52.6'C
CPU%: 0.0
=== Fri 17 Jul 17:55:23 CEST 2026 ===
RAM_used: 142 MB
temp=52.6'C
CPU%: 2.0
=== Fri 17 Jul 17:55:53 CEST 2026 ===
RAM_used: 141 MB
temp=52.6'C
CPU%: 0.0
=== Fri 17 Jul 17:56:24 CEST 2026 ===
RAM_used: 142 MB
temp=53.2'C
CPU%: 0.0
=== Fri 17 Jul 17:56:54 CEST 2026 ===
RAM_used: 144 MB
temp=52.6'C
CPU%: 0.0
=== Fri 17 Jul 17:57:24 CEST 2026 ===
RAM_used: 143 MB
temp=52.6'C
CPU%: 3.9
=== Fri 17 Jul 17:57:55 CEST 2026 ===
RAM_used: 143 MB
temp=52.6'C
CPU%: 0.0
=== Fri 17 Jul 17:58:25 CEST 2026 ===
RAM_used: 143 MB
temp=52.6'C
CPU%: 2.0
=== Fri 17 Jul 17:58:55 CEST 2026 ===
RAM_used: 143 MB
temp=52.6'C
CPU%: 0.0
=== Fri 17 Jul 17:59:25 CEST 2026 ===
RAM_used: 144 MB
temp=52.6'C
CPU%: 2.0
=== Fri 17 Jul 17:59:56 CEST 2026 ===
RAM_used: 143 MB
temp=52.6'C
CPU%: 2.0
=== Fri 17 Jul 18:00:26 CEST 2026 ===
RAM_used: 143 MB
temp=53.2'C
CPU%: 2.0
=== Fri 17 Jul 18:00:56 CEST 2026 ===
RAM_used: 143 MB
temp=52.6'C
CPU%: 2.0
=== Fri 17 Jul 18:01:27 CEST 2026 ===
RAM_used: 144 MB
temp=52.6'C
CPU%: 0.0
=== Fri 17 Jul 18:01:57 CEST 2026 ===
RAM_used: 143 MB
temp=52.6'C
CPU%: 3.9
=== Fri 17 Jul 18:02:27 CEST 2026 ===
RAM_used: 143 MB
temp=52.6'C
CPU%: 4.0
=== Fri 17 Jul 18:02:57 CEST 2026 ===
RAM_used: 143 MB
temp=52.6'C
CPU%: 2.0
=== Fri 17 Jul 18:03:28 CEST 2026 ===
RAM_used: 143 MB
temp=52.6'C
CPU%: 2.0
=== Fri 17 Jul 18:03:58 CEST 2026 ===
RAM_used: 144 MB
temp=53.2'C
CPU%: 2.0
=== Fri 17 Jul 18:04:28 CEST 2026 ===
RAM_used: 143 MB
temp=52.6'C
CPU%: 4.0
=== Fri 17 Jul 18:04:59 CEST 2026 ===
RAM_used: 143 MB
temp=52.6'C
CPU%: 2.1
=== Fri 17 Jul 18:05:29 CEST 2026 ===
RAM_used: 142 MB
temp=52.6'C
CPU%: 0.0
=== Fri 17 Jul 18:05:59 CEST 2026 ===
RAM_used: 141 MB
temp=53.2'C
CPU%: 2.0
=== Fri 17 Jul 18:06:30 CEST 2026 ===
RAM_used: 141 MB
temp=52.6'C
CPU%: 2.1
=== Fri 17 Jul 18:07:00 CEST 2026 ===
RAM_used: 142 MB
temp=52.6'C
CPU%: 2.0
=== Fri 17 Jul 18:07:30 CEST 2026 ===
RAM_used: 142 MB
temp=52.6'C
CPU%: 2.0
=== Fri 17 Jul 18:08:00 CEST 2026 ===
RAM_used: 141 MB
temp=52.6'C
CPU%: 4.0
=== Fri 17 Jul 18:08:31 CEST 2026 ===
RAM_used: 141 MB
temp=53.2'C
CPU%: 0.0
=== Fri 17 Jul 18:09:01 CEST 2026 ===
RAM_used: 143 MB
temp=52.6'C
CPU%: 2.0
=== Fri 17 Jul 18:09:31 CEST 2026 ===
RAM_used: 142 MB
temp=53.2'C
CPU%: 4.0
=== Fri 17 Jul 18:10:02 CEST 2026 ===
RAM_used: 142 MB
temp=52.6'C
CPU%: 4.1
=== Fri 17 Jul 18:10:32 CEST 2026 ===
RAM_used: 141 MB
temp=52.6'C
CPU%: 2.0
=== Fri 17 Jul 18:11:02 CEST 2026 ===
RAM_used: 142 MB
temp=52.6'C
CPU%: 2.0
=== Fri 17 Jul 18:11:33 CEST 2026 ===
RAM_used: 142 MB
temp=53.2'C
CPU%: 0.0
=== Fri 17 Jul 18:12:03 CEST 2026 ===
RAM_used: 142 MB
temp=52.6'C
CPU%: 2.0
=== Fri 17 Jul 18:12:33 CEST 2026 ===
RAM_used: 141 MB
temp=53.2'C
CPU%: 4.0
=== Fri 17 Jul 18:13:03 CEST 2026 ===
RAM_used: 140 MB
temp=52.6'C
CPU%: 0.0
=== Fri 17 Jul 18:13:34 CEST 2026 ===
RAM_used: 140 MB
temp=53.2'C
CPU%: 0.0
=== Fri 17 Jul 18:14:04 CEST 2026 ===
RAM_used: 140 MB
temp=52.6'C
CPU%: 2.0
=== Fri 17 Jul 18:14:34 CEST 2026 ===
RAM_used: 141 MB
temp=52.6'C
CPU%: 2.0
=== Fri 17 Jul 18:15:05 CEST 2026 ===
RAM_used: 143 MB
temp=52.6'C
CPU%: 1.9
=== Fri 17 Jul 18:15:35 CEST 2026 ===
RAM_used: 143 MB
temp=52.6'C
CPU%: 2.0
=== Fri 17 Jul 18:16:05 CEST 2026 ===
RAM_used: 143 MB
temp=52.6'C
CPU%: 2.0
=== Fri 17 Jul 18:16:35 CEST 2026 ===
RAM_used: 143 MB
temp=52.6'C
CPU%: 0.0
=== Fri 17 Jul 18:17:06 CEST 2026 ===
RAM_used: 142 MB
temp=52.6'C
CPU%: 2.1
=== Fri 17 Jul 18:17:36 CEST 2026 ===
RAM_used: 142 MB
temp=53.2'C
CPU%: 0.0
=== Fri 17 Jul 18:18:06 CEST 2026 ===
RAM_used: 142 MB
temp=52.6'C
CPU%: 4.0
=== Fri 17 Jul 18:18:37 CEST 2026 ===
RAM_used: 143 MB
temp=52.6'C
CPU%: 2.0
=== Fri 17 Jul 18:19:07 CEST 2026 ===
RAM_used: 142 MB
temp=52.1'C
CPU%: 4.0
=== Fri 17 Jul 18:19:37 CEST 2026 ===
RAM_used: 142 MB
temp=52.6'C
CPU%: 2.0
=== Fri 17 Jul 18:20:08 CEST 2026 ===
RAM_used: 142 MB
temp=52.6'C
CPU%: 2.0
=== Fri 17 Jul 18:20:38 CEST 2026 ===
RAM_used: 142 MB
temp=52.6'C
CPU%: 0.0
=== Fri 17 Jul 18:21:08 CEST 2026 ===
RAM_used: 141 MB
temp=52.6'C
CPU%: 0.0
=== Fri 17 Jul 18:21:38 CEST 2026 ===
RAM_used: 141 MB
temp=52.6'C
CPU%: 0.0
=== Fri 17 Jul 18:22:09 CEST 2026 ===
RAM_used: 142 MB
temp=52.6'C
CPU%: 2.0
=== Fri 17 Jul 18:22:39 CEST 2026 ===
RAM_used: 142 MB
temp=52.6'C
CPU%: 2.0
=== Fri 17 Jul 18:23:09 CEST 2026 ===
RAM_used: 142 MB
temp=52.6'C
CPU%: 2.0
=== Fri 17 Jul 18:23:40 CEST 2026 ===
RAM_used: 141 MB
temp=52.6'C
CPU%: 2.0
=== Fri 17 Jul 18:24:10 CEST 2026 ===
RAM_used: 142 MB
temp=52.6'C
CPU%: 4.0
=== Fri 17 Jul 18:24:40 CEST 2026 ===
RAM_used: 142 MB
temp=52.6'C
CPU%: 2.0
=== Fri 17 Jul 18:25:11 CEST 2026 ===
RAM_used: 142 MB
temp=52.6'C
CPU%: 2.0
=== Fri 17 Jul 18:25:41 CEST 2026 ===
RAM_used: 143 MB
temp=52.1'C
CPU%: 3.9
=== Fri 17 Jul 18:26:11 CEST 2026 ===
RAM_used: 142 MB
temp=52.6'C
CPU%: 4.0
=== Fri 17 Jul 18:26:41 CEST 2026 ===
RAM_used: 142 MB
temp=52.6'C
CPU%: 2.0
=== Fri 17 Jul 18:27:12 CEST 2026 ===
RAM_used: 142 MB
temp=52.6'C
CPU%: 3.9
=== Fri 17 Jul 18:27:42 CEST 2026 ===
RAM_used: 143 MB
temp=52.6'C
CPU%: 2.0
=== Fri 17 Jul 18:28:12 CEST 2026 ===
RAM_used: 143 MB
temp=52.6'C
CPU%: 3.9
=== Fri 17 Jul 18:28:43 CEST 2026 ===
RAM_used: 143 MB
temp=52.6'C
CPU%: 2.0
=== Fri 17 Jul 18:29:13 CEST 2026 ===
RAM_used: 144 MB
temp=53.2'C
CPU%: 0.0
=== Fri 17 Jul 18:29:43 CEST 2026 ===
RAM_used: 143 MB
temp=52.6'C
CPU%: 2.0
=== Fri 17 Jul 18:30:13 CEST 2026 ===
RAM_used: 143 MB
temp=52.6'C
CPU%: 2.0
=== Fri 17 Jul 18:30:44 CEST 2026 ===
RAM_used: 144 MB
temp=52.6'C
CPU%: 2.0
=== Fri 17 Jul 18:31:14 CEST 2026 ===
RAM_used: 143 MB
temp=53.2'C
CPU%: 0.0
=== Fri 17 Jul 18:31:44 CEST 2026 ===
RAM_used: 143 MB
temp=53.2'C
CPU%: 2.0
=== Fri 17 Jul 18:32:15 CEST 2026 ===
RAM_used: 144 MB
temp=52.6'C
CPU%: 2.0
=== Fri 17 Jul 18:32:45 CEST 2026 ===
RAM_used: 143 MB
temp=52.6'C
CPU%: 2.0
=== Fri 17 Jul 18:33:15 CEST 2026 ===
RAM_used: 143 MB
temp=52.6'C
CPU%: 2.0
=== Fri 17 Jul 18:33:46 CEST 2026 ===
RAM_used: 142 MB
temp=52.6'C
CPU%: 2.0
=== Fri 17 Jul 18:34:16 CEST 2026 ===
RAM_used: 143 MB
temp=52.1'C
CPU%: 2.0
=== Fri 17 Jul 18:34:46 CEST 2026 ===
RAM_used: 144 MB
temp=52.6'C
CPU%: 2.0
=== Fri 17 Jul 18:35:16 CEST 2026 ===
RAM_used: 143 MB
temp=52.6'C
CPU%: 2.0
=== Fri 17 Jul 18:35:47 CEST 2026 ===
RAM_used: 143 MB
temp=52.1'C
CPU%: 0.0
=== Fri 17 Jul 18:36:17 CEST 2026 ===
RAM_used: 144 MB
temp=52.1'C
CPU%: 2.0
=== Fri 17 Jul 18:36:47 CEST 2026 ===
RAM_used: 144 MB
temp=52.6'C
CPU%: 2.1
=== Fri 17 Jul 18:37:18 CEST 2026 ===
RAM_used: 142 MB
temp=52.6'C
CPU%: 0.0
=== Fri 17 Jul 18:37:48 CEST 2026 ===
RAM_used: 143 MB
temp=52.6'C
CPU%: 0.0
=== Fri 17 Jul 18:38:18 CEST 2026 ===
RAM_used: 143 MB
temp=52.1'C
CPU%: 4.0
=== Fri 17 Jul 18:38:49 CEST 2026 ===
RAM_used: 144 MB
temp=52.1'C
CPU%: 2.0
=== Fri 17 Jul 18:39:19 CEST 2026 ===
RAM_used: 143 MB
temp=52.6'C
CPU%: 0.0
=== Fri 17 Jul 18:39:49 CEST 2026 ===
RAM_used: 143 MB
temp=52.6'C
CPU%: 2.0
=== Fri 17 Jul 18:40:19 CEST 2026 ===
RAM_used: 143 MB
temp=52.6'C
CPU%: 2.0
=== Fri 17 Jul 18:40:50 CEST 2026 ===
RAM_used: 143 MB
temp=52.6'C
CPU%: 0.0
=== Fri 17 Jul 18:41:20 CEST 2026 ===
RAM_used: 143 MB
temp=52.6'C
CPU%: 1.9
=== Fri 17 Jul 18:41:50 CEST 2026 ===
RAM_used: 143 MB
temp=52.6'C
CPU%: 4.0
=== Fri 17 Jul 18:42:21 CEST 2026 ===
RAM_used: 143 MB
temp=52.6'C
CPU%: 2.0
=== Fri 17 Jul 18:42:51 CEST 2026 ===
RAM_used: 142 MB
temp=52.6'C
CPU%: 2.0
=== Fri 17 Jul 18:43:21 CEST 2026 ===
RAM_used: 142 MB
temp=52.6'C
CPU%: 2.0
=== Fri 17 Jul 18:43:52 CEST 2026 ===
RAM_used: 142 MB
temp=52.6'C
CPU%: 3.9
=== Fri 17 Jul 18:44:22 CEST 2026 ===
RAM_used: 142 MB
temp=53.7'C
CPU%: 4.1
=== Fri 17 Jul 18:44:52 CEST 2026 ===
RAM_used: 142 MB
temp=53.2'C
CPU%: 0.0
=== Fri 17 Jul 18:45:22 CEST 2026 ===
RAM_used: 143 MB
temp=53.7'C
CPU%: 2.0
=== Fri 17 Jul 18:45:53 CEST 2026 ===
RAM_used: 144 MB
temp=53.2'C
CPU%: 0.0
=== Fri 17 Jul 18:46:23 CEST 2026 ===
RAM_used: 145 MB
temp=53.2'C
CPU%: 2.0
=== Fri 17 Jul 18:46:53 CEST 2026 ===
RAM_used: 146 MB
temp=53.7'C
CPU%: 1.9
=== Fri 17 Jul 18:47:24 CEST 2026 ===
RAM_used: 146 MB
temp=53.7'C
CPU%: 4.0
=== Fri 17 Jul 18:47:54 CEST 2026 ===
RAM_used: 146 MB
temp=52.6'C
CPU%: 2.0
=== Fri 17 Jul 18:48:24 CEST 2026 ===
RAM_used: 145 MB
temp=53.7'C
CPU%: 2.0
