=== Fri 17 Jul 13:01:33 CEST 2026 ===
RAM_used: 157 MB
temp=53.2'C
CPU%: 1.5
=== Fri 17 Jul 13:02:04 CEST 2026 ===
RAM_used: 156 MB
temp=53.7'C
CPU%: 2.0
=== Fri 17 Jul 13:02:34 CEST 2026 ===
RAM_used: 156 MB
temp=53.2'C
CPU%: 4.0
=== Fri 17 Jul 13:03:04 CEST 2026 ===
RAM_used: 157 MB
temp=53.2'C
CPU%: 3.9
=== Fri 17 Jul 13:03:35 CEST 2026 ===
RAM_used: 347 MB
temp=59.1'C
CPU%: 11.1
=== Fri 17 Jul 13:04:05 CEST 2026 ===
RAM_used: 134 MB
temp=58.0'C
CPU%: 2.0
=== Fri 17 Jul 13:04:35 CEST 2026 ===
RAM_used: 136 MB
temp=54.8'C
CPU%: 4.0
=== Fri 17 Jul 13:05:05 CEST 2026 ===
RAM_used: 137 MB
temp=54.2'C
CPU%: 0.0
=== Fri 17 Jul 13:05:36 CEST 2026 ===
RAM_used: 139 MB
temp=53.7'C
CPU%: 0.0
=== Fri 17 Jul 13:06:06 CEST 2026 ===
RAM_used: 140 MB
temp=53.7'C
CPU%: 2.0
=== Fri 17 Jul 13:06:36 CEST 2026 ===
RAM_used: 141 MB
temp=53.7'C
CPU%: 3.8
=== Fri 17 Jul 13:07:07 CEST 2026 ===
RAM_used: 144 MB
temp=53.7'C
CPU%: 2.0
=== Fri 17 Jul 13:07:37 CEST 2026 ===
RAM_used: 146 MB
temp=53.7'C
CPU%: 4.0
=== Fri 17 Jul 13:08:07 CEST 2026 ===
RAM_used: 146 MB
temp=53.2'C
CPU%: 0.0
=== Fri 17 Jul 13:08:38 CEST 2026 ===
RAM_used: 147 MB
temp=53.7'C
CPU%: 2.0
=== Fri 17 Jul 13:09:08 CEST 2026 ===
RAM_used: 146 MB
temp=53.7'C
CPU%: 2.0
=== Fri 17 Jul 13:09:38 CEST 2026 ===
RAM_used: 147 MB
temp=53.7'C
CPU%: 1.9
=== Fri 17 Jul 13:10:08 CEST 2026 ===
RAM_used: 147 MB
temp=53.7'C
CPU%: 0.0
=== Fri 17 Jul 13:10:39 CEST 2026 ===
RAM_used: 146 MB
temp=53.7'C
CPU%: 2.0
=== Fri 17 Jul 13:11:09 CEST 2026 ===
RAM_used: 147 MB
temp=53.7'C
CPU%: 4.0
=== Fri 17 Jul 13:11:39 CEST 2026 ===
RAM_used: 147 MB
temp=53.2'C
CPU%: 0.0
=== Fri 17 Jul 13:12:10 CEST 2026 ===
RAM_used: 369 MB
temp=61.2'C
CPU%: 23.9
=== Fri 17 Jul 13:12:40 CEST 2026 ===
RAM_used: 461 MB
temp=62.8'C
CPU%: 27.1
=== Fri 17 Jul 13:13:10 CEST 2026 ===
RAM_used: 463 MB
temp=64.5'C
CPU%: 25.5
=== Fri 17 Jul 13:13:40 CEST 2026 ===
RAM_used: 465 MB
temp=65.0'C
CPU%: 25.5
=== Fri 17 Jul 13:14:11 CEST 2026 ===
RAM_used: 466 MB
temp=65.5'C
CPU%: 26.1
=== Fri 17 Jul 13:14:41 CEST 2026 ===
RAM_used: 469 MB
temp=66.1'C
CPU%: 26.1
=== Fri 17 Jul 13:15:11 CEST 2026 ===
RAM_used: 470 MB
temp=66.6'C
CPU%: 27.7
=== Fri 17 Jul 13:15:42 CEST 2026 ===
RAM_used: 470 MB
temp=66.6'C
CPU%: 26.1
=== Fri 17 Jul 13:16:12 CEST 2026 ===
RAM_used: 470 MB
temp=67.7'C
CPU%: 23.9
=== Fri 17 Jul 13:16:42 CEST 2026 ===
RAM_used: 470 MB
temp=67.7'C
CPU%: 22.9
=== Fri 17 Jul 13:17:12 CEST 2026 ===
RAM_used: 470 MB
temp=67.7'C
CPU%: 24.4
=== Fri 17 Jul 13:17:43 CEST 2026 ===
RAM_used: 470 MB
temp=67.7'C
CPU%: 26.1
=== Fri 17 Jul 13:18:13 CEST 2026 ===
RAM_used: 470 MB
temp=67.7'C
CPU%: 27.7
=== Fri 17 Jul 13:18:43 CEST 2026 ===
RAM_used: 470 MB
temp=68.8'C
CPU%: 28.3
=== Fri 17 Jul 13:19:13 CEST 2026 ===
RAM_used: 469 MB
temp=68.8'C
CPU%: 23.9
=== Fri 17 Jul 13:19:44 CEST 2026 ===
RAM_used: 469 MB
temp=68.8'C
CPU%: 26.1
=== Fri 17 Jul 13:20:14 CEST 2026 ===
RAM_used: 469 MB
temp=69.8'C
CPU%: 26.1
=== Fri 17 Jul 13:20:44 CEST 2026 ===
RAM_used: 470 MB
temp=69.8'C
CPU%: 26.1
=== Fri 17 Jul 13:21:14 CEST 2026 ===
RAM_used: 471 MB
temp=69.8'C
CPU%: 26.1
=== Fri 17 Jul 13:21:45 CEST 2026 ===
RAM_used: 470 MB
temp=69.8'C
CPU%: 26.1
=== Fri 17 Jul 13:22:15 CEST 2026 ===
RAM_used: 469 MB
temp=69.8'C
CPU%: 28.3
=== Fri 17 Jul 13:22:45 CEST 2026 ===
RAM_used: 140 MB
temp=62.3'C
CPU%: 2.0
=== Fri 17 Jul 13:23:16 CEST 2026 ===
RAM_used: 142 MB
temp=60.1'C
CPU%: 0.0
=== Fri 17 Jul 13:23:46 CEST 2026 ===
RAM_used: 142 MB
temp=59.1'C
CPU%: 2.0
=== Fri 17 Jul 13:24:16 CEST 2026 ===
RAM_used: 142 MB
temp=58.0'C
CPU%: 2.0
=== Fri 17 Jul 13:24:46 CEST 2026 ===
RAM_used: 144 MB
temp=58.0'C
CPU%: 2.0
=== Fri 17 Jul 13:25:17 CEST 2026 ===
RAM_used: 145 MB
temp=56.9'C
CPU%: 2.0
=== Fri 17 Jul 13:25:47 CEST 2026 ===
RAM_used: 145 MB
temp=56.9'C
CPU%: 2.0
=== Fri 17 Jul 13:26:17 CEST 2026 ===
RAM_used: 146 MB
temp=56.9'C
CPU%: 2.0
=== Fri 17 Jul 13:26:48 CEST 2026 ===
RAM_used: 146 MB
temp=56.4'C
CPU%: 0.0
=== Fri 17 Jul 13:27:18 CEST 2026 ===
RAM_used: 147 MB
temp=55.8'C
CPU%: 3.9
=== Fri 17 Jul 13:27:48 CEST 2026 ===
RAM_used: 148 MB
temp=56.4'C
CPU%: 2.0
=== Fri 17 Jul 13:28:18 CEST 2026 ===
RAM_used: 148 MB
temp=55.8'C
CPU%: 2.0
=== Fri 17 Jul 13:28:49 CEST 2026 ===
RAM_used: 148 MB
temp=55.8'C
CPU%: 3.9
=== Fri 17 Jul 13:29:19 CEST 2026 ===
RAM_used: 148 MB
temp=55.8'C
CPU%: 2.0
=== Fri 17 Jul 13:29:49 CEST 2026 ===
RAM_used: 148 MB
temp=55.3'C
CPU%: 0.0
=== Fri 17 Jul 13:30:20 CEST 2026 ===
RAM_used: 147 MB
temp=55.3'C
CPU%: 2.0
=== Fri 17 Jul 13:30:50 CEST 2026 ===
RAM_used: 147 MB
temp=55.3'C
CPU%: 2.0
=== Fri 17 Jul 13:31:20 CEST 2026 ===
RAM_used: 146 MB
temp=54.8'C
CPU%: 2.0
=== Fri 17 Jul 13:31:51 CEST 2026 ===
RAM_used: 148 MB
temp=55.8'C
CPU%: 2.0
=== Fri 17 Jul 13:32:21 CEST 2026 ===
RAM_used: 148 MB
temp=54.8'C
CPU%: 2.1
=== Fri 17 Jul 13:32:51 CEST 2026 ===
RAM_used: 148 MB
temp=54.8'C
CPU%: 2.0
=== Fri 17 Jul 13:33:21 CEST 2026 ===
RAM_used: 147 MB
temp=54.8'C
CPU%: 4.0
=== Fri 17 Jul 13:33:52 CEST 2026 ===
RAM_used: 147 MB
temp=55.3'C
CPU%: 0.0
=== Fri 17 Jul 13:34:22 CEST 2026 ===
RAM_used: 147 MB
temp=54.2'C
CPU%: 2.0
=== Fri 17 Jul 13:34:52 CEST 2026 ===
RAM_used: 147 MB
temp=54.8'C
CPU%: 4.1
=== Fri 17 Jul 13:35:23 CEST 2026 ===
RAM_used: 147 MB
temp=54.8'C
CPU%: 2.0
=== Fri 17 Jul 13:35:53 CEST 2026 ===
RAM_used: 147 MB
temp=54.8'C
CPU%: 4.0
=== Fri 17 Jul 13:36:23 CEST 2026 ===
RAM_used: 147 MB
temp=54.8'C
CPU%: 0.0
=== Fri 17 Jul 13:36:54 CEST 2026 ===
RAM_used: 147 MB
temp=54.2'C
CPU%: 4.0
=== Fri 17 Jul 13:37:24 CEST 2026 ===
RAM_used: 147 MB
temp=54.8'C
CPU%: 2.0
=== Fri 17 Jul 13:37:54 CEST 2026 ===
RAM_used: 147 MB
temp=54.8'C
CPU%: 4.0
=== Fri 17 Jul 13:38:24 CEST 2026 ===
RAM_used: 148 MB
temp=53.7'C
CPU%: 2.0
=== Fri 17 Jul 13:38:55 CEST 2026 ===
RAM_used: 148 MB
temp=54.2'C
CPU%: 2.0
=== Fri 17 Jul 13:39:25 CEST 2026 ===
RAM_used: 148 MB
temp=53.7'C
CPU%: 3.9
=== Fri 17 Jul 13:39:55 CEST 2026 ===
RAM_used: 147 MB
temp=54.2'C
CPU%: 0.0
=== Fri 17 Jul 13:40:26 CEST 2026 ===
RAM_used: 147 MB
temp=54.2'C
CPU%: 2.0
=== Fri 17 Jul 13:40:56 CEST 2026 ===
RAM_used: 147 MB
temp=53.7'C
CPU%: 2.0
=== Fri 17 Jul 13:41:26 CEST 2026 ===
RAM_used: 148 MB
temp=53.7'C
CPU%: 0.0
=== Fri 17 Jul 13:41:57 CEST 2026 ===
RAM_used: 148 MB
temp=53.7'C
CPU%: 2.0
=== Fri 17 Jul 13:42:27 CEST 2026 ===
RAM_used: 147 MB
temp=53.7'C
CPU%: 2.0
=== Fri 17 Jul 13:42:57 CEST 2026 ===
RAM_used: 149 MB
temp=53.7'C
CPU%: 3.9
=== Fri 17 Jul 13:43:27 CEST 2026 ===
RAM_used: 362 MB
temp=61.2'C
CPU%: 19.6
=== Fri 17 Jul 13:43:58 CEST 2026 ===
RAM_used: 471 MB
temp=62.3'C
CPU%: 26.1
=== Fri 17 Jul 13:44:28 CEST 2026 ===
RAM_used: 473 MB
temp=64.5'C
CPU%: 27.1
=== Fri 17 Jul 13:44:58 CEST 2026 ===
RAM_used: 473 MB
temp=65.0'C
CPU%: 25.5
=== Fri 17 Jul 13:45:29 CEST 2026 ===
RAM_used: 473 MB
temp=65.5'C
CPU%: 26.1
=== Fri 17 Jul 13:45:59 CEST 2026 ===
RAM_used: 474 MB
temp=66.6'C
CPU%: 27.7
=== Fri 17 Jul 13:46:29 CEST 2026 ===
RAM_used: 473 MB
temp=66.6'C
CPU%: 25.5
=== Fri 17 Jul 13:46:59 CEST 2026 ===
RAM_used: 472 MB
temp=67.7'C
CPU%: 23.9
=== Fri 17 Jul 13:47:30 CEST 2026 ===
RAM_used: 473 MB
temp=67.7'C
CPU%: 25.5
=== Fri 17 Jul 13:48:00 CEST 2026 ===
RAM_used: 472 MB
temp=67.7'C
CPU%: 26.1
=== Fri 17 Jul 13:48:30 CEST 2026 ===
RAM_used: 473 MB
temp=68.2'C
CPU%: 23.9
=== Fri 17 Jul 13:49:00 CEST 2026 ===
RAM_used: 473 MB
temp=68.8'C
CPU%: 25.5
=== Fri 17 Jul 13:49:31 CEST 2026 ===
RAM_used: 476 MB
temp=68.8'C
CPU%: 24.4
=== Fri 17 Jul 13:50:01 CEST 2026 ===
RAM_used: 476 MB
temp=69.3'C
CPU%: 26.1
=== Fri 17 Jul 13:50:31 CEST 2026 ===
RAM_used: 476 MB
temp=68.8'C
CPU%: 26.1
=== Fri 17 Jul 13:51:01 CEST 2026 ===
RAM_used: 475 MB
temp=69.8'C
CPU%: 26.1
=== Fri 17 Jul 13:51:32 CEST 2026 ===
RAM_used: 476 MB
temp=69.8'C
CPU%: 26.1
=== Fri 17 Jul 13:52:02 CEST 2026 ===
RAM_used: 476 MB
temp=69.8'C
CPU%: 26.7
=== Fri 17 Jul 13:52:32 CEST 2026 ===
RAM_used: 476 MB
temp=70.4'C
CPU%: 28.3
=== Fri 17 Jul 13:53:02 CEST 2026 ===
RAM_used: 475 MB
temp=70.4'C
CPU%: 25.5
=== Fri 17 Jul 13:53:33 CEST 2026 ===
RAM_used: 475 MB
temp=70.9'C
CPU%: 23.9
=== Fri 17 Jul 13:54:03 CEST 2026 ===
RAM_used: 148 MB
temp=64.5'C
CPU%: 2.0
=== Fri 17 Jul 13:54:33 CEST 2026 ===
RAM_used: 149 MB
temp=60.7'C
CPU%: 2.0
=== Fri 17 Jul 13:55:04 CEST 2026 ===
RAM_used: 148 MB
temp=60.1'C
CPU%: 2.0
=== Fri 17 Jul 13:55:34 CEST 2026 ===
RAM_used: 148 MB
temp=59.1'C
CPU%: 2.0
=== Fri 17 Jul 13:56:04 CEST 2026 ===
RAM_used: 149 MB
temp=58.0'C
CPU%: 1.9
=== Fri 17 Jul 13:56:34 CEST 2026 ===
RAM_used: 149 MB
temp=58.0'C
CPU%: 2.0
=== Fri 17 Jul 13:57:05 CEST 2026 ===
RAM_used: 149 MB
temp=57.5'C
CPU%: 0.0
=== Fri 17 Jul 13:57:35 CEST 2026 ===
RAM_used: 149 MB
temp=58.0'C
CPU%: 2.1
=== Fri 17 Jul 13:58:05 CEST 2026 ===
RAM_used: 149 MB
temp=56.9'C
CPU%: 2.0
=== Fri 17 Jul 13:58:36 CEST 2026 ===
RAM_used: 149 MB
temp=56.9'C
CPU%: 2.0
=== Fri 17 Jul 13:59:06 CEST 2026 ===
RAM_used: 148 MB
temp=56.9'C
CPU%: 2.1
=== Fri 17 Jul 13:59:36 CEST 2026 ===
RAM_used: 149 MB
temp=56.4'C
CPU%: 2.0
=== Fri 17 Jul 14:00:07 CEST 2026 ===
RAM_used: 149 MB
temp=56.4'C
CPU%: 2.1
=== Fri 17 Jul 14:00:37 CEST 2026 ===
RAM_used: 148 MB
temp=55.8'C
CPU%: 2.0
=== Fri 17 Jul 14:01:07 CEST 2026 ===
RAM_used: 149 MB
temp=56.4'C
CPU%: 2.0
=== Fri 17 Jul 14:01:37 CEST 2026 ===
RAM_used: 149 MB
temp=55.8'C
CPU%: 2.0
=== Fri 17 Jul 14:02:08 CEST 2026 ===
RAM_used: 149 MB
temp=55.8'C
CPU%: 4.0
=== Fri 17 Jul 14:02:38 CEST 2026 ===
RAM_used: 149 MB
temp=55.8'C
CPU%: 2.0
=== Fri 17 Jul 14:03:08 CEST 2026 ===
RAM_used: 150 MB
temp=55.3'C
CPU%: 2.0
=== Fri 17 Jul 14:03:39 CEST 2026 ===
RAM_used: 149 MB
temp=55.3'C
CPU%: 3.9
=== Fri 17 Jul 14:04:09 CEST 2026 ===
RAM_used: 149 MB
temp=55.3'C
CPU%: 2.0
=== Fri 17 Jul 14:04:39 CEST 2026 ===
RAM_used: 467 MB
temp=62.3'C
CPU%: 4.5
=== Fri 17 Jul 14:05:10 CEST 2026 ===
RAM_used: 471 MB
temp=65.0'C
CPU%: 26.7
=== Fri 17 Jul 14:05:40 CEST 2026 ===
RAM_used: 471 MB
temp=65.5'C
CPU%: 28.3
=== Fri 17 Jul 14:06:10 CEST 2026 ===
RAM_used: 473 MB
temp=65.5'C
CPU%: 2.2
=== Fri 17 Jul 14:06:40 CEST 2026 ===
RAM_used: 473 MB
temp=67.7'C
CPU%: 23.9
=== Fri 17 Jul 14:07:11 CEST 2026 ===
RAM_used: 473 MB
temp=67.7'C
CPU%: 26.1
=== Fri 17 Jul 14:07:41 CEST 2026 ===
RAM_used: 474 MB
temp=68.8'C
CPU%: 26.1
=== Fri 17 Jul 14:08:11 CEST 2026 ===
RAM_used: 474 MB
temp=68.2'C
CPU%: 0.0
=== Fri 17 Jul 14:08:41 CEST 2026 ===
RAM_used: 474 MB
temp=69.3'C
CPU%: 26.1
=== Fri 17 Jul 14:09:12 CEST 2026 ===
RAM_used: 474 MB
temp=68.8'C
CPU%: 26.1
=== Fri 17 Jul 14:09:42 CEST 2026 ===
RAM_used: 473 MB
temp=69.3'C
CPU%: 26.1
=== Fri 17 Jul 14:10:12 CEST 2026 ===
RAM_used: 473 MB
temp=69.8'C
CPU%: 2.3
=== Fri 17 Jul 14:10:42 CEST 2026 ===
RAM_used: 473 MB
temp=69.8'C
CPU%: 27.7
=== Fri 17 Jul 14:11:13 CEST 2026 ===
RAM_used: 473 MB
temp=69.8'C
CPU%: 27.7
=== Fri 17 Jul 14:11:43 CEST 2026 ===
RAM_used: 474 MB
temp=70.4'C
CPU%: 27.7
=== Fri 17 Jul 14:12:13 CEST 2026 ===
RAM_used: 474 MB
temp=70.4'C
CPU%: 15.9
=== Fri 17 Jul 14:12:43 CEST 2026 ===
RAM_used: 474 MB
temp=70.9'C
CPU%: 26.1
=== Fri 17 Jul 14:13:14 CEST 2026 ===
RAM_used: 474 MB
temp=69.8'C
CPU%: 25.5
=== Fri 17 Jul 14:13:44 CEST 2026 ===
RAM_used: 474 MB
temp=70.9'C
CPU%: 23.9
=== Fri 17 Jul 14:14:14 CEST 2026 ===
RAM_used: 475 MB
temp=70.9'C
CPU%: 25.5
=== Fri 17 Jul 14:14:45 CEST 2026 ===
RAM_used: 474 MB
temp=70.9'C
CPU%: 27.7
=== Fri 17 Jul 14:15:15 CEST 2026 ===
RAM_used: 142 MB
temp=63.4'C
CPU%: 2.0
=== Fri 17 Jul 14:15:45 CEST 2026 ===
RAM_used: 142 MB
temp=61.2'C
CPU%: 2.0
=== Fri 17 Jul 14:16:15 CEST 2026 ===
RAM_used: 143 MB
temp=60.1'C
CPU%: 2.0
=== Fri 17 Jul 14:16:46 CEST 2026 ===
RAM_used: 143 MB
temp=59.1'C
CPU%: 2.0
=== Fri 17 Jul 14:17:16 CEST 2026 ===
RAM_used: 145 MB
temp=58.5'C
CPU%: 2.0
=== Fri 17 Jul 14:17:46 CEST 2026 ===
RAM_used: 145 MB
temp=58.0'C
CPU%: 0.0
=== Fri 17 Jul 14:18:17 CEST 2026 ===
RAM_used: 164 MB
temp=60.7'C
CPU%: 23.4
=== Fri 17 Jul 14:18:47 CEST 2026 ===
RAM_used: 461 MB
temp=60.7'C
CPU%: 0.0
=== Fri 17 Jul 14:19:17 CEST 2026 ===
RAM_used: 462 MB
temp=58.0'C
CPU%: 2.0
=== Fri 17 Jul 14:19:47 CEST 2026 ===
RAM_used: 463 MB
temp=56.9'C
CPU%: 0.0
=== Fri 17 Jul 14:20:18 CEST 2026 ===
RAM_used: 465 MB
temp=58.0'C
CPU%: 2.0
=== Fri 17 Jul 14:20:48 CEST 2026 ===
RAM_used: 464 MB
temp=56.9'C
CPU%: 2.0
=== Fri 17 Jul 14:21:18 CEST 2026 ===
RAM_used: 464 MB
temp=57.5'C
CPU%: 2.0
=== Fri 17 Jul 14:21:49 CEST 2026 ===
RAM_used: 465 MB
temp=56.4'C
CPU%: 2.0
=== Fri 17 Jul 14:22:19 CEST 2026 ===
RAM_used: 467 MB
temp=56.4'C
CPU%: 2.0
=== Fri 17 Jul 14:22:49 CEST 2026 ===
RAM_used: 539 MB
temp=60.1'C
CPU%: 23.4
=== Fri 17 Jul 14:23:20 CEST 2026 ===
RAM_used: 749 MB
temp=65.5'C
CPU%: 24.0
=== Fri 17 Jul 14:23:50 CEST 2026 ===
RAM_used: 740 MB
temp=66.6'C
CPU%: 25.5
=== Fri 17 Jul 14:24:20 CEST 2026 ===
RAM_used: 743 MB
temp=67.7'C
CPU%: 26.1
=== Fri 17 Jul 14:24:51 CEST 2026 ===
RAM_used: 752 MB
temp=66.1'C
CPU%: 25.5
=== Fri 17 Jul 14:25:21 CEST 2026 ===
RAM_used: 755 MB
temp=67.7'C
CPU%: 28.3
=== Fri 17 Jul 14:25:51 CEST 2026 ===
RAM_used: 755 MB
temp=68.8'C
CPU%: 22.2
=== Fri 17 Jul 14:26:21 CEST 2026 ===
RAM_used: 757 MB
temp=68.8'C
CPU%: 25.5
=== Fri 17 Jul 14:26:52 CEST 2026 ===
RAM_used: 757 MB
temp=68.8'C
CPU%: 26.1
=== Fri 17 Jul 14:27:22 CEST 2026 ===
RAM_used: 757 MB
temp=69.8'C
CPU%: 24.4
=== Fri 17 Jul 14:27:52 CEST 2026 ===
RAM_used: 754 MB
temp=69.8'C
CPU%: 25.5
=== Fri 17 Jul 14:28:22 CEST 2026 ===
RAM_used: 752 MB
temp=69.8'C
CPU%: 23.9
=== Fri 17 Jul 14:28:53 CEST 2026 ===
RAM_used: 755 MB
temp=70.4'C
CPU%: 26.1
=== Fri 17 Jul 14:29:23 CEST 2026 ===
RAM_used: 748 MB
temp=70.4'C
CPU%: 26.7
=== Fri 17 Jul 14:29:53 CEST 2026 ===
RAM_used: 751 MB
temp=70.9'C
CPU%: 23.9
=== Fri 17 Jul 14:30:23 CEST 2026 ===
RAM_used: 753 MB
temp=70.9'C
CPU%: 27.7
=== Fri 17 Jul 14:30:54 CEST 2026 ===
RAM_used: 753 MB
temp=70.9'C
CPU%: 23.9
=== Fri 17 Jul 14:31:24 CEST 2026 ===
RAM_used: 753 MB
temp=70.9'C
CPU%: 26.1
=== Fri 17 Jul 14:31:54 CEST 2026 ===
RAM_used: 755 MB
temp=70.9'C
CPU%: 28.9
=== Fri 17 Jul 14:32:24 CEST 2026 ===
RAM_used: 755 MB
temp=70.9'C
CPU%: 26.1
=== Fri 17 Jul 14:32:55 CEST 2026 ===
RAM_used: 755 MB
temp=70.9'C
CPU%: 24.4
=== Fri 17 Jul 14:33:25 CEST 2026 ===
RAM_used: 756 MB
temp=71.4'C
CPU%: 23.9
=== Fri 17 Jul 14:33:55 CEST 2026 ===
RAM_used: 754 MB
temp=72.0'C
CPU%: 27.7
=== Fri 17 Jul 14:34:26 CEST 2026 ===
RAM_used: 754 MB
temp=70.9'C
CPU%: 26.1
=== Fri 17 Jul 14:34:56 CEST 2026 ===
RAM_used: 754 MB
temp=72.0'C
CPU%: 26.1
=== Fri 17 Jul 14:35:26 CEST 2026 ===
RAM_used: 754 MB
temp=72.0'C
CPU%: 23.9
=== Fri 17 Jul 14:35:56 CEST 2026 ===
RAM_used: 754 MB
temp=72.0'C
CPU%: 26.1
=== Fri 17 Jul 14:36:27 CEST 2026 ===
RAM_used: 754 MB
temp=72.0'C
CPU%: 25.5
=== Fri 17 Jul 14:36:57 CEST 2026 ===
RAM_used: 754 MB
temp=72.0'C
CPU%: 24.4
=== Fri 17 Jul 14:37:27 CEST 2026 ===
RAM_used: 754 MB
temp=72.0'C
CPU%: 25.5
=== Fri 17 Jul 14:37:57 CEST 2026 ===
RAM_used: 752 MB
temp=73.1'C
CPU%: 29.2
=== Fri 17 Jul 14:38:28 CEST 2026 ===
RAM_used: 752 MB
temp=70.9'C
CPU%: 0.0
=== Fri 17 Jul 14:38:58 CEST 2026 ===
RAM_used: 754 MB
temp=72.0'C
CPU%: 27.7
=== Fri 17 Jul 14:39:28 CEST 2026 ===
RAM_used: 754 MB
temp=72.0'C
CPU%: 26.1
=== Fri 17 Jul 14:39:58 CEST 2026 ===
RAM_used: 754 MB
temp=73.1'C
CPU%: 27.7
=== Fri 17 Jul 14:40:29 CEST 2026 ===
RAM_used: 754 MB
temp=72.0'C
CPU%: 26.1
=== Fri 17 Jul 14:40:59 CEST 2026 ===
RAM_used: 754 MB
temp=72.5'C
CPU%: 26.7
=== Fri 17 Jul 14:41:29 CEST 2026 ===
RAM_used: 753 MB
temp=72.0'C
CPU%: 26.1
=== Fri 17 Jul 14:41:59 CEST 2026 ===
RAM_used: 754 MB
temp=72.5'C
CPU%: 27.7
=== Fri 17 Jul 14:42:30 CEST 2026 ===
RAM_used: 754 MB
temp=72.5'C
CPU%: 23.9
=== Fri 17 Jul 14:43:00 CEST 2026 ===
RAM_used: 132 MB
temp=69.3'C
CPU%: 2.1
=== Fri 17 Jul 14:43:30 CEST 2026 ===
RAM_used: 133 MB
temp=63.9'C
CPU%: 2.0
=== Fri 17 Jul 14:44:01 CEST 2026 ===
RAM_used: 136 MB
temp=62.8'C
CPU%: 2.0
=== Fri 17 Jul 14:44:31 CEST 2026 ===
RAM_used: 136 MB
temp=61.2'C
CPU%: 2.0
=== Fri 17 Jul 14:45:01 CEST 2026 ===
RAM_used: 137 MB
temp=61.2'C
CPU%: 2.0
=== Fri 17 Jul 14:45:32 CEST 2026 ===
RAM_used: 138 MB
temp=60.1'C
CPU%: 0.0
=== Fri 17 Jul 14:46:02 CEST 2026 ===
RAM_used: 142 MB
temp=59.6'C
CPU%: 2.0
=== Fri 17 Jul 14:46:32 CEST 2026 ===
RAM_used: 142 MB
temp=59.1'C
CPU%: 2.0
=== Fri 17 Jul 14:47:02 CEST 2026 ===
RAM_used: 141 MB
temp=59.6'C
CPU%: 2.0
=== Fri 17 Jul 14:47:33 CEST 2026 ===
RAM_used: 141 MB
temp=59.1'C
CPU%: 2.0
=== Fri 17 Jul 14:48:03 CEST 2026 ===
RAM_used: 141 MB
temp=58.5'C
CPU%: 2.0
=== Fri 17 Jul 14:48:33 CEST 2026 ===
RAM_used: 140 MB
temp=58.0'C
CPU%: 2.0
=== Fri 17 Jul 14:49:04 CEST 2026 ===
RAM_used: 140 MB
temp=58.5'C
CPU%: 2.0
=== Fri 17 Jul 14:49:34 CEST 2026 ===
RAM_used: 140 MB
temp=58.0'C
CPU%: 2.0
=== Fri 17 Jul 14:50:04 CEST 2026 ===
RAM_used: 140 MB
temp=58.0'C
CPU%: 2.0
=== Fri 17 Jul 14:50:35 CEST 2026 ===
RAM_used: 140 MB
temp=56.9'C
CPU%: 0.0
=== Fri 17 Jul 14:51:05 CEST 2026 ===
RAM_used: 141 MB
temp=57.5'C
CPU%: 2.0
=== Fri 17 Jul 14:51:35 CEST 2026 ===
RAM_used: 141 MB
temp=56.9'C
CPU%: 2.0
=== Fri 17 Jul 14:52:05 CEST 2026 ===
RAM_used: 141 MB
temp=56.9'C
CPU%: 2.0
=== Fri 17 Jul 14:52:36 CEST 2026 ===
RAM_used: 141 MB
temp=56.4'C
CPU%: 2.0
=== Fri 17 Jul 14:53:06 CEST 2026 ===
RAM_used: 141 MB
temp=56.9'C
CPU%: 2.0
=== Fri 17 Jul 14:53:36 CEST 2026 ===
RAM_used: 141 MB
temp=56.4'C
CPU%: 0.0
=== Fri 17 Jul 14:54:07 CEST 2026 ===
RAM_used: 143 MB
temp=56.4'C
CPU%: 4.0
=== Fri 17 Jul 14:54:37 CEST 2026 ===
RAM_used: 143 MB
temp=56.4'C
CPU%: 0.0
=== Fri 17 Jul 14:55:07 CEST 2026 ===
RAM_used: 143 MB
temp=55.8'C
CPU%: 2.1
=== Fri 17 Jul 14:55:38 CEST 2026 ===
RAM_used: 142 MB
temp=55.8'C
CPU%: 0.0
=== Fri 17 Jul 14:56:08 CEST 2026 ===
RAM_used: 142 MB
temp=56.4'C
CPU%: 0.0
=== Fri 17 Jul 14:56:38 CEST 2026 ===
RAM_used: 142 MB
temp=55.8'C
CPU%: 2.0
=== Fri 17 Jul 14:57:08 CEST 2026 ===
RAM_used: 142 MB
temp=55.8'C
CPU%: 2.0
=== Fri 17 Jul 14:57:39 CEST 2026 ===
RAM_used: 139 MB
temp=55.8'C
CPU%: 0.0
=== Fri 17 Jul 14:58:09 CEST 2026 ===
RAM_used: 140 MB
temp=56.4'C
CPU%: 0.0
=== Fri 17 Jul 14:58:39 CEST 2026 ===
RAM_used: 139 MB
temp=55.8'C
CPU%: 2.0
=== Fri 17 Jul 14:59:10 CEST 2026 ===
RAM_used: 139 MB
temp=55.8'C
CPU%: 0.0
=== Fri 17 Jul 14:59:40 CEST 2026 ===
RAM_used: 140 MB
temp=55.8'C
CPU%: 2.0
=== Fri 17 Jul 15:00:10 CEST 2026 ===
RAM_used: 140 MB
temp=55.8'C
CPU%: 0.0
=== Fri 17 Jul 15:00:40 CEST 2026 ===
RAM_used: 141 MB
temp=54.8'C
CPU%: 2.0
=== Fri 17 Jul 15:01:11 CEST 2026 ===
RAM_used: 142 MB
temp=54.8'C
CPU%: 0.0
=== Fri 17 Jul 15:01:41 CEST 2026 ===
RAM_used: 142 MB
temp=54.8'C
CPU%: 0.0
=== Fri 17 Jul 15:02:11 CEST 2026 ===
RAM_used: 142 MB
temp=55.3'C
CPU%: 2.1
=== Fri 17 Jul 15:02:42 CEST 2026 ===
RAM_used: 142 MB
temp=55.3'C
CPU%: 3.9
=== Fri 17 Jul 15:03:12 CEST 2026 ===
RAM_used: 142 MB
temp=54.8'C
CPU%: 2.0
=== Fri 17 Jul 15:03:42 CEST 2026 ===
RAM_used: 142 MB
temp=54.8'C
CPU%: 0.0
=== Fri 17 Jul 15:04:13 CEST 2026 ===
RAM_used: 142 MB
temp=55.3'C
CPU%: 4.0
=== Fri 17 Jul 15:04:43 CEST 2026 ===
RAM_used: 142 MB
temp=54.8'C
CPU%: 4.0
=== Fri 17 Jul 15:05:13 CEST 2026 ===
RAM_used: 142 MB
temp=54.8'C
CPU%: 2.0
=== Fri 17 Jul 15:05:43 CEST 2026 ===
RAM_used: 143 MB
temp=54.8'C
CPU%: 2.0
=== Fri 17 Jul 15:06:14 CEST 2026 ===
RAM_used: 143 MB
temp=54.2'C
CPU%: 4.0
=== Fri 17 Jul 15:06:44 CEST 2026 ===
RAM_used: 142 MB
temp=54.8'C
CPU%: 0.0
=== Fri 17 Jul 15:07:14 CEST 2026 ===
RAM_used: 142 MB
temp=54.8'C
CPU%: 4.0
=== Fri 17 Jul 15:07:45 CEST 2026 ===
RAM_used: 143 MB
temp=54.2'C
CPU%: 4.0
=== Fri 17 Jul 15:08:15 CEST 2026 ===
RAM_used: 142 MB
temp=54.8'C
CPU%: 2.0
=== Fri 17 Jul 15:08:45 CEST 2026 ===
RAM_used: 143 MB
temp=54.8'C
CPU%: 2.0
=== Fri 17 Jul 15:09:16 CEST 2026 ===
RAM_used: 142 MB
temp=54.8'C
CPU%: 2.1
=== Fri 17 Jul 15:09:46 CEST 2026 ===
RAM_used: 144 MB
temp=53.7'C
CPU%: 0.0
=== Fri 17 Jul 15:10:16 CEST 2026 ===
RAM_used: 144 MB
temp=54.8'C
CPU%: 3.9
=== Fri 17 Jul 15:10:46 CEST 2026 ===
RAM_used: 144 MB
temp=54.2'C
CPU%: 2.0
=== Fri 17 Jul 15:11:17 CEST 2026 ===
RAM_used: 144 MB
temp=53.7'C
CPU%: 2.0
=== Fri 17 Jul 15:11:47 CEST 2026 ===
RAM_used: 143 MB
temp=53.7'C
CPU%: 2.0
=== Fri 17 Jul 15:12:17 CEST 2026 ===
RAM_used: 143 MB
temp=54.2'C
CPU%: 2.0
=== Fri 17 Jul 15:12:48 CEST 2026 ===
RAM_used: 143 MB
temp=53.7'C
CPU%: 2.0
=== Fri 17 Jul 15:13:18 CEST 2026 ===
RAM_used: 142 MB
temp=54.2'C
CPU%: 0.0
=== Fri 17 Jul 15:13:48 CEST 2026 ===
RAM_used: 142 MB
temp=54.2'C
CPU%: 4.0
=== Fri 17 Jul 15:14:19 CEST 2026 ===
RAM_used: 141 MB
temp=54.2'C
CPU%: 0.0
=== Fri 17 Jul 15:14:49 CEST 2026 ===
RAM_used: 141 MB
temp=53.7'C
CPU%: 0.0
=== Fri 17 Jul 15:15:19 CEST 2026 ===
RAM_used: 141 MB
temp=53.7'C
CPU%: 2.0
=== Fri 17 Jul 15:15:49 CEST 2026 ===
RAM_used: 140 MB
temp=53.7'C
CPU%: 2.0
=== Fri 17 Jul 15:16:20 CEST 2026 ===
RAM_used: 140 MB
temp=53.7'C
CPU%: 2.0
=== Fri 17 Jul 15:16:50 CEST 2026 ===
RAM_used: 141 MB
temp=54.8'C
CPU%: 3.9
=== Fri 17 Jul 15:17:20 CEST 2026 ===
RAM_used: 140 MB
temp=53.7'C
CPU%: 2.0
=== Fri 17 Jul 15:17:51 CEST 2026 ===
RAM_used: 141 MB
temp=54.2'C
CPU%: 4.0
=== Fri 17 Jul 15:18:21 CEST 2026 ===
RAM_used: 141 MB
temp=53.7'C
CPU%: 2.0
=== Fri 17 Jul 15:18:51 CEST 2026 ===
RAM_used: 141 MB
temp=54.2'C
CPU%: 2.0
=== Fri 17 Jul 15:19:22 CEST 2026 ===
RAM_used: 142 MB
temp=54.2'C
CPU%: 2.0
=== Fri 17 Jul 15:19:52 CEST 2026 ===
RAM_used: 142 MB
temp=54.2'C
CPU%: 2.0
=== Fri 17 Jul 15:20:22 CEST 2026 ===
RAM_used: 141 MB
temp=53.7'C
CPU%: 2.0
=== Fri 17 Jul 15:20:52 CEST 2026 ===
RAM_used: 143 MB
temp=54.2'C
CPU%: 3.8
=== Fri 17 Jul 15:21:23 CEST 2026 ===
RAM_used: 142 MB
temp=53.7'C
CPU%: 3.8
=== Fri 17 Jul 15:21:53 CEST 2026 ===
RAM_used: 142 MB
temp=54.8'C
CPU%: 2.0
=== Fri 17 Jul 15:22:23 CEST 2026 ===
RAM_used: 143 MB
temp=53.7'C
CPU%: 2.0
=== Fri 17 Jul 15:22:54 CEST 2026 ===
RAM_used: 142 MB
temp=53.7'C
CPU%: 0.0
=== Fri 17 Jul 15:23:24 CEST 2026 ===
RAM_used: 142 MB
temp=54.2'C
CPU%: 3.9
=== Fri 17 Jul 15:23:54 CEST 2026 ===
RAM_used: 142 MB
temp=53.7'C
CPU%: 0.0
=== Fri 17 Jul 15:24:24 CEST 2026 ===
RAM_used: 142 MB
temp=53.7'C
CPU%: 3.9
=== Fri 17 Jul 15:24:55 CEST 2026 ===
RAM_used: 142 MB
temp=54.2'C
CPU%: 0.0
=== Fri 17 Jul 15:25:25 CEST 2026 ===
RAM_used: 142 MB
temp=54.2'C
CPU%: 2.0
=== Fri 17 Jul 15:25:55 CEST 2026 ===
RAM_used: 142 MB
temp=53.7'C
CPU%: 2.0
=== Fri 17 Jul 15:26:26 CEST 2026 ===
RAM_used: 142 MB
temp=54.2'C
CPU%: 2.0
=== Fri 17 Jul 15:26:56 CEST 2026 ===
RAM_used: 142 MB
temp=54.2'C
CPU%: 2.0
=== Fri 17 Jul 15:27:26 CEST 2026 ===
RAM_used: 142 MB
temp=53.7'C
CPU%: 2.0
=== Fri 17 Jul 15:27:57 CEST 2026 ===
RAM_used: 141 MB
temp=53.7'C
CPU%: 2.0
=== Fri 17 Jul 15:28:27 CEST 2026 ===
RAM_used: 142 MB
temp=53.7'C
CPU%: 2.0
=== Fri 17 Jul 15:28:57 CEST 2026 ===
RAM_used: 143 MB
temp=54.2'C
CPU%: 0.0
=== Fri 17 Jul 15:29:27 CEST 2026 ===
RAM_used: 143 MB
temp=54.2'C
CPU%: 2.0
=== Fri 17 Jul 15:29:58 CEST 2026 ===
RAM_used: 142 MB
temp=53.7'C
CPU%: 2.0
=== Fri 17 Jul 15:30:28 CEST 2026 ===
RAM_used: 142 MB
temp=53.7'C
CPU%: 2.0
=== Fri 17 Jul 15:30:58 CEST 2026 ===
RAM_used: 141 MB
temp=53.7'C
CPU%: 2.0
=== Fri 17 Jul 15:31:29 CEST 2026 ===
RAM_used: 141 MB
temp=53.7'C
CPU%: 2.1
=== Fri 17 Jul 15:31:59 CEST 2026 ===
RAM_used: 141 MB
temp=53.7'C
CPU%: 2.0
=== Fri 17 Jul 15:32:29 CEST 2026 ===
RAM_used: 140 MB
temp=54.2'C
CPU%: 2.0
=== Fri 17 Jul 15:33:00 CEST 2026 ===
RAM_used: 141 MB
temp=53.7'C
CPU%: 2.0
=== Fri 17 Jul 15:33:30 CEST 2026 ===
RAM_used: 141 MB
temp=53.7'C
CPU%: 0.0
=== Fri 17 Jul 15:34:00 CEST 2026 ===
RAM_used: 313 MB
temp=60.1'C
CPU%: 8.9
=== Fri 17 Jul 15:34:30 CEST 2026 ===
RAM_used: 470 MB
temp=62.3'C
CPU%: 26.1
=== Fri 17 Jul 15:35:01 CEST 2026 ===
RAM_used: 469 MB
temp=64.5'C
CPU%: 25.5
=== Fri 17 Jul 15:35:31 CEST 2026 ===
RAM_used: 468 MB
temp=65.0'C
CPU%: 26.1
=== Fri 17 Jul 15:36:01 CEST 2026 ===
RAM_used: 468 MB
temp=66.1'C
CPU%: 25.5
=== Fri 17 Jul 15:36:31 CEST 2026 ===
RAM_used: 468 MB
temp=66.6'C
CPU%: 26.1
=== Fri 17 Jul 15:37:02 CEST 2026 ===
RAM_used: 468 MB
temp=66.6'C
CPU%: 25.5
=== Fri 17 Jul 15:37:32 CEST 2026 ===
RAM_used: 468 MB
temp=67.7'C
CPU%: 27.7
=== Fri 17 Jul 15:38:02 CEST 2026 ===
RAM_used: 469 MB
temp=67.7'C
CPU%: 26.1
=== Fri 17 Jul 15:38:33 CEST 2026 ===
RAM_used: 468 MB
temp=68.8'C
CPU%: 27.7
=== Fri 17 Jul 15:39:03 CEST 2026 ===
RAM_used: 468 MB
temp=68.8'C
CPU%: 27.7
=== Fri 17 Jul 15:39:33 CEST 2026 ===
RAM_used: 468 MB
temp=68.8'C
CPU%: 26.7
=== Fri 17 Jul 15:40:03 CEST 2026 ===
RAM_used: 468 MB
temp=68.8'C
CPU%: 23.9
=== Fri 17 Jul 15:40:34 CEST 2026 ===
RAM_used: 468 MB
temp=68.8'C
CPU%: 23.9
=== Fri 17 Jul 15:41:04 CEST 2026 ===
RAM_used: 468 MB
temp=69.3'C
CPU%: 23.9
=== Fri 17 Jul 15:41:34 CEST 2026 ===
RAM_used: 469 MB
temp=69.8'C
CPU%: 27.7
=== Fri 17 Jul 15:42:04 CEST 2026 ===
RAM_used: 469 MB
temp=69.8'C
CPU%: 23.9
=== Fri 17 Jul 15:42:35 CEST 2026 ===
RAM_used: 470 MB
temp=69.8'C
CPU%: 23.9
=== Fri 17 Jul 15:43:05 CEST 2026 ===
RAM_used: 470 MB
temp=69.8'C
CPU%: 26.1
=== Fri 17 Jul 15:43:35 CEST 2026 ===
RAM_used: 470 MB
temp=69.8'C
CPU%: 26.1
=== Fri 17 Jul 15:44:05 CEST 2026 ===
RAM_used: 469 MB
temp=70.4'C
CPU%: 26.1
=== Fri 17 Jul 15:44:36 CEST 2026 ===
RAM_used: 141 MB
temp=65.5'C
CPU%: 1.9
=== Fri 17 Jul 15:45:06 CEST 2026 ===
RAM_used: 142 MB
temp=61.2'C
CPU%: 3.9
=== Fri 17 Jul 15:45:36 CEST 2026 ===
RAM_used: 141 MB
temp=60.7'C
CPU%: 2.0
=== Fri 17 Jul 15:46:07 CEST 2026 ===
RAM_used: 141 MB
temp=59.1'C
CPU%: 2.0
=== Fri 17 Jul 15:46:37 CEST 2026 ===
RAM_used: 142 MB
temp=58.5'C
CPU%: 0.0
=== Fri 17 Jul 15:47:07 CEST 2026 ===
RAM_used: 142 MB
temp=58.0'C
CPU%: 0.0
=== Fri 17 Jul 15:47:37 CEST 2026 ===
RAM_used: 142 MB
temp=58.0'C
CPU%: 4.0
=== Fri 17 Jul 15:48:08 CEST 2026 ===
RAM_used: 143 MB
temp=58.0'C
CPU%: 2.0
=== Fri 17 Jul 15:48:38 CEST 2026 ===
RAM_used: 143 MB
temp=56.9'C
CPU%: 2.0
=== Fri 17 Jul 15:49:08 CEST 2026 ===
RAM_used: 143 MB
temp=56.9'C
CPU%: 0.0
=== Fri 17 Jul 15:49:39 CEST 2026 ===
RAM_used: 142 MB
temp=56.4'C
CPU%: 2.0
=== Fri 17 Jul 15:50:09 CEST 2026 ===
RAM_used: 299 MB
temp=63.4'C
CPU%: 25.5
=== Fri 17 Jul 15:50:39 CEST 2026 ===
RAM_used: 470 MB
temp=63.9'C
CPU%: 28.3
=== Fri 17 Jul 15:51:09 CEST 2026 ===
RAM_used: 470 MB
temp=66.6'C
CPU%: 26.1
=== Fri 17 Jul 15:51:40 CEST 2026 ===
RAM_used: 469 MB
temp=66.6'C
CPU%: 25.5
=== Fri 17 Jul 15:52:10 CEST 2026 ===
RAM_used: 469 MB
temp=68.2'C
CPU%: 25.5
=== Fri 17 Jul 15:52:40 CEST 2026 ===
RAM_used: 468 MB
temp=68.8'C
CPU%: 25.5
=== Fri 17 Jul 15:53:11 CEST 2026 ===
RAM_used: 469 MB
temp=69.3'C
CPU%: 25.5
=== Fri 17 Jul 15:53:41 CEST 2026 ===
RAM_used: 468 MB
temp=69.3'C
CPU%: 26.1
=== Fri 17 Jul 15:54:11 CEST 2026 ===
RAM_used: 468 MB
temp=69.8'C
CPU%: 25.5
=== Fri 17 Jul 15:54:41 CEST 2026 ===
RAM_used: 468 MB
temp=69.8'C
CPU%: 27.7
=== Fri 17 Jul 15:55:12 CEST 2026 ===
RAM_used: 469 MB
temp=69.8'C
CPU%: 23.9
=== Fri 17 Jul 15:55:42 CEST 2026 ===
RAM_used: 469 MB
temp=69.8'C
CPU%: 26.1
=== Fri 17 Jul 15:56:12 CEST 2026 ===
RAM_used: 470 MB
temp=69.8'C
CPU%: 25.5
=== Fri 17 Jul 15:56:42 CEST 2026 ===
RAM_used: 469 MB
temp=70.4'C
CPU%: 25.5
=== Fri 17 Jul 15:57:13 CEST 2026 ===
RAM_used: 469 MB
temp=70.9'C
CPU%: 26.1
=== Fri 17 Jul 15:57:43 CEST 2026 ===
RAM_used: 469 MB
temp=71.4'C
CPU%: 27.7
=== Fri 17 Jul 15:58:13 CEST 2026 ===
RAM_used: 469 MB
temp=70.9'C
CPU%: 26.1
=== Fri 17 Jul 15:58:43 CEST 2026 ===
RAM_used: 469 MB
temp=70.9'C
CPU%: 25.5
=== Fri 17 Jul 15:59:14 CEST 2026 ===
RAM_used: 469 MB
temp=70.9'C
CPU%: 26.1
=== Fri 17 Jul 15:59:44 CEST 2026 ===
RAM_used: 469 MB
temp=71.4'C
CPU%: 26.1
=== Fri 17 Jul 16:00:14 CEST 2026 ===
RAM_used: 469 MB
temp=72.0'C
CPU%: 26.1
=== Fri 17 Jul 16:00:45 CEST 2026 ===
RAM_used: 138 MB
temp=67.7'C
CPU%: 0.0
=== Fri 17 Jul 16:01:15 CEST 2026 ===
RAM_used: 139 MB
temp=62.3'C
CPU%: 2.0
=== Fri 17 Jul 16:01:45 CEST 2026 ===
RAM_used: 139 MB
temp=61.2'C
CPU%: 0.0
=== Fri 17 Jul 16:02:15 CEST 2026 ===
RAM_used: 139 MB
temp=60.1'C
CPU%: 2.0
=== Fri 17 Jul 16:02:46 CEST 2026 ===
RAM_used: 141 MB
temp=59.6'C
CPU%: 0.0
=== Fri 17 Jul 16:03:16 CEST 2026 ===
RAM_used: 140 MB
temp=59.1'C
CPU%: 2.0
=== Fri 17 Jul 16:03:46 CEST 2026 ===
RAM_used: 141 MB
temp=58.5'C
CPU%: 0.0
=== Fri 17 Jul 16:04:17 CEST 2026 ===
RAM_used: 142 MB
temp=58.0'C
CPU%: 4.2
=== Fri 17 Jul 16:04:47 CEST 2026 ===
RAM_used: 143 MB
temp=58.0'C
CPU%: 4.0
=== Fri 17 Jul 16:05:17 CEST 2026 ===
RAM_used: 142 MB
temp=58.0'C
CPU%: 2.0
=== Fri 17 Jul 16:05:47 CEST 2026 ===
RAM_used: 142 MB
temp=57.5'C
CPU%: 2.1
=== Fri 17 Jul 16:06:18 CEST 2026 ===
RAM_used: 141 MB
temp=56.9'C
CPU%: 0.0
=== Fri 17 Jul 16:06:48 CEST 2026 ===
RAM_used: 140 MB
temp=56.9'C
CPU%: 4.0
=== Fri 17 Jul 16:07:18 CEST 2026 ===
RAM_used: 141 MB
temp=56.9'C
CPU%: 2.0
=== Fri 17 Jul 16:07:49 CEST 2026 ===
RAM_used: 140 MB
temp=56.9'C
CPU%: 4.0
=== Fri 17 Jul 16:08:19 CEST 2026 ===
RAM_used: 142 MB
temp=56.9'C
CPU%: 3.9
=== Fri 17 Jul 16:08:49 CEST 2026 ===
RAM_used: 474 MB
temp=65.0'C
CPU%: 25.5
=== Fri 17 Jul 16:09:19 CEST 2026 ===
RAM_used: 473 MB
temp=66.6'C
CPU%: 23.9
=== Fri 17 Jul 16:09:50 CEST 2026 ===
RAM_used: 473 MB
temp=67.1'C
CPU%: 23.9
=== Fri 17 Jul 16:10:20 CEST 2026 ===
RAM_used: 474 MB
temp=67.7'C
CPU%: 25.5
=== Fri 17 Jul 16:10:50 CEST 2026 ===
RAM_used: 473 MB
temp=68.2'C
CPU%: 26.1
=== Fri 17 Jul 16:11:21 CEST 2026 ===
RAM_used: 474 MB
temp=69.3'C
CPU%: 27.7
=== Fri 17 Jul 16:11:51 CEST 2026 ===
RAM_used: 473 MB
temp=69.8'C
CPU%: 25.5
=== Fri 17 Jul 16:12:21 CEST 2026 ===
RAM_used: 472 MB
temp=69.8'C
CPU%: 27.7
=== Fri 17 Jul 16:12:51 CEST 2026 ===
RAM_used: 472 MB
temp=69.8'C
CPU%: 26.1
=== Fri 17 Jul 16:13:22 CEST 2026 ===
RAM_used: 472 MB
temp=69.8'C
CPU%: 26.1
=== Fri 17 Jul 16:13:52 CEST 2026 ===
RAM_used: 471 MB
temp=70.9'C
CPU%: 26.1
=== Fri 17 Jul 16:14:22 CEST 2026 ===
RAM_used: 471 MB
temp=70.9'C
CPU%: 28.3
=== Fri 17 Jul 16:14:52 CEST 2026 ===
RAM_used: 471 MB
temp=70.9'C
CPU%: 27.7
=== Fri 17 Jul 16:15:23 CEST 2026 ===
RAM_used: 471 MB
temp=71.4'C
CPU%: 26.7
=== Fri 17 Jul 16:15:53 CEST 2026 ===
RAM_used: 471 MB
temp=71.4'C
CPU%: 26.1
=== Fri 17 Jul 16:16:23 CEST 2026 ===
RAM_used: 472 MB
temp=70.9'C
CPU%: 26.1
=== Fri 17 Jul 16:16:53 CEST 2026 ===
RAM_used: 472 MB
temp=70.9'C
CPU%: 25.5
=== Fri 17 Jul 16:17:24 CEST 2026 ===
RAM_used: 472 MB
temp=70.9'C
CPU%: 26.1
=== Fri 17 Jul 16:17:54 CEST 2026 ===
RAM_used: 472 MB
temp=71.4'C
CPU%: 28.3
=== Fri 17 Jul 16:18:24 CEST 2026 ===
RAM_used: 472 MB
temp=71.4'C
CPU%: 25.5
=== Fri 17 Jul 16:18:54 CEST 2026 ===
RAM_used: 146 MB
temp=68.8'C
CPU%: 2.2
=== Fri 17 Jul 16:19:25 CEST 2026 ===
RAM_used: 146 MB
temp=62.8'C
CPU%: 0.0
=== Fri 17 Jul 16:19:55 CEST 2026 ===
RAM_used: 146 MB
temp=61.8'C
CPU%: 2.0
=== Fri 17 Jul 16:20:25 CEST 2026 ===
RAM_used: 147 MB
temp=60.7'C
CPU%: 5.8
=== Fri 17 Jul 16:20:56 CEST 2026 ===
RAM_used: 484 MB
temp=66.6'C
CPU%: 0.0
=== Fri 17 Jul 16:21:26 CEST 2026 ===
RAM_used: 474 MB
temp=68.8'C
CPU%: 27.7
=== Fri 17 Jul 16:21:56 CEST 2026 ===
RAM_used: 473 MB
temp=69.8'C
CPU%: 28.3
=== Fri 17 Jul 16:22:26 CEST 2026 ===
RAM_used: 472 MB
temp=70.4'C
CPU%: 27.7
=== Fri 17 Jul 16:22:57 CEST 2026 ===
RAM_used: 472 MB
temp=70.4'C
CPU%: 25.5
=== Fri 17 Jul 16:23:27 CEST 2026 ===
RAM_used: 473 MB
temp=62.8'C
CPU%: 2.0
=== Fri 17 Jul 16:23:57 CEST 2026 ===
RAM_used: 473 MB
temp=69.3'C
CPU%: 28.3
=== Fri 17 Jul 16:24:28 CEST 2026 ===
RAM_used: 472 MB
temp=70.9'C
CPU%: 26.1
=== Fri 17 Jul 16:24:58 CEST 2026 ===
RAM_used: 471 MB
temp=70.9'C
CPU%: 2.2
=== Fri 17 Jul 16:25:28 CEST 2026 ===
RAM_used: 471 MB
temp=70.9'C
CPU%: 26.1
=== Fri 17 Jul 16:25:58 CEST 2026 ===
RAM_used: 471 MB
temp=64.5'C
CPU%: 27.7
=== Fri 17 Jul 16:26:29 CEST 2026 ===
RAM_used: 471 MB
temp=70.4'C
CPU%: 24.4
=== Fri 17 Jul 16:26:59 CEST 2026 ===
RAM_used: 470 MB
temp=70.9'C
CPU%: 27.7
=== Fri 17 Jul 16:27:29 CEST 2026 ===
RAM_used: 471 MB
temp=70.9'C
CPU%: 26.1
=== Fri 17 Jul 16:27:59 CEST 2026 ===
RAM_used: 472 MB
temp=69.8'C
CPU%: 4.3
=== Fri 17 Jul 16:28:30 CEST 2026 ===
RAM_used: 472 MB
temp=66.6'C
CPU%: 26.1
=== Fri 17 Jul 16:29:00 CEST 2026 ===
RAM_used: 477 MB
temp=71.4'C
CPU%: 26.7
=== Fri 17 Jul 16:29:30 CEST 2026 ===
RAM_used: 464 MB
temp=70.9'C
CPU%: 27.7
=== Fri 17 Jul 16:30:00 CEST 2026 ===
RAM_used: 466 MB
temp=70.9'C
CPU%: 24.4
=== Fri 17 Jul 16:30:31 CEST 2026 ===
RAM_used: 466 MB
temp=69.3'C
CPU%: 0.0
=== Fri 17 Jul 16:31:01 CEST 2026 ===
RAM_used: 468 MB
temp=67.7'C
CPU%: 25.5
=== Fri 17 Jul 16:31:31 CEST 2026 ===
RAM_used: 467 MB
temp=70.9'C
CPU%: 23.9
=== Fri 17 Jul 16:32:01 CEST 2026 ===
RAM_used: 467 MB
temp=70.9'C
CPU%: 26.1
=== Fri 17 Jul 16:32:32 CEST 2026 ===
RAM_used: 467 MB
temp=70.9'C
CPU%: 25.5
=== Fri 17 Jul 16:33:02 CEST 2026 ===
RAM_used: 466 MB
temp=67.7'C
CPU%: 2.0
=== Fri 17 Jul 16:33:32 CEST 2026 ===
RAM_used: 140 MB
temp=66.1'C
CPU%: 2.2
=== Fri 17 Jul 16:34:03 CEST 2026 ===
RAM_used: 139 MB
temp=61.8'C
CPU%: 2.0
=== Fri 17 Jul 16:34:33 CEST 2026 ===
RAM_used: 139 MB
temp=61.2'C
CPU%: 4.1
=== Fri 17 Jul 16:35:03 CEST 2026 ===
RAM_used: 138 MB
temp=60.1'C
CPU%: 2.1
=== Fri 17 Jul 16:35:33 CEST 2026 ===
RAM_used: 138 MB
temp=60.1'C
CPU%: 2.0
=== Fri 17 Jul 16:36:04 CEST 2026 ===
RAM_used: 150 MB
temp=61.2'C
CPU%: 15.6
=== Fri 17 Jul 16:36:34 CEST 2026 ===
RAM_used: 465 MB
temp=67.7'C
CPU%: 28.3
=== Fri 17 Jul 16:37:04 CEST 2026 ===
RAM_used: 462 MB
temp=69.3'C
CPU%: 26.1
=== Fri 17 Jul 16:37:35 CEST 2026 ===
RAM_used: 462 MB
temp=69.8'C
CPU%: 26.1
=== Fri 17 Jul 16:38:05 CEST 2026 ===
RAM_used: 462 MB
temp=70.4'C
CPU%: 26.1
=== Fri 17 Jul 16:38:35 CEST 2026 ===
RAM_used: 462 MB
temp=65.5'C
CPU%: 1.9
=== Fri 17 Jul 16:39:05 CEST 2026 ===
RAM_used: 464 MB
temp=67.7'C
CPU%: 26.1
=== Fri 17 Jul 16:39:36 CEST 2026 ===
RAM_used: 464 MB
temp=70.4'C
CPU%: 23.9
=== Fri 17 Jul 16:40:06 CEST 2026 ===
RAM_used: 464 MB
temp=70.4'C
CPU%: 23.9
=== Fri 17 Jul 16:40:36 CEST 2026 ===
RAM_used: 464 MB
temp=70.9'C
CPU%: 26.1
=== Fri 17 Jul 16:41:06 CEST 2026 ===
RAM_used: 466 MB
temp=65.0'C
CPU%: 0.0
=== Fri 17 Jul 16:41:37 CEST 2026 ===
RAM_used: 466 MB
temp=68.8'C
CPU%: 25.5
=== Fri 17 Jul 16:42:07 CEST 2026 ===
RAM_used: 466 MB
temp=69.8'C
CPU%: 26.1
=== Fri 17 Jul 16:42:37 CEST 2026 ===
RAM_used: 465 MB
temp=70.9'C
CPU%: 27.7
=== Fri 17 Jul 16:43:07 CEST 2026 ===
RAM_used: 465 MB
temp=70.9'C
CPU%: 26.1
=== Fri 17 Jul 16:43:38 CEST 2026 ===
RAM_used: 463 MB
temp=64.5'C
CPU%: 2.0
=== Fri 17 Jul 16:44:08 CEST 2026 ===
RAM_used: 463 MB
temp=68.8'C
CPU%: 26.1
=== Fri 17 Jul 16:44:38 CEST 2026 ===
RAM_used: 463 MB
temp=70.9'C
CPU%: 25.5
=== Fri 17 Jul 16:45:09 CEST 2026 ===
RAM_used: 465 MB
temp=70.9'C
CPU%: 26.7
=== Fri 17 Jul 16:45:39 CEST 2026 ===
RAM_used: 466 MB
temp=70.9'C
CPU%: 26.1
=== Fri 17 Jul 16:46:09 CEST 2026 ===
RAM_used: 465 MB
temp=64.5'C
CPU%: 0.0
=== Fri 17 Jul 16:46:39 CEST 2026 ===
RAM_used: 468 MB
temp=69.3'C
CPU%: 26.7
=== Fri 17 Jul 16:47:10 CEST 2026 ===
RAM_used: 468 MB
temp=70.4'C
CPU%: 27.7
=== Fri 17 Jul 16:47:40 CEST 2026 ===
RAM_used: 467 MB
temp=70.9'C
CPU%: 26.7
=== Fri 17 Jul 16:48:10 CEST 2026 ===
RAM_used: 467 MB
temp=70.9'C
CPU%: 27.7
=== Fri 17 Jul 16:48:40 CEST 2026 ===
RAM_used: 467 MB
temp=63.9'C
CPU%: 0.0
=== Fri 17 Jul 16:49:11 CEST 2026 ===
RAM_used: 138 MB
temp=62.3'C
CPU%: 2.0
=== Fri 17 Jul 16:49:41 CEST 2026 ===
RAM_used: 138 MB
temp=60.7'C
CPU%: 2.0
=== Fri 17 Jul 16:50:11 CEST 2026 ===
RAM_used: 137 MB
temp=60.1'C
CPU%: 0.0
=== Fri 17 Jul 16:50:42 CEST 2026 ===
RAM_used: 137 MB
temp=59.6'C
CPU%: 2.0
=== Fri 17 Jul 16:51:12 CEST 2026 ===
RAM_used: 137 MB
temp=59.1'C
CPU%: 4.0
=== Fri 17 Jul 16:51:42 CEST 2026 ===
RAM_used: 137 MB
temp=58.0'C
CPU%: 0.0
=== Fri 17 Jul 16:52:13 CEST 2026 ===
RAM_used: 137 MB
temp=58.0'C
CPU%: 0.0
=== Fri 17 Jul 16:52:43 CEST 2026 ===
RAM_used: 137 MB
temp=58.0'C
CPU%: 1.9
=== Fri 17 Jul 16:53:13 CEST 2026 ===
RAM_used: 137 MB
temp=58.0'C
CPU%: 0.0
=== Fri 17 Jul 16:53:43 CEST 2026 ===
RAM_used: 138 MB
temp=57.5'C
CPU%: 3.9
=== Fri 17 Jul 16:54:14 CEST 2026 ===
RAM_used: 137 MB
temp=57.5'C
CPU%: 0.0
=== Fri 17 Jul 16:54:44 CEST 2026 ===
RAM_used: 139 MB
temp=57.5'C
CPU%: 5.8
=== Fri 17 Jul 16:55:14 CEST 2026 ===
RAM_used: 139 MB
temp=56.9'C
CPU%: 2.0
=== Fri 17 Jul 16:55:45 CEST 2026 ===
RAM_used: 139 MB
temp=56.4'C
CPU%: 4.0
=== Fri 17 Jul 16:56:15 CEST 2026 ===
RAM_used: 139 MB
temp=56.9'C
CPU%: 2.0
=== Fri 17 Jul 16:56:45 CEST 2026 ===
RAM_used: 138 MB
temp=56.4'C
CPU%: 2.0
=== Fri 17 Jul 16:57:16 CEST 2026 ===
RAM_used: 138 MB
temp=55.8'C
CPU%: 3.8
=== Fri 17 Jul 16:57:46 CEST 2026 ===
RAM_used: 133 MB
temp=56.4'C
CPU%: 2.0
=== Fri 17 Jul 16:58:16 CEST 2026 ===
RAM_used: 133 MB
temp=56.4'C
CPU%: 0.0
=== Fri 17 Jul 16:58:46 CEST 2026 ===
RAM_used: 133 MB
temp=55.8'C
CPU%: 2.0
=== Fri 17 Jul 16:59:17 CEST 2026 ===
RAM_used: 132 MB
temp=56.4'C
CPU%: 0.0
=== Fri 17 Jul 16:59:47 CEST 2026 ===
RAM_used: 131 MB
temp=56.4'C
CPU%: 2.0
=== Fri 17 Jul 17:00:17 CEST 2026 ===
RAM_used: 133 MB
temp=56.4'C
CPU%: 2.0
=== Fri 17 Jul 17:00:48 CEST 2026 ===
RAM_used: 133 MB
temp=55.8'C
CPU%: 4.1
=== Fri 17 Jul 17:01:18 CEST 2026 ===
RAM_used: 133 MB
temp=55.8'C
CPU%: 2.0
=== Fri 17 Jul 17:01:48 CEST 2026 ===
RAM_used: 133 MB
temp=55.8'C
CPU%: 0.0
=== Fri 17 Jul 17:02:18 CEST 2026 ===
RAM_used: 133 MB
temp=55.8'C
CPU%: 2.0
=== Fri 17 Jul 17:02:49 CEST 2026 ===
RAM_used: 134 MB
temp=55.8'C
CPU%: 0.0
=== Fri 17 Jul 17:03:19 CEST 2026 ===
RAM_used: 134 MB
temp=55.8'C
CPU%: 2.0
=== Fri 17 Jul 17:03:49 CEST 2026 ===
RAM_used: 134 MB
temp=55.3'C
CPU%: 0.0
=== Fri 17 Jul 17:04:20 CEST 2026 ===
RAM_used: 135 MB
temp=54.8'C
CPU%: 2.0
=== Fri 17 Jul 17:04:50 CEST 2026 ===
RAM_used: 134 MB
temp=56.9'C
CPU%: 0.0
=== Fri 17 Jul 17:05:20 CEST 2026 ===
RAM_used: 136 MB
temp=55.8'C
CPU%: 4.1
=== Fri 17 Jul 17:05:51 CEST 2026 ===
RAM_used: 138 MB
temp=54.8'C
CPU%: 3.9
=== Fri 17 Jul 17:06:21 CEST 2026 ===
RAM_used: 261 MB
temp=60.7'C
CPU%: 23.9
=== Fri 17 Jul 17:06:51 CEST 2026 ===
RAM_used: 462 MB
temp=63.9'C
CPU%: 25.5
=== Fri 17 Jul 17:07:21 CEST 2026 ===
RAM_used: 462 MB
temp=65.5'C
CPU%: 27.7
=== Fri 17 Jul 17:07:52 CEST 2026 ===
RAM_used: 463 MB
temp=66.6'C
CPU%: 28.3
=== Fri 17 Jul 17:08:22 CEST 2026 ===
RAM_used: 464 MB
temp=67.7'C
CPU%: 25.5
=== Fri 17 Jul 17:08:52 CEST 2026 ===
RAM_used: 463 MB
temp=61.2'C
CPU%: 2.0
=== Fri 17 Jul 17:09:22 CEST 2026 ===
RAM_used: 464 MB
temp=65.5'C
CPU%: 26.1
=== Fri 17 Jul 17:09:53 CEST 2026 ===
RAM_used: 465 MB
temp=67.1'C
CPU%: 26.7
=== Fri 17 Jul 17:10:23 CEST 2026 ===
RAM_used: 465 MB
temp=67.7'C
CPU%: 26.1
=== Fri 17 Jul 17:10:53 CEST 2026 ===
RAM_used: 465 MB
temp=68.8'C
CPU%: 27.7
=== Fri 17 Jul 17:11:24 CEST 2026 ===
RAM_used: 467 MB
temp=61.8'C
CPU%: 0.0
=== Fri 17 Jul 17:11:54 CEST 2026 ===
RAM_used: 467 MB
temp=66.6'C
CPU%: 25.5
=== Fri 17 Jul 17:12:24 CEST 2026 ===
RAM_used: 467 MB
temp=68.8'C
CPU%: 26.1
=== Fri 17 Jul 17:12:54 CEST 2026 ===
RAM_used: 467 MB
temp=68.8'C
CPU%: 25.5
=== Fri 17 Jul 17:13:25 CEST 2026 ===
RAM_used: 467 MB
temp=69.3'C
CPU%: 27.7
=== Fri 17 Jul 17:13:55 CEST 2026 ===
RAM_used: 467 MB
temp=62.3'C
CPU%: 0.0
=== Fri 17 Jul 17:14:25 CEST 2026 ===
RAM_used: 467 MB
temp=67.7'C
CPU%: 28.3
=== Fri 17 Jul 17:14:55 CEST 2026 ===
RAM_used: 467 MB
temp=69.3'C
CPU%: 27.7
=== Fri 17 Jul 17:15:26 CEST 2026 ===
RAM_used: 467 MB
temp=69.8'C
CPU%: 26.1
=== Fri 17 Jul 17:15:56 CEST 2026 ===
RAM_used: 468 MB
temp=70.4'C
CPU%: 26.7
=== Fri 17 Jul 17:16:26 CEST 2026 ===
RAM_used: 467 MB
temp=62.3'C
CPU%: 0.0
=== Fri 17 Jul 17:16:57 CEST 2026 ===
RAM_used: 468 MB
temp=68.8'C
CPU%: 26.1
=== Fri 17 Jul 17:17:27 CEST 2026 ===
RAM_used: 468 MB
temp=69.8'C
CPU%: 26.1
=== Fri 17 Jul 17:17:57 CEST 2026 ===
RAM_used: 468 MB
temp=69.8'C
CPU%: 23.4
=== Fri 17 Jul 17:18:27 CEST 2026 ===
RAM_used: 468 MB
temp=70.4'C
CPU%: 26.1
=== Fri 17 Jul 17:18:58 CEST 2026 ===
RAM_used: 468 MB
temp=62.3'C
CPU%: 2.0
=== Fri 17 Jul 17:19:28 CEST 2026 ===
RAM_used: 137 MB
temp=61.2'C
CPU%: 3.9
=== Fri 17 Jul 17:19:58 CEST 2026 ===
RAM_used: 134 MB
temp=60.1'C
CPU%: 2.0
=== Fri 17 Jul 17:20:28 CEST 2026 ===
RAM_used: 135 MB
temp=59.6'C
CPU%: 4.0
=== Fri 17 Jul 17:20:59 CEST 2026 ===
RAM_used: 135 MB
temp=59.1'C
CPU%: 2.0
=== Fri 17 Jul 17:21:29 CEST 2026 ===
RAM_used: 136 MB
temp=59.1'C
CPU%: 3.8
=== Fri 17 Jul 17:21:59 CEST 2026 ===
RAM_used: 137 MB
temp=58.0'C
CPU%: 3.9
=== Fri 17 Jul 17:22:30 CEST 2026 ===
RAM_used: 138 MB
temp=58.0'C
CPU%: 3.9
=== Fri 17 Jul 17:23:00 CEST 2026 ===
RAM_used: 139 MB
temp=56.9'C
CPU%: 0.0
=== Fri 17 Jul 17:23:30 CEST 2026 ===
RAM_used: 139 MB
temp=57.5'C
CPU%: 4.1
=== Fri 17 Jul 17:24:01 CEST 2026 ===
RAM_used: 139 MB
temp=56.9'C
CPU%: 2.0
=== Fri 17 Jul 17:24:31 CEST 2026 ===
RAM_used: 138 MB
temp=56.9'C
CPU%: 3.9
=== Fri 17 Jul 17:25:01 CEST 2026 ===
RAM_used: 137 MB
temp=56.9'C
CPU%: 0.0
=== Fri 17 Jul 17:25:31 CEST 2026 ===
RAM_used: 138 MB
temp=56.4'C
CPU%: 2.0
=== Fri 17 Jul 17:26:02 CEST 2026 ===
RAM_used: 137 MB
temp=55.8'C
CPU%: 2.0
=== Fri 17 Jul 17:26:32 CEST 2026 ===
RAM_used: 137 MB
temp=56.4'C
CPU%: 3.9
=== Fri 17 Jul 17:27:02 CEST 2026 ===
RAM_used: 138 MB
temp=55.8'C
CPU%: 0.0
=== Fri 17 Jul 17:27:33 CEST 2026 ===
RAM_used: 138 MB
temp=55.8'C
CPU%: 3.9
=== Fri 17 Jul 17:28:03 CEST 2026 ===
RAM_used: 138 MB
temp=55.3'C
CPU%: 0.0
=== Fri 17 Jul 17:28:33 CEST 2026 ===
RAM_used: 138 MB
temp=55.8'C
CPU%: 2.1
=== Fri 17 Jul 17:29:04 CEST 2026 ===
RAM_used: 139 MB
temp=55.3'C
CPU%: 2.0
=== Fri 17 Jul 17:29:34 CEST 2026 ===
RAM_used: 139 MB
temp=55.8'C
CPU%: 0.0
=== Fri 17 Jul 17:30:04 CEST 2026 ===
RAM_used: 140 MB
temp=55.3'C
CPU%: 2.0
=== Fri 17 Jul 17:30:34 CEST 2026 ===
RAM_used: 139 MB
temp=55.8'C
CPU%: 0.0
=== Fri 17 Jul 17:31:05 CEST 2026 ===
RAM_used: 138 MB
temp=55.8'C
CPU%: 2.0
=== Fri 17 Jul 17:31:35 CEST 2026 ===
RAM_used: 139 MB
temp=54.8'C
CPU%: 4.0
=== Fri 17 Jul 17:32:05 CEST 2026 ===
RAM_used: 139 MB
temp=54.8'C
CPU%: 2.0
=== Fri 17 Jul 17:32:36 CEST 2026 ===
RAM_used: 140 MB
temp=55.3'C
CPU%: 2.0
=== Fri 17 Jul 17:33:06 CEST 2026 ===
RAM_used: 139 MB
temp=54.8'C
CPU%: 2.0
=== Fri 17 Jul 17:33:36 CEST 2026 ===
RAM_used: 138 MB
temp=54.8'C
CPU%: 2.0
=== Fri 17 Jul 17:34:06 CEST 2026 ===
RAM_used: 138 MB
temp=54.8'C
CPU%: 2.1
=== Fri 17 Jul 17:34:37 CEST 2026 ===
RAM_used: 137 MB
temp=54.8'C
CPU%: 2.0
=== Fri 17 Jul 17:35:07 CEST 2026 ===
RAM_used: 137 MB
temp=55.3'C
CPU%: 2.0
=== Fri 17 Jul 17:35:37 CEST 2026 ===
RAM_used: 137 MB
temp=54.2'C
CPU%: 4.1
=== Fri 17 Jul 17:36:08 CEST 2026 ===
RAM_used: 137 MB
temp=54.8'C
CPU%: 1.9
=== Fri 17 Jul 17:36:38 CEST 2026 ===
RAM_used: 137 MB
temp=54.8'C
CPU%: 0.0
=== Fri 17 Jul 17:37:08 CEST 2026 ===
RAM_used: 136 MB
temp=54.8'C
CPU%: 2.0
=== Fri 17 Jul 17:37:39 CEST 2026 ===
RAM_used: 136 MB
temp=54.2'C
CPU%: 4.0
=== Fri 17 Jul 17:38:09 CEST 2026 ===
RAM_used: 138 MB
temp=54.8'C
CPU%: 2.0
=== Fri 17 Jul 17:38:39 CEST 2026 ===
RAM_used: 138 MB
temp=54.8'C
CPU%: 2.0
=== Fri 17 Jul 17:39:09 CEST 2026 ===
RAM_used: 138 MB
temp=54.2'C
CPU%: 2.0
=== Fri 17 Jul 17:39:40 CEST 2026 ===
RAM_used: 138 MB
temp=54.2'C
CPU%: 4.0
=== Fri 17 Jul 17:40:10 CEST 2026 ===
RAM_used: 138 MB
temp=54.2'C
CPU%: 4.2
=== Fri 17 Jul 17:40:40 CEST 2026 ===
RAM_used: 139 MB
temp=54.8'C
CPU%: 2.0
=== Fri 17 Jul 17:41:11 CEST 2026 ===
RAM_used: 138 MB
temp=54.8'C
CPU%: 2.0
=== Fri 17 Jul 17:41:41 CEST 2026 ===
RAM_used: 138 MB
temp=54.2'C
CPU%: 2.0
=== Fri 17 Jul 17:42:11 CEST 2026 ===
RAM_used: 138 MB
temp=54.8'C
CPU%: 2.0
=== Fri 17 Jul 17:42:42 CEST 2026 ===
RAM_used: 138 MB
temp=54.2'C
CPU%: 2.1
=== Fri 17 Jul 17:43:12 CEST 2026 ===
RAM_used: 139 MB
temp=53.7'C
CPU%: 2.0
=== Fri 17 Jul 17:43:42 CEST 2026 ===
RAM_used: 139 MB
temp=54.2'C
CPU%: 2.0
=== Fri 17 Jul 17:44:12 CEST 2026 ===
RAM_used: 138 MB
temp=53.7'C
CPU%: 2.0
=== Fri 17 Jul 17:44:43 CEST 2026 ===
RAM_used: 138 MB
temp=53.7'C
CPU%: 4.1
=== Fri 17 Jul 17:45:13 CEST 2026 ===
RAM_used: 139 MB
temp=54.2'C
CPU%: 2.0
=== Fri 17 Jul 17:45:43 CEST 2026 ===
RAM_used: 138 MB
temp=53.7'C
CPU%: 4.0
=== Fri 17 Jul 17:46:14 CEST 2026 ===
RAM_used: 138 MB
temp=54.2'C
CPU%: 3.8
=== Fri 17 Jul 17:46:44 CEST 2026 ===
RAM_used: 138 MB
temp=53.7'C
CPU%: 6.0
=== Fri 17 Jul 17:47:14 CEST 2026 ===
RAM_used: 138 MB
temp=53.7'C
CPU%: 4.0
=== Fri 17 Jul 17:47:44 CEST 2026 ===
RAM_used: 138 MB
temp=53.7'C
CPU%: 2.0
=== Fri 17 Jul 17:48:15 CEST 2026 ===
RAM_used: 139 MB
temp=53.7'C
CPU%: 2.0
=== Fri 17 Jul 17:48:45 CEST 2026 ===
RAM_used: 138 MB
temp=53.7'C
CPU%: 4.0
=== Fri 17 Jul 17:49:15 CEST 2026 ===
RAM_used: 138 MB
temp=53.7'C
CPU%: 2.0
=== Fri 17 Jul 17:49:46 CEST 2026 ===
RAM_used: 139 MB
temp=54.2'C
CPU%: 0.0
=== Fri 17 Jul 17:50:16 CEST 2026 ===
RAM_used: 139 MB
temp=53.7'C
CPU%: 2.0
=== Fri 17 Jul 17:50:46 CEST 2026 ===
RAM_used: 138 MB
temp=54.2'C
CPU%: 2.0
=== Fri 17 Jul 17:51:17 CEST 2026 ===
RAM_used: 138 MB
temp=53.7'C
CPU%: 2.1
=== Fri 17 Jul 17:51:47 CEST 2026 ===
RAM_used: 137 MB
temp=54.2'C
CPU%: 2.0
=== Fri 17 Jul 17:52:17 CEST 2026 ===
RAM_used: 137 MB
temp=53.7'C
CPU%: 2.0
=== Fri 17 Jul 17:52:47 CEST 2026 ===
RAM_used: 136 MB
temp=53.7'C
CPU%: 2.0
=== Fri 17 Jul 17:53:18 CEST 2026 ===
RAM_used: 136 MB
temp=53.7'C
CPU%: 2.0
=== Fri 17 Jul 17:53:48 CEST 2026 ===
RAM_used: 136 MB
temp=53.7'C
CPU%: 0.0
=== Fri 17 Jul 17:54:18 CEST 2026 ===
RAM_used: 137 MB
temp=53.7'C
CPU%: 2.0
=== Fri 17 Jul 17:54:49 CEST 2026 ===
RAM_used: 136 MB
temp=53.7'C
CPU%: 2.0
=== Fri 17 Jul 17:55:19 CEST 2026 ===
RAM_used: 136 MB
temp=53.7'C
CPU%: 2.0
=== Fri 17 Jul 17:55:49 CEST 2026 ===
RAM_used: 136 MB
temp=53.7'C
CPU%: 0.0
=== Fri 17 Jul 17:56:20 CEST 2026 ===
RAM_used: 136 MB
temp=53.7'C
CPU%: 2.0
=== Fri 17 Jul 17:56:50 CEST 2026 ===
RAM_used: 136 MB
temp=54.2'C
CPU%: 2.0
=== Fri 17 Jul 17:57:20 CEST 2026 ===
RAM_used: 136 MB
temp=53.7'C
CPU%: 2.0
=== Fri 17 Jul 17:57:50 CEST 2026 ===
RAM_used: 136 MB
temp=53.7'C
CPU%: 0.0
=== Fri 17 Jul 17:58:21 CEST 2026 ===
RAM_used: 137 MB
temp=53.7'C
CPU%: 2.1
=== Fri 17 Jul 17:58:51 CEST 2026 ===
RAM_used: 136 MB
temp=53.7'C
CPU%: 2.0
=== Fri 17 Jul 17:59:21 CEST 2026 ===
RAM_used: 137 MB
temp=53.7'C
CPU%: 2.0
=== Fri 17 Jul 17:59:52 CEST 2026 ===
RAM_used: 136 MB
temp=53.7'C
CPU%: 2.0
=== Fri 17 Jul 18:00:22 CEST 2026 ===
RAM_used: 136 MB
temp=53.7'C
CPU%: 0.0
=== Fri 17 Jul 18:00:52 CEST 2026 ===
RAM_used: 136 MB
temp=53.7'C
CPU%: 2.0
=== Fri 17 Jul 18:01:22 CEST 2026 ===
RAM_used: 136 MB
temp=53.7'C
CPU%: 2.0
=== Fri 17 Jul 18:01:53 CEST 2026 ===
RAM_used: 137 MB
temp=53.7'C
CPU%: 2.0
=== Fri 17 Jul 18:02:23 CEST 2026 ===
RAM_used: 136 MB
temp=53.7'C
CPU%: 0.0
=== Fri 17 Jul 18:02:53 CEST 2026 ===
RAM_used: 137 MB
temp=54.2'C
CPU%: 0.0
=== Fri 17 Jul 18:03:24 CEST 2026 ===
RAM_used: 137 MB
temp=53.7'C
CPU%: 0.0
=== Fri 17 Jul 18:03:54 CEST 2026 ===
RAM_used: 137 MB
temp=53.7'C
CPU%: 2.0
=== Fri 17 Jul 18:04:24 CEST 2026 ===
RAM_used: 138 MB
temp=53.7'C
CPU%: 2.0
=== Fri 17 Jul 18:04:55 CEST 2026 ===
RAM_used: 138 MB
temp=53.7'C
CPU%: 0.0
=== Fri 17 Jul 18:05:25 CEST 2026 ===
RAM_used: 137 MB
temp=54.2'C
CPU%: 2.0
=== Fri 17 Jul 18:05:55 CEST 2026 ===
RAM_used: 137 MB
temp=53.7'C
CPU%: 2.0
=== Fri 17 Jul 18:06:25 CEST 2026 ===
RAM_used: 138 MB
temp=53.7'C
CPU%: 2.0
=== Fri 17 Jul 18:06:56 CEST 2026 ===
RAM_used: 137 MB
temp=53.7'C
CPU%: 4.0
=== Fri 17 Jul 18:07:26 CEST 2026 ===
RAM_used: 137 MB
temp=53.7'C
CPU%: 4.0
=== Fri 17 Jul 18:07:56 CEST 2026 ===
RAM_used: 138 MB
temp=53.7'C
CPU%: 4.0
=== Fri 17 Jul 18:08:27 CEST 2026 ===
RAM_used: 137 MB
temp=53.7'C
CPU%: 2.0
=== Fri 17 Jul 18:08:57 CEST 2026 ===
RAM_used: 137 MB
temp=53.7'C
CPU%: 2.0
=== Fri 17 Jul 18:09:27 CEST 2026 ===
RAM_used: 138 MB
temp=53.7'C
CPU%: 2.0
=== Fri 17 Jul 18:09:58 CEST 2026 ===
RAM_used: 138 MB
temp=53.7'C
CPU%: 2.0
=== Fri 17 Jul 18:10:28 CEST 2026 ===
RAM_used: 138 MB
temp=53.7'C
CPU%: 0.0
=== Fri 17 Jul 18:10:58 CEST 2026 ===
RAM_used: 138 MB
temp=53.7'C
CPU%: 2.0
=== Fri 17 Jul 18:11:28 CEST 2026 ===
RAM_used: 137 MB
temp=53.7'C
CPU%: 2.0
=== Fri 17 Jul 18:11:59 CEST 2026 ===
RAM_used: 138 MB
temp=53.7'C
CPU%: 2.1
=== Fri 17 Jul 18:12:29 CEST 2026 ===
RAM_used: 137 MB
temp=53.2'C
CPU%: 4.0
=== Fri 17 Jul 18:12:59 CEST 2026 ===
RAM_used: 138 MB
temp=53.7'C
CPU%: 2.0
=== Fri 17 Jul 18:13:30 CEST 2026 ===
RAM_used: 138 MB
temp=53.7'C
CPU%: 0.0
=== Fri 17 Jul 18:14:00 CEST 2026 ===
RAM_used: 138 MB
temp=53.7'C
CPU%: 1.9
=== Fri 17 Jul 18:14:30 CEST 2026 ===
RAM_used: 138 MB
temp=53.7'C
CPU%: 2.0
=== Fri 17 Jul 18:15:00 CEST 2026 ===
RAM_used: 138 MB
temp=53.2'C
CPU%: 2.0
=== Fri 17 Jul 18:15:31 CEST 2026 ===
RAM_used: 137 MB
temp=53.7'C
CPU%: 2.0
=== Fri 17 Jul 18:16:01 CEST 2026 ===
RAM_used: 137 MB
temp=53.7'C
CPU%: 2.0
=== Fri 17 Jul 18:16:31 CEST 2026 ===
RAM_used: 138 MB
temp=53.7'C
CPU%: 2.0
=== Fri 17 Jul 18:17:02 CEST 2026 ===
RAM_used: 137 MB
temp=54.2'C
CPU%: 2.0
=== Fri 17 Jul 18:17:32 CEST 2026 ===
RAM_used: 137 MB
temp=53.2'C
CPU%: 0.0
=== Fri 17 Jul 18:18:02 CEST 2026 ===
RAM_used: 138 MB
temp=53.7'C
CPU%: 2.0
=== Fri 17 Jul 18:18:33 CEST 2026 ===
RAM_used: 138 MB
temp=53.7'C
CPU%: 0.0
=== Fri 17 Jul 18:19:03 CEST 2026 ===
RAM_used: 138 MB
temp=53.7'C
CPU%: 2.0
=== Fri 17 Jul 18:19:33 CEST 2026 ===
RAM_used: 137 MB
temp=53.7'C
CPU%: 2.0
=== Fri 17 Jul 18:20:03 CEST 2026 ===
RAM_used: 137 MB
temp=53.7'C
CPU%: 2.0
=== Fri 17 Jul 18:20:34 CEST 2026 ===
RAM_used: 138 MB
temp=53.7'C
CPU%: 2.0
=== Fri 17 Jul 18:21:04 CEST 2026 ===
RAM_used: 137 MB
temp=53.7'C
CPU%: 2.0
=== Fri 17 Jul 18:21:34 CEST 2026 ===
RAM_used: 137 MB
temp=53.7'C
CPU%: 0.0
=== Fri 17 Jul 18:22:05 CEST 2026 ===
RAM_used: 137 MB
temp=53.7'C
CPU%: 0.0
=== Fri 17 Jul 18:22:35 CEST 2026 ===
RAM_used: 136 MB
temp=53.7'C
CPU%: 2.0
=== Fri 17 Jul 18:23:05 CEST 2026 ===
RAM_used: 137 MB
temp=53.7'C
CPU%: 2.0
=== Fri 17 Jul 18:23:36 CEST 2026 ===
RAM_used: 136 MB
temp=53.7'C
CPU%: 4.1
=== Fri 17 Jul 18:24:06 CEST 2026 ===
RAM_used: 136 MB
temp=53.7'C
CPU%: 2.0
=== Fri 17 Jul 18:24:36 CEST 2026 ===
RAM_used: 137 MB
temp=53.7'C
CPU%: 0.0
=== Fri 17 Jul 18:25:06 CEST 2026 ===
RAM_used: 137 MB
temp=53.7'C
CPU%: 0.0
=== Fri 17 Jul 18:25:37 CEST 2026 ===
RAM_used: 136 MB
temp=53.7'C
CPU%: 2.0
=== Fri 17 Jul 18:26:07 CEST 2026 ===
RAM_used: 135 MB
temp=53.7'C
CPU%: 2.0
=== Fri 17 Jul 18:26:37 CEST 2026 ===
RAM_used: 136 MB
temp=54.2'C
CPU%: 2.0
=== Fri 17 Jul 18:27:08 CEST 2026 ===
RAM_used: 137 MB
temp=53.7'C
CPU%: 2.0
=== Fri 17 Jul 18:27:38 CEST 2026 ===
RAM_used: 136 MB
temp=53.7'C
CPU%: 2.0
=== Fri 17 Jul 18:28:08 CEST 2026 ===
RAM_used: 137 MB
temp=53.7'C
CPU%: 4.2
=== Fri 17 Jul 18:28:38 CEST 2026 ===
RAM_used: 137 MB
temp=53.7'C
CPU%: 2.0
=== Fri 17 Jul 18:29:09 CEST 2026 ===
RAM_used: 136 MB
temp=53.7'C
CPU%: 2.0
=== Fri 17 Jul 18:29:39 CEST 2026 ===
RAM_used: 136 MB
temp=53.7'C
CPU%: 3.9
=== Fri 17 Jul 18:30:09 CEST 2026 ===
RAM_used: 137 MB
temp=53.7'C
CPU%: 2.1
=== Fri 17 Jul 18:30:40 CEST 2026 ===
RAM_used: 138 MB
temp=53.7'C
CPU%: 2.0
=== Fri 17 Jul 18:31:10 CEST 2026 ===
RAM_used: 138 MB
temp=53.7'C
CPU%: 4.0
=== Fri 17 Jul 18:31:40 CEST 2026 ===
RAM_used: 138 MB
temp=53.7'C
CPU%: 2.0
=== Fri 17 Jul 18:32:11 CEST 2026 ===
RAM_used: 138 MB
temp=53.7'C
CPU%: 2.0
=== Fri 17 Jul 18:32:41 CEST 2026 ===
RAM_used: 137 MB
temp=53.7'C
CPU%: 4.0
=== Fri 17 Jul 18:33:11 CEST 2026 ===
RAM_used: 137 MB
temp=53.7'C
CPU%: 2.0
=== Fri 17 Jul 18:33:41 CEST 2026 ===
RAM_used: 136 MB
temp=53.7'C
CPU%: 4.0
=== Fri 17 Jul 18:34:12 CEST 2026 ===
RAM_used: 136 MB
temp=53.7'C
CPU%: 2.0
=== Fri 17 Jul 18:34:42 CEST 2026 ===
RAM_used: 137 MB
temp=53.2'C
CPU%: 4.0
=== Fri 17 Jul 18:35:12 CEST 2026 ===
RAM_used: 137 MB
temp=53.2'C
CPU%: 4.0
=== Fri 17 Jul 18:35:43 CEST 2026 ===
RAM_used: 138 MB
temp=53.7'C
CPU%: 2.0
=== Fri 17 Jul 18:36:13 CEST 2026 ===
RAM_used: 138 MB
temp=53.7'C
CPU%: 2.0
=== Fri 17 Jul 18:36:43 CEST 2026 ===
RAM_used: 138 MB
temp=53.7'C
CPU%: 0.0
=== Fri 17 Jul 18:37:14 CEST 2026 ===
RAM_used: 137 MB
temp=53.7'C
CPU%: 2.1
=== Fri 17 Jul 18:37:44 CEST 2026 ===
RAM_used: 138 MB
temp=53.7'C
CPU%: 2.0
=== Fri 17 Jul 18:38:14 CEST 2026 ===
RAM_used: 139 MB
temp=53.7'C
CPU%: 2.0
=== Fri 17 Jul 18:38:44 CEST 2026 ===
RAM_used: 138 MB
temp=53.7'C
CPU%: 4.0
=== Fri 17 Jul 18:39:15 CEST 2026 ===
RAM_used: 136 MB
temp=53.7'C
CPU%: 2.0
=== Fri 17 Jul 18:39:45 CEST 2026 ===
RAM_used: 136 MB
temp=53.7'C
CPU%: 2.0
=== Fri 17 Jul 18:40:15 CEST 2026 ===
RAM_used: 137 MB
temp=53.7'C
CPU%: 0.0
=== Fri 17 Jul 18:40:46 CEST 2026 ===
RAM_used: 137 MB
temp=53.7'C
CPU%: 0.0
=== Fri 17 Jul 18:41:16 CEST 2026 ===
RAM_used: 137 MB
temp=53.7'C
CPU%: 2.0
=== Fri 17 Jul 18:41:46 CEST 2026 ===
RAM_used: 138 MB
temp=53.7'C
CPU%: 2.0
=== Fri 17 Jul 18:42:16 CEST 2026 ===
RAM_used: 138 MB
temp=53.7'C
CPU%: 2.0
=== Fri 17 Jul 18:42:47 CEST 2026 ===
RAM_used: 137 MB
temp=53.7'C
CPU%: 2.0
=== Fri 17 Jul 18:43:17 CEST 2026 ===
RAM_used: 137 MB
temp=53.7'C
CPU%: 2.0
=== Fri 17 Jul 18:43:47 CEST 2026 ===
RAM_used: 137 MB
temp=54.2'C
CPU%: 4.1
=== Fri 17 Jul 18:44:18 CEST 2026 ===
RAM_used: 137 MB
temp=55.8'C
CPU%: 0.0
=== Fri 17 Jul 18:44:48 CEST 2026 ===
RAM_used: 137 MB
temp=54.8'C
CPU%: 2.0
=== Fri 17 Jul 18:45:18 CEST 2026 ===
RAM_used: 137 MB
temp=53.7'C
CPU%: 2.0
=== Fri 17 Jul 18:45:49 CEST 2026 ===
RAM_used: 140 MB
temp=54.2'C
CPU%: 2.0
=== Fri 17 Jul 18:46:19 CEST 2026 ===
RAM_used: 141 MB
temp=53.7'C
CPU%: 0.0
=== Fri 17 Jul 18:46:49 CEST 2026 ===
RAM_used: 142 MB
temp=54.2'C
CPU%: 2.0
=== Fri 17 Jul 18:47:19 CEST 2026 ===
RAM_used: 142 MB
temp=54.2'C
CPU%: 2.0
=== Fri 17 Jul 18:47:50 CEST 2026 ===
RAM_used: 142 MB
temp=53.7'C
CPU%: 2.0
=== Fri 17 Jul 18:48:20 CEST 2026 ===
RAM_used: 142 MB
temp=53.7'C
CPU%: 2.0
=== Fri 17 Jul 18:48:50 CEST 2026 ===
RAM_used: 142 MB
temp=53.7'C
CPU%: 2.0
